/home/mocaplab/.local/lib/python3.10/site-packages/setuptools/command/develop.py:40: EasyInstallDeprecationWarning: easy_install command is deprecated.
!!

        ********************************************************************************
        Please avoid running ``setup.py`` and ``easy_install``.
        Instead, use pypa/build, pypa/installer or other
        standards-based tools.

        See https://github.com/pypa/setuptools/issues/917 for details.
        ********************************************************************************

!!
  easy_install.initialize_options(self)
running develop
/home/mocaplab/.local/lib/python3.10/site-packages/setuptools/_distutils/cmd.py:66: SetuptoolsDeprecationWarning: setup.py install is deprecated.
!!

        ********************************************************************************
        Please avoid running ``setup.py`` directly.
        Instead, use pypa/build, pypa/installer or other
        standards-based tools.

        See https://blog.ganssle.io/articles/2021/10/setup-py-deprecated.html for details.
        ********************************************************************************

!!
  self.initialize_options()
Removing /home/mocaplab/ros2_ws/install/crazyflie_py/lib/python3.10/site-packages/crazyflie-py.egg-link (link to .)
running egg_info
writing ../../../build/crazyflie_py/crazyflie_py.egg-info/PKG-INFO
writing dependency_links to ../../../build/crazyflie_py/crazyflie_py.egg-info/dependency_links.txt
writing requirements to ../../../build/crazyflie_py/crazyflie_py.egg-info/requires.txt
writing top-level names to ../../../build/crazyflie_py/crazyflie_py.egg-info/top_level.txt
reading manifest file '../../../build/crazyflie_py/crazyflie_py.egg-info/SOURCES.txt'
writing manifest file '../../../build/crazyflie_py/crazyflie_py.egg-info/SOURCES.txt'
running build
running build_py
creating /home/mocaplab/ros2_ws/build/crazyflie_py/build
creating /home/mocaplab/ros2_ws/build/crazyflie_py/build/lib
creating /home/mocaplab/ros2_ws/build/crazyflie_py/build/lib/crazyflie_py
copying crazyflie_py/genericJoystick.py -> /home/mocaplab/ros2_ws/build/crazyflie_py/build/lib/crazyflie_py
copying crazyflie_py/linuxjsdev.py -> /home/mocaplab/ros2_ws/build/crazyflie_py/build/lib/crazyflie_py
copying crazyflie_py/util.py -> /home/mocaplab/ros2_ws/build/crazyflie_py/build/lib/crazyflie_py
copying crazyflie_py/crazyflie.py -> /home/mocaplab/ros2_ws/build/crazyflie_py/build/lib/crazyflie_py
copying crazyflie_py/joystick.py -> /home/mocaplab/ros2_ws/build/crazyflie_py/build/lib/crazyflie_py
copying crazyflie_py/keyboard.py -> /home/mocaplab/ros2_ws/build/crazyflie_py/build/lib/crazyflie_py
copying crazyflie_py/crazyswarm_py.py -> /home/mocaplab/ros2_ws/build/crazyflie_py/build/lib/crazyflie_py
copying crazyflie_py/uav_trajectory.py -> /home/mocaplab/ros2_ws/build/crazyflie_py/build/lib/crazyflie_py
copying crazyflie_py/__init__.py -> /home/mocaplab/ros2_ws/build/crazyflie_py/build/lib/crazyflie_py
running install
/home/mocaplab/.local/lib/python3.10/site-packages/setuptools/_distutils/cmd.py:66: SetuptoolsDeprecationWarning: setup.py install is deprecated.
!!

        ********************************************************************************
        Please avoid running ``setup.py`` directly.
        Instead, use pypa/build, pypa/installer or other
        standards-based tools.

        See https://blog.ganssle.io/articles/2021/10/setup-py-deprecated.html for details.
        ********************************************************************************

!!
  self.initialize_options()
running install_lib
creating /home/mocaplab/ros2_ws/install/crazyflie_py/lib/python3.10/site-packages/crazyflie_py
copying /home/mocaplab/ros2_ws/build/crazyflie_py/build/lib/crazyflie_py/genericJoystick.py -> /home/mocaplab/ros2_ws/install/crazyflie_py/lib/python3.10/site-packages/crazyflie_py
copying /home/mocaplab/ros2_ws/build/crazyflie_py/build/lib/crazyflie_py/linuxjsdev.py -> /home/mocaplab/ros2_ws/install/crazyflie_py/lib/python3.10/site-packages/crazyflie_py
copying /home/mocaplab/ros2_ws/build/crazyflie_py/build/lib/crazyflie_py/util.py -> /home/mocaplab/ros2_ws/install/crazyflie_py/lib/python3.10/site-packages/crazyflie_py
copying /home/mocaplab/ros2_ws/build/crazyflie_py/build/lib/crazyflie_py/crazyflie.py -> /home/mocaplab/ros2_ws/install/crazyflie_py/lib/python3.10/site-packages/crazyflie_py
copying /home/mocaplab/ros2_ws/build/crazyflie_py/build/lib/crazyflie_py/joystick.py -> /home/mocaplab/ros2_ws/install/crazyflie_py/lib/python3.10/site-packages/crazyflie_py
copying /home/mocaplab/ros2_ws/build/crazyflie_py/build/lib/crazyflie_py/keyboard.py -> /home/mocaplab/ros2_ws/install/crazyflie_py/lib/python3.10/site-packages/crazyflie_py
copying /home/mocaplab/ros2_ws/build/crazyflie_py/build/lib/crazyflie_py/crazyswarm_py.py -> /home/mocaplab/ros2_ws/install/crazyflie_py/lib/python3.10/site-packages/crazyflie_py
copying /home/mocaplab/ros2_ws/build/crazyflie_py/build/lib/crazyflie_py/uav_trajectory.py -> /home/mocaplab/ros2_ws/install/crazyflie_py/lib/python3.10/site-packages/crazyflie_py
copying /home/mocaplab/ros2_ws/build/crazyflie_py/build/lib/crazyflie_py/__init__.py -> /home/mocaplab/ros2_ws/install/crazyflie_py/lib/python3.10/site-packages/crazyflie_py
byte-compiling /home/mocaplab/ros2_ws/install/crazyflie_py/lib/python3.10/site-packages/crazyflie_py/genericJoystick.py to genericJoystick.cpython-310.pyc
byte-compiling /home/mocaplab/ros2_ws/install/crazyflie_py/lib/python3.10/site-packages/crazyflie_py/linuxjsdev.py to linuxjsdev.cpython-310.pyc
byte-compiling /home/mocaplab/ros2_ws/install/crazyflie_py/lib/python3.10/site-packages/crazyflie_py/util.py to util.cpython-310.pyc
byte-compiling /home/mocaplab/ros2_ws/install/crazyflie_py/lib/python3.10/site-packages/crazyflie_py/crazyflie.py to crazyflie.cpython-310.pyc
byte-compiling /home/mocaplab/ros2_ws/install/crazyflie_py/lib/python3.10/site-packages/crazyflie_py/joystick.py to joystick.cpython-310.pyc
byte-compiling /home/mocaplab/ros2_ws/install/crazyflie_py/lib/python3.10/site-packages/crazyflie_py/keyboard.py to keyboard.cpython-310.pyc
byte-compiling /home/mocaplab/ros2_ws/install/crazyflie_py/lib/python3.10/site-packages/crazyflie_py/crazyswarm_py.py to crazyswarm_py.cpython-310.pyc
byte-compiling /home/mocaplab/ros2_ws/install/crazyflie_py/lib/python3.10/site-packages/crazyflie_py/uav_trajectory.py to uav_trajectory.cpython-310.pyc
byte-compiling /home/mocaplab/ros2_ws/install/crazyflie_py/lib/python3.10/site-packages/crazyflie_py/__init__.py to __init__.cpython-310.pyc
running install_data
running install_egg_info
Copying ../../../build/crazyflie_py/crazyflie_py.egg-info to /home/mocaplab/ros2_ws/install/crazyflie_py/lib/python3.10/site-packages/crazyflie_py-2.0.0-py3.10.egg-info
running install_scripts
writing list of installed files to '/home/mocaplab/ros2_ws/build/crazyflie_py/install.log'
