[0.544s] Invoking command in '/home/mocaplab/ros2_ws/build/crazyflie_py': CMAKE_PREFIX_PATH=/home/mocaplab/ros2_ws/install/crazyflie_interfaces:/home/mocaplab/ros2_ws/install/motion_capture_tracking:/home/mocaplab/ros2_ws/install/crazyflie:/home/mocaplab/ros2_ws/install/motion_capture_tracking_interfaces:/home/mocaplab/ros2_ws/install/crazyflie_sim:/home/mocaplab/ros2_ws/install/crazyflie_examples CONDA_PROMPT_MODIFIER=(base) LD_LIBRARY_PATH=/home/mocaplab/ros2_ws/install/crazyflie_interfaces/lib:/home/mocaplab/ros2_ws/install/motion_capture_tracking_interfaces/lib:/opt/ros/humble/opt/rviz_ogre_vendor/lib:/opt/ros/humble/lib/x86_64-linux-gnu:/opt/ros/humble/lib PYTHONPATH=/home/mocaplab/ros2_ws/build/crazyflie_py/prefix_override:/home/mocaplab/ros2_ws/install/crazyflie_py/lib/python3.10/site-packages:${PYTHONPATH} /usr/bin/python3 setup.py develop --uninstall --editable --build-directory /home/mocaplab/ros2_ws/build/crazyflie_py/build
[0.753s] /home/mocaplab/.local/lib/python3.10/site-packages/setuptools/command/develop.py:40: EasyInstallDeprecationWarning: easy_install command is deprecated.
[0.754s] !!
[0.754s] 
[0.754s]         ********************************************************************************
[0.754s]         Please avoid running ``setup.py`` and ``easy_install``.
[0.754s]         Instead, use pypa/build, pypa/installer or other
[0.754s]         standards-based tools.
[0.754s] 
[0.755s]         See https://github.com/pypa/setuptools/issues/917 for details.
[0.756s]         ********************************************************************************
[0.756s] 
[0.756s] !!
[0.756s]   easy_install.initialize_options(self)
[0.756s] running develop
[0.775s] /home/mocaplab/.local/lib/python3.10/site-packages/setuptools/_distutils/cmd.py:66: SetuptoolsDeprecationWarning: setup.py install is deprecated.
[0.775s] !!
[0.775s] 
[0.775s]         ********************************************************************************
[0.775s]         Please avoid running ``setup.py`` directly.
[0.775s]         Instead, use pypa/build, pypa/installer or other
[0.776s]         standards-based tools.
[0.776s] 
[0.776s]         See https://blog.ganssle.io/articles/2021/10/setup-py-deprecated.html for details.
[0.776s]         ********************************************************************************
[0.776s] 
[0.776s] !!
[0.776s]   self.initialize_options()
[0.893s] Removing /home/mocaplab/ros2_ws/install/crazyflie_py/lib/python3.10/site-packages/crazyflie-py.egg-link (link to .)
[0.914s] Invoked command in '/home/mocaplab/ros2_ws/build/crazyflie_py' returned '0': CMAKE_PREFIX_PATH=/home/mocaplab/ros2_ws/install/crazyflie_interfaces:/home/mocaplab/ros2_ws/install/motion_capture_tracking:/home/mocaplab/ros2_ws/install/crazyflie:/home/mocaplab/ros2_ws/install/motion_capture_tracking_interfaces:/home/mocaplab/ros2_ws/install/crazyflie_sim:/home/mocaplab/ros2_ws/install/crazyflie_examples CONDA_PROMPT_MODIFIER=(base) LD_LIBRARY_PATH=/home/mocaplab/ros2_ws/install/crazyflie_interfaces/lib:/home/mocaplab/ros2_ws/install/motion_capture_tracking_interfaces/lib:/opt/ros/humble/opt/rviz_ogre_vendor/lib:/opt/ros/humble/lib/x86_64-linux-gnu:/opt/ros/humble/lib PYTHONPATH=/home/mocaplab/ros2_ws/build/crazyflie_py/prefix_override:/home/mocaplab/ros2_ws/install/crazyflie_py/lib/python3.10/site-packages:${PYTHONPATH} /usr/bin/python3 setup.py develop --uninstall --editable --build-directory /home/mocaplab/ros2_ws/build/crazyflie_py/build
[0.915s] Invoking command in '/home/mocaplab/ros2_ws/src/crazyswarm2/crazyflie_py': CMAKE_PREFIX_PATH=/home/mocaplab/ros2_ws/install/crazyflie_interfaces:/home/mocaplab/ros2_ws/install/motion_capture_tracking:/home/mocaplab/ros2_ws/install/crazyflie:/home/mocaplab/ros2_ws/install/motion_capture_tracking_interfaces:/home/mocaplab/ros2_ws/install/crazyflie_sim:/home/mocaplab/ros2_ws/install/crazyflie_examples CONDA_PROMPT_MODIFIER=(base) LD_LIBRARY_PATH=/home/mocaplab/ros2_ws/install/crazyflie_interfaces/lib:/home/mocaplab/ros2_ws/install/motion_capture_tracking_interfaces/lib:/opt/ros/humble/opt/rviz_ogre_vendor/lib:/opt/ros/humble/lib/x86_64-linux-gnu:/opt/ros/humble/lib PYTHONPATH=/home/mocaplab/ros2_ws/build/crazyflie_py/prefix_override:/home/mocaplab/ros2_ws/install/crazyflie_py/lib/python3.10/site-packages:${PYTHONPATH} /usr/bin/python3 setup.py egg_info --egg-base ../../../build/crazyflie_py build --build-base /home/mocaplab/ros2_ws/build/crazyflie_py/build install --record /home/mocaplab/ros2_ws/build/crazyflie_py/install.log --single-version-externally-managed
[1.068s] running egg_info
[1.082s] writing ../../../build/crazyflie_py/crazyflie_py.egg-info/PKG-INFO
[1.082s] writing dependency_links to ../../../build/crazyflie_py/crazyflie_py.egg-info/dependency_links.txt
[1.082s] writing requirements to ../../../build/crazyflie_py/crazyflie_py.egg-info/requires.txt
[1.082s] writing top-level names to ../../../build/crazyflie_py/crazyflie_py.egg-info/top_level.txt
[1.169s] reading manifest file '../../../build/crazyflie_py/crazyflie_py.egg-info/SOURCES.txt'
[1.170s] writing manifest file '../../../build/crazyflie_py/crazyflie_py.egg-info/SOURCES.txt'
[1.170s] running build
[1.170s] running build_py
[1.170s] creating /home/mocaplab/ros2_ws/build/crazyflie_py/build
[1.170s] creating /home/mocaplab/ros2_ws/build/crazyflie_py/build/lib
[1.171s] creating /home/mocaplab/ros2_ws/build/crazyflie_py/build/lib/crazyflie_py
[1.171s] copying crazyflie_py/genericJoystick.py -> /home/mocaplab/ros2_ws/build/crazyflie_py/build/lib/crazyflie_py
[1.171s] copying crazyflie_py/linuxjsdev.py -> /home/mocaplab/ros2_ws/build/crazyflie_py/build/lib/crazyflie_py
[1.171s] copying crazyflie_py/util.py -> /home/mocaplab/ros2_ws/build/crazyflie_py/build/lib/crazyflie_py
[1.171s] copying crazyflie_py/crazyflie.py -> /home/mocaplab/ros2_ws/build/crazyflie_py/build/lib/crazyflie_py
[1.171s] copying crazyflie_py/joystick.py -> /home/mocaplab/ros2_ws/build/crazyflie_py/build/lib/crazyflie_py
[1.172s] copying crazyflie_py/keyboard.py -> /home/mocaplab/ros2_ws/build/crazyflie_py/build/lib/crazyflie_py
[1.172s] copying crazyflie_py/crazyswarm_py.py -> /home/mocaplab/ros2_ws/build/crazyflie_py/build/lib/crazyflie_py
[1.172s] copying crazyflie_py/uav_trajectory.py -> /home/mocaplab/ros2_ws/build/crazyflie_py/build/lib/crazyflie_py
[1.172s] copying crazyflie_py/__init__.py -> /home/mocaplab/ros2_ws/build/crazyflie_py/build/lib/crazyflie_py
[1.173s] running install
[1.173s] /home/mocaplab/.local/lib/python3.10/site-packages/setuptools/_distutils/cmd.py:66: SetuptoolsDeprecationWarning: setup.py install is deprecated.
[1.173s] !!
[1.173s] 
[1.173s]         ********************************************************************************
[1.173s]         Please avoid running ``setup.py`` directly.
[1.173s]         Instead, use pypa/build, pypa/installer or other
[1.173s]         standards-based tools.
[1.173s] 
[1.173s]         See https://blog.ganssle.io/articles/2021/10/setup-py-deprecated.html for details.
[1.173s]         ********************************************************************************
[1.173s] 
[1.173s] !!
[1.173s]   self.initialize_options()
[1.179s] running install_lib
[1.189s] creating /home/mocaplab/ros2_ws/install/crazyflie_py/lib/python3.10/site-packages/crazyflie_py
[1.189s] copying /home/mocaplab/ros2_ws/build/crazyflie_py/build/lib/crazyflie_py/genericJoystick.py -> /home/mocaplab/ros2_ws/install/crazyflie_py/lib/python3.10/site-packages/crazyflie_py
[1.189s] copying /home/mocaplab/ros2_ws/build/crazyflie_py/build/lib/crazyflie_py/linuxjsdev.py -> /home/mocaplab/ros2_ws/install/crazyflie_py/lib/python3.10/site-packages/crazyflie_py
[1.189s] copying /home/mocaplab/ros2_ws/build/crazyflie_py/build/lib/crazyflie_py/util.py -> /home/mocaplab/ros2_ws/install/crazyflie_py/lib/python3.10/site-packages/crazyflie_py
[1.189s] copying /home/mocaplab/ros2_ws/build/crazyflie_py/build/lib/crazyflie_py/crazyflie.py -> /home/mocaplab/ros2_ws/install/crazyflie_py/lib/python3.10/site-packages/crazyflie_py
[1.189s] copying /home/mocaplab/ros2_ws/build/crazyflie_py/build/lib/crazyflie_py/joystick.py -> /home/mocaplab/ros2_ws/install/crazyflie_py/lib/python3.10/site-packages/crazyflie_py
[1.189s] copying /home/mocaplab/ros2_ws/build/crazyflie_py/build/lib/crazyflie_py/keyboard.py -> /home/mocaplab/ros2_ws/install/crazyflie_py/lib/python3.10/site-packages/crazyflie_py
[1.189s] copying /home/mocaplab/ros2_ws/build/crazyflie_py/build/lib/crazyflie_py/crazyswarm_py.py -> /home/mocaplab/ros2_ws/install/crazyflie_py/lib/python3.10/site-packages/crazyflie_py
[1.189s] copying /home/mocaplab/ros2_ws/build/crazyflie_py/build/lib/crazyflie_py/uav_trajectory.py -> /home/mocaplab/ros2_ws/install/crazyflie_py/lib/python3.10/site-packages/crazyflie_py
[1.189s] copying /home/mocaplab/ros2_ws/build/crazyflie_py/build/lib/crazyflie_py/__init__.py -> /home/mocaplab/ros2_ws/install/crazyflie_py/lib/python3.10/site-packages/crazyflie_py
[1.189s] byte-compiling /home/mocaplab/ros2_ws/install/crazyflie_py/lib/python3.10/site-packages/crazyflie_py/genericJoystick.py to genericJoystick.cpython-310.pyc
[1.190s] byte-compiling /home/mocaplab/ros2_ws/install/crazyflie_py/lib/python3.10/site-packages/crazyflie_py/linuxjsdev.py to linuxjsdev.cpython-310.pyc
[1.191s] byte-compiling /home/mocaplab/ros2_ws/install/crazyflie_py/lib/python3.10/site-packages/crazyflie_py/util.py to util.cpython-310.pyc
[1.191s] byte-compiling /home/mocaplab/ros2_ws/install/crazyflie_py/lib/python3.10/site-packages/crazyflie_py/crazyflie.py to crazyflie.cpython-310.pyc
[1.193s] byte-compiling /home/mocaplab/ros2_ws/install/crazyflie_py/lib/python3.10/site-packages/crazyflie_py/joystick.py to joystick.cpython-310.pyc
[1.193s] byte-compiling /home/mocaplab/ros2_ws/install/crazyflie_py/lib/python3.10/site-packages/crazyflie_py/keyboard.py to keyboard.cpython-310.pyc
[1.193s] byte-compiling /home/mocaplab/ros2_ws/install/crazyflie_py/lib/python3.10/site-packages/crazyflie_py/crazyswarm_py.py to crazyswarm_py.cpython-310.pyc
[1.193s] byte-compiling /home/mocaplab/ros2_ws/install/crazyflie_py/lib/python3.10/site-packages/crazyflie_py/uav_trajectory.py to uav_trajectory.cpython-310.pyc
[1.194s] byte-compiling /home/mocaplab/ros2_ws/install/crazyflie_py/lib/python3.10/site-packages/crazyflie_py/__init__.py to __init__.cpython-310.pyc
[1.194s] running install_data
[1.204s] running install_egg_info
[1.214s] Copying ../../../build/crazyflie_py/crazyflie_py.egg-info to /home/mocaplab/ros2_ws/install/crazyflie_py/lib/python3.10/site-packages/crazyflie_py-2.0.0-py3.10.egg-info
[1.214s] running install_scripts
[1.254s] writing list of installed files to '/home/mocaplab/ros2_ws/build/crazyflie_py/install.log'
[1.279s] Invoked command in '/home/mocaplab/ros2_ws/src/crazyswarm2/crazyflie_py' returned '0': CMAKE_PREFIX_PATH=/home/mocaplab/ros2_ws/install/crazyflie_interfaces:/home/mocaplab/ros2_ws/install/motion_capture_tracking:/home/mocaplab/ros2_ws/install/crazyflie:/home/mocaplab/ros2_ws/install/motion_capture_tracking_interfaces:/home/mocaplab/ros2_ws/install/crazyflie_sim:/home/mocaplab/ros2_ws/install/crazyflie_examples CONDA_PROMPT_MODIFIER=(base) LD_LIBRARY_PATH=/home/mocaplab/ros2_ws/install/crazyflie_interfaces/lib:/home/mocaplab/ros2_ws/install/motion_capture_tracking_interfaces/lib:/opt/ros/humble/opt/rviz_ogre_vendor/lib:/opt/ros/humble/lib/x86_64-linux-gnu:/opt/ros/humble/lib PYTHONPATH=/home/mocaplab/ros2_ws/build/crazyflie_py/prefix_override:/home/mocaplab/ros2_ws/install/crazyflie_py/lib/python3.10/site-packages:${PYTHONPATH} /usr/bin/python3 setup.py egg_info --egg-base ../../../build/crazyflie_py build --build-base /home/mocaplab/ros2_ws/build/crazyflie_py/build install --record /home/mocaplab/ros2_ws/build/crazyflie_py/install.log --single-version-externally-managed
