[0.006s] Invoking command in '/home/mocaplab/ros2_ws/build/crazyflie_examples': AMENT_PREFIX_PATH=/home/mocaplab/ros2_ws/install/crazyflie_py:/home/mocaplab/ros2_ws/install/crazyflie_interfaces:${AMENT_PREFIX_PATH} CMAKE_PREFIX_PATH=/home/mocaplab/ros2_ws/install/crazyflie_interfaces:/opt/ros/humble LD_LIBRARY_PATH=/home/mocaplab/ros2_ws/install/crazyflie_interfaces/lib:${LD_LIBRARY_PATH} PYTHONPATH=/home/mocaplab/ros2_ws/build/crazyflie_py:/home/mocaplab/ros2_ws/install/crazyflie_py/lib/python3.10/site-packages:/home/mocaplab/ros2_ws/install/crazyflie_interfaces/local/lib/python3.10/dist-packages:${PYTHONPATH} /usr/bin/cmake /home/mocaplab/ros2_ws/src/crazyswarm2/crazyflie_examples -DAMENT_CMAKE_SYMLINK_INSTALL=1 -DCMAKE_INSTALL_PREFIX=/home/mocaplab/ros2_ws/install/crazyflie_examples
[0.040s] -- The C compiler identification is GNU 11.4.0
[0.076s] -- The CXX compiler identification is GNU 11.4.0
[0.082s] -- Detecting C compiler ABI info
[0.126s] -- Detecting C compiler ABI info - done
[0.134s] -- Check for working C compiler: /usr/bin/cc - skipped
[0.134s] -- Detecting C compile features
[0.135s] -- Detecting C compile features - done
[0.138s] -- Detecting CXX compiler ABI info
[0.190s] -- Detecting CXX compiler ABI info - done
[0.196s] -- Check for working CXX compiler: /usr/bin/c++ - skipped
[0.196s] -- Detecting CXX compile features
[0.196s] -- Detecting CXX compile features - done
[0.197s] -- Found ament_cmake: 1.3.5 (/opt/ros/humble/share/ament_cmake/cmake)
[0.480s] -- Found Python3: /usr/bin/python3.10 (found version "3.10.12") found components: Interpreter 
[0.523s] -- Override CMake install command with custom implementation using symlinks instead of copying resources
[0.670s] -- Configuring done
[0.673s] -- Generating done
[0.675s] -- Build files have been written to: /home/mocaplab/ros2_ws/build/crazyflie_examples
[0.680s] Invoked command in '/home/mocaplab/ros2_ws/build/crazyflie_examples' returned '0': AMENT_PREFIX_PATH=/home/mocaplab/ros2_ws/install/crazyflie_py:/home/mocaplab/ros2_ws/install/crazyflie_interfaces:${AMENT_PREFIX_PATH} CMAKE_PREFIX_PATH=/home/mocaplab/ros2_ws/install/crazyflie_interfaces:/opt/ros/humble LD_LIBRARY_PATH=/home/mocaplab/ros2_ws/install/crazyflie_interfaces/lib:${LD_LIBRARY_PATH} PYTHONPATH=/home/mocaplab/ros2_ws/build/crazyflie_py:/home/mocaplab/ros2_ws/install/crazyflie_py/lib/python3.10/site-packages:/home/mocaplab/ros2_ws/install/crazyflie_interfaces/local/lib/python3.10/dist-packages:${PYTHONPATH} /usr/bin/cmake /home/mocaplab/ros2_ws/src/crazyswarm2/crazyflie_examples -DAMENT_CMAKE_SYMLINK_INSTALL=1 -DCMAKE_INSTALL_PREFIX=/home/mocaplab/ros2_ws/install/crazyflie_examples
[0.682s] Invoking command in '/home/mocaplab/ros2_ws/build/crazyflie_examples': AMENT_PREFIX_PATH=/home/mocaplab/ros2_ws/install/crazyflie_py:/home/mocaplab/ros2_ws/install/crazyflie_interfaces:${AMENT_PREFIX_PATH} CMAKE_PREFIX_PATH=/home/mocaplab/ros2_ws/install/crazyflie_interfaces:/opt/ros/humble LD_LIBRARY_PATH=/home/mocaplab/ros2_ws/install/crazyflie_interfaces/lib:${LD_LIBRARY_PATH} PYTHONPATH=/home/mocaplab/ros2_ws/build/crazyflie_py:/home/mocaplab/ros2_ws/install/crazyflie_py/lib/python3.10/site-packages:/home/mocaplab/ros2_ws/install/crazyflie_interfaces/local/lib/python3.10/dist-packages:${PYTHONPATH} /usr/bin/cmake --build /home/mocaplab/ros2_ws/build/crazyflie_examples -- -j16 -l16
[0.734s] Built target ament_cmake_python_symlink_crazyflie_examples
[0.734s] Built target ament_cmake_python_symlink_crazyflie_examples_setup
[0.983s] running install_scripts
[0.987s] running egg_info
[0.988s] creating crazyflie_examples.egg-info
[1.008s] writing crazyflie_examples.egg-info/PKG-INFO
[1.008s] writing dependency_links to crazyflie_examples.egg-info/dependency_links.txt
[1.009s] writing entry points to crazyflie_examples.egg-info/entry_points.txt
[1.009s] writing top-level names to crazyflie_examples.egg-info/top_level.txt
[1.024s] /home/mocaplab/.local/lib/python3.10/site-packages/setuptools/_distutils/cmd.py:66: SetuptoolsDeprecationWarning: setup.py install is deprecated.
[1.024s] !!
[1.024s] 
[1.024s]         ********************************************************************************
[1.024s]         Please avoid running ``setup.py`` directly.
[1.024s]         Instead, use pypa/build, pypa/installer or other
[1.024s]         standards-based tools.
[1.024s] 
[1.025s]         See https://blog.ganssle.io/articles/2021/10/setup-py-deprecated.html for details.
[1.025s]         ********************************************************************************
[1.025s] 
[1.025s] !!
[1.025s]   self.initialize_options()
[1.032s] running egg_info
[1.074s] writing crazyflie_examples.egg-info/PKG-INFO
[1.074s] writing dependency_links to crazyflie_examples.egg-info/dependency_links.txt
[1.074s] writing entry points to crazyflie_examples.egg-info/entry_points.txt
[1.075s] writing top-level names to crazyflie_examples.egg-info/top_level.txt
[1.133s] writing manifest file 'crazyflie_examples.egg-info/SOURCES.txt'
[1.195s] reading manifest file 'crazyflie_examples.egg-info/SOURCES.txt'
[1.196s] writing manifest file 'crazyflie_examples.egg-info/SOURCES.txt'
[1.239s] reading manifest file 'crazyflie_examples.egg-info/SOURCES.txt'
[1.240s] writing manifest file 'crazyflie_examples.egg-info/SOURCES.txt'
[1.241s] Built target ament_cmake_python_build_crazyflie_examples_egg
[1.304s] Installing cmd_full_state script to scripts
[1.304s] Installing figure8 script to scripts
[1.304s] Installing hello_world script to scripts
[1.304s] Installing multi_trajectory script to scripts
[1.304s] Installing nice_hover script to scripts
[1.304s] Installing set_param script to scripts
[1.339s] Built target ament_cmake_python_build_crazyflie_examples_scripts
[1.346s] Invoked command in '/home/mocaplab/ros2_ws/build/crazyflie_examples' returned '0': AMENT_PREFIX_PATH=/home/mocaplab/ros2_ws/install/crazyflie_py:/home/mocaplab/ros2_ws/install/crazyflie_interfaces:${AMENT_PREFIX_PATH} CMAKE_PREFIX_PATH=/home/mocaplab/ros2_ws/install/crazyflie_interfaces:/opt/ros/humble LD_LIBRARY_PATH=/home/mocaplab/ros2_ws/install/crazyflie_interfaces/lib:${LD_LIBRARY_PATH} PYTHONPATH=/home/mocaplab/ros2_ws/build/crazyflie_py:/home/mocaplab/ros2_ws/install/crazyflie_py/lib/python3.10/site-packages:/home/mocaplab/ros2_ws/install/crazyflie_interfaces/local/lib/python3.10/dist-packages:${PYTHONPATH} /usr/bin/cmake --build /home/mocaplab/ros2_ws/build/crazyflie_examples -- -j16 -l16
[1.360s] Invoking command in '/home/mocaplab/ros2_ws/build/crazyflie_examples': AMENT_PREFIX_PATH=/home/mocaplab/ros2_ws/install/crazyflie_py:/home/mocaplab/ros2_ws/install/crazyflie_interfaces:${AMENT_PREFIX_PATH} CMAKE_PREFIX_PATH=/home/mocaplab/ros2_ws/install/crazyflie_interfaces:/opt/ros/humble LD_LIBRARY_PATH=/home/mocaplab/ros2_ws/install/crazyflie_interfaces/lib:${LD_LIBRARY_PATH} PYTHONPATH=/home/mocaplab/ros2_ws/build/crazyflie_py:/home/mocaplab/ros2_ws/install/crazyflie_py/lib/python3.10/site-packages:/home/mocaplab/ros2_ws/install/crazyflie_interfaces/local/lib/python3.10/dist-packages:${PYTHONPATH} /usr/bin/cmake --install /home/mocaplab/ros2_ws/build/crazyflie_examples
[1.365s] -- Install configuration: ""
[1.365s] -- Execute custom install script
[1.365s] -- Symlinking: /home/mocaplab/ros2_ws/install/crazyflie_examples/share/crazyflie_examples/environment/pythonpath.sh
[1.370s] -- Symlinking: /home/mocaplab/ros2_ws/install/crazyflie_examples/share/crazyflie_examples/environment/pythonpath.dsv
[1.376s] -- Symlinking: /home/mocaplab/ros2_ws/install/crazyflie_examples/local/lib/python3.10/dist-packages/crazyflie_examples-2.0.0-py3.10.egg-info/PKG-INFO
[1.382s] -- Symlinking: /home/mocaplab/ros2_ws/install/crazyflie_examples/local/lib/python3.10/dist-packages/crazyflie_examples-2.0.0-py3.10.egg-info/SOURCES.txt
[1.387s] -- Symlinking: /home/mocaplab/ros2_ws/install/crazyflie_examples/local/lib/python3.10/dist-packages/crazyflie_examples-2.0.0-py3.10.egg-info/dependency_links.txt
[1.393s] -- Symlinking: /home/mocaplab/ros2_ws/install/crazyflie_examples/local/lib/python3.10/dist-packages/crazyflie_examples-2.0.0-py3.10.egg-info/entry_points.txt
[1.398s] -- Symlinking: /home/mocaplab/ros2_ws/install/crazyflie_examples/local/lib/python3.10/dist-packages/crazyflie_examples-2.0.0-py3.10.egg-info/top_level.txt
[1.404s] -- Symlinking: /home/mocaplab/ros2_ws/install/crazyflie_examples/lib/crazyflie_examples//cmd_full_state
[1.409s] -- Symlinking: /home/mocaplab/ros2_ws/install/crazyflie_examples/lib/crazyflie_examples//figure8
[1.415s] -- Symlinking: /home/mocaplab/ros2_ws/install/crazyflie_examples/lib/crazyflie_examples//hello_world
[1.420s] -- Symlinking: /home/mocaplab/ros2_ws/install/crazyflie_examples/lib/crazyflie_examples//multi_trajectory
[1.425s] -- Symlinking: /home/mocaplab/ros2_ws/install/crazyflie_examples/lib/crazyflie_examples//nice_hover
[1.431s] -- Symlinking: /home/mocaplab/ros2_ws/install/crazyflie_examples/lib/crazyflie_examples//set_param
[1.436s] -- Symlinking: /home/mocaplab/ros2_ws/install/crazyflie_examples/local/lib/python3.10/dist-packages/crazyflie_examples/__init__.py
[1.442s] -- Symlinking: /home/mocaplab/ros2_ws/install/crazyflie_examples/local/lib/python3.10/dist-packages/crazyflie_examples/cmd_full_state.py
[1.448s] -- Symlinking: /home/mocaplab/ros2_ws/install/crazyflie_examples/local/lib/python3.10/dist-packages/crazyflie_examples/data/figure8.csv
[1.453s] -- Symlinking: /home/mocaplab/ros2_ws/install/crazyflie_examples/local/lib/python3.10/dist-packages/crazyflie_examples/data/multi_trajectory/traj0.csv
[1.459s] -- Symlinking: /home/mocaplab/ros2_ws/install/crazyflie_examples/local/lib/python3.10/dist-packages/crazyflie_examples/data/multi_trajectory/traj1.csv
[1.464s] -- Symlinking: /home/mocaplab/ros2_ws/install/crazyflie_examples/local/lib/python3.10/dist-packages/crazyflie_examples/figure8.py
[1.469s] -- Symlinking: /home/mocaplab/ros2_ws/install/crazyflie_examples/local/lib/python3.10/dist-packages/crazyflie_examples/hello_world.py
[1.475s] -- Symlinking: /home/mocaplab/ros2_ws/install/crazyflie_examples/local/lib/python3.10/dist-packages/crazyflie_examples/multi_trajectory.py
[1.480s] -- Symlinking: /home/mocaplab/ros2_ws/install/crazyflie_examples/local/lib/python3.10/dist-packages/crazyflie_examples/nice_hover.py
[1.486s] -- Symlinking: /home/mocaplab/ros2_ws/install/crazyflie_examples/local/lib/python3.10/dist-packages/crazyflie_examples/set_param.py
[1.492s] -- Symlinking: /home/mocaplab/ros2_ws/install/crazyflie_examples/share/crazyflie_examples//config/nav2_params.yaml
[1.497s] -- Symlinking: /home/mocaplab/ros2_ws/install/crazyflie_examples/share/crazyflie_examples//config/nav2_view.rviz
[1.502s] -- Symlinking: /home/mocaplab/ros2_ws/install/crazyflie_examples/share/crazyflie_examples//data/map.data
[1.508s] -- Symlinking: /home/mocaplab/ros2_ws/install/crazyflie_examples/share/crazyflie_examples//data/map.pgm
[1.513s] -- Symlinking: /home/mocaplab/ros2_ws/install/crazyflie_examples/share/crazyflie_examples//data/map.posegraph
[1.519s] -- Symlinking: /home/mocaplab/ros2_ws/install/crazyflie_examples/share/crazyflie_examples//data/map.yaml
[1.524s] -- Symlinking: /home/mocaplab/ros2_ws/install/crazyflie_examples/share/crazyflie_examples//launch/keyboard_velmux_launch.py
[1.530s] -- Symlinking: /home/mocaplab/ros2_ws/install/crazyflie_examples/share/crazyflie_examples//launch/multiranger_mapping_launch.py
[1.535s] -- Symlinking: /home/mocaplab/ros2_ws/install/crazyflie_examples/share/crazyflie_examples//launch/multiranger_nav2_launch.py
[1.541s] -- Symlinking: /home/mocaplab/ros2_ws/install/crazyflie_examples/share/ament_index/resource_index/package_run_dependencies/crazyflie_examples
[1.547s] -- Symlinking: /home/mocaplab/ros2_ws/install/crazyflie_examples/share/ament_index/resource_index/parent_prefix_path/crazyflie_examples
[1.552s] -- Symlinking: /home/mocaplab/ros2_ws/install/crazyflie_examples/share/crazyflie_examples/environment/ament_prefix_path.sh
[1.558s] -- Symlinking: /home/mocaplab/ros2_ws/install/crazyflie_examples/share/crazyflie_examples/environment/ament_prefix_path.dsv
[1.564s] -- Symlinking: /home/mocaplab/ros2_ws/install/crazyflie_examples/share/crazyflie_examples/environment/path.sh
[1.569s] -- Symlinking: /home/mocaplab/ros2_ws/install/crazyflie_examples/share/crazyflie_examples/environment/path.dsv
[1.574s] -- Symlinking: /home/mocaplab/ros2_ws/install/crazyflie_examples/share/crazyflie_examples/local_setup.bash
[1.580s] -- Symlinking: /home/mocaplab/ros2_ws/install/crazyflie_examples/share/crazyflie_examples/local_setup.sh
[1.585s] -- Symlinking: /home/mocaplab/ros2_ws/install/crazyflie_examples/share/crazyflie_examples/local_setup.zsh
[1.590s] -- Symlinking: /home/mocaplab/ros2_ws/install/crazyflie_examples/share/crazyflie_examples/local_setup.dsv
[1.596s] -- Symlinking: /home/mocaplab/ros2_ws/install/crazyflie_examples/share/crazyflie_examples/package.dsv
[1.602s] -- Symlinking: /home/mocaplab/ros2_ws/install/crazyflie_examples/share/ament_index/resource_index/packages/crazyflie_examples
[1.607s] -- Symlinking: /home/mocaplab/ros2_ws/install/crazyflie_examples/share/crazyflie_examples/cmake/crazyflie_examplesConfig.cmake
[1.612s] -- Symlinking: /home/mocaplab/ros2_ws/install/crazyflie_examples/share/crazyflie_examples/cmake/crazyflie_examplesConfig-version.cmake
[1.617s] -- Symlinking: /home/mocaplab/ros2_ws/install/crazyflie_examples/share/crazyflie_examples/package.xml
[1.646s] Listing '/home/mocaplab/ros2_ws/install/crazyflie_examples/local/lib/python3.10/dist-packages/crazyflie_examples'...
[1.646s] Compiling '/home/mocaplab/ros2_ws/install/crazyflie_examples/local/lib/python3.10/dist-packages/crazyflie_examples/__init__.py'...
[1.646s] Compiling '/home/mocaplab/ros2_ws/install/crazyflie_examples/local/lib/python3.10/dist-packages/crazyflie_examples/cmd_full_state.py'...
[1.646s] Listing '/home/mocaplab/ros2_ws/install/crazyflie_examples/local/lib/python3.10/dist-packages/crazyflie_examples/data'...
[1.646s] Listing '/home/mocaplab/ros2_ws/install/crazyflie_examples/local/lib/python3.10/dist-packages/crazyflie_examples/data/multi_trajectory'...
[1.647s] Compiling '/home/mocaplab/ros2_ws/install/crazyflie_examples/local/lib/python3.10/dist-packages/crazyflie_examples/figure8.py'...
[1.647s] Compiling '/home/mocaplab/ros2_ws/install/crazyflie_examples/local/lib/python3.10/dist-packages/crazyflie_examples/hello_world.py'...
[1.647s] Compiling '/home/mocaplab/ros2_ws/install/crazyflie_examples/local/lib/python3.10/dist-packages/crazyflie_examples/multi_trajectory.py'...
[1.647s] Compiling '/home/mocaplab/ros2_ws/install/crazyflie_examples/local/lib/python3.10/dist-packages/crazyflie_examples/nice_hover.py'...
[1.647s] Compiling '/home/mocaplab/ros2_ws/install/crazyflie_examples/local/lib/python3.10/dist-packages/crazyflie_examples/set_param.py'...
[1.655s] Invoked command in '/home/mocaplab/ros2_ws/build/crazyflie_examples' returned '0': AMENT_PREFIX_PATH=/home/mocaplab/ros2_ws/install/crazyflie_py:/home/mocaplab/ros2_ws/install/crazyflie_interfaces:${AMENT_PREFIX_PATH} CMAKE_PREFIX_PATH=/home/mocaplab/ros2_ws/install/crazyflie_interfaces:/opt/ros/humble LD_LIBRARY_PATH=/home/mocaplab/ros2_ws/install/crazyflie_interfaces/lib:${LD_LIBRARY_PATH} PYTHONPATH=/home/mocaplab/ros2_ws/build/crazyflie_py:/home/mocaplab/ros2_ws/install/crazyflie_py/lib/python3.10/site-packages:/home/mocaplab/ros2_ws/install/crazyflie_interfaces/local/lib/python3.10/dist-packages:${PYTHONPATH} /usr/bin/cmake --install /home/mocaplab/ros2_ws/build/crazyflie_examples
