[0.108s] Invoking command in '/home/mocaplab/ros2_ws/build/crazyflie_sim': AMENT_PREFIX_PATH=/home/mocaplab/ros2_ws/install/crazyflie_interfaces CMAKE_PREFIX_PATH=/home/mocaplab/ros2_ws/install/crazyflie_interfaces LD_LIBRARY_PATH=/home/mocaplab/ros2_ws/install/crazyflie_interfaces/lib PYTHONPATH=/home/mocaplab/ros2_ws/install/crazyflie_interfaces/local/lib/python3.10/dist-packages /usr/bin/cmake --build /home/mocaplab/ros2_ws/build/crazyflie_sim -- -j16 -l16
[0.140s] Built target ament_cmake_python_symlink_crazyflie_sim_setup
[0.140s] Built target ament_cmake_python_symlink_crazyflie_sim
[0.253s] running install_scripts
[0.253s] running egg_info
[0.260s] writing crazyflie_sim.egg-info/PKG-INFO
[0.260s] writing dependency_links to crazyflie_sim.egg-info/dependency_links.txt
[0.260s] writing entry points to crazyflie_sim.egg-info/entry_points.txt
[0.260s] writing top-level names to crazyflie_sim.egg-info/top_level.txt
[0.265s] /home/mocaplab/.local/lib/python3.10/site-packages/setuptools/_distutils/cmd.py:66: SetuptoolsDeprecationWarning: setup.py install is deprecated.
[0.265s] !!
[0.265s] 
[0.265s]         ********************************************************************************
[0.265s]         Please avoid running ``setup.py`` directly.
[0.265s]         Instead, use pypa/build, pypa/installer or other
[0.265s]         standards-based tools.
[0.265s] 
[0.265s]         See https://blog.ganssle.io/articles/2021/10/setup-py-deprecated.html for details.
[0.265s]         ********************************************************************************
[0.265s] 
[0.265s] !!
[0.265s]   self.initialize_options()
[0.268s] running egg_info
[0.286s] writing crazyflie_sim.egg-info/PKG-INFO
[0.286s] writing dependency_links to crazyflie_sim.egg-info/dependency_links.txt
[0.286s] writing entry points to crazyflie_sim.egg-info/entry_points.txt
[0.286s] writing top-level names to crazyflie_sim.egg-info/top_level.txt
[0.322s] reading manifest file 'crazyflie_sim.egg-info/SOURCES.txt'
[0.322s] writing manifest file 'crazyflie_sim.egg-info/SOURCES.txt'
[0.339s] Built target ament_cmake_python_build_crazyflie_sim_egg
[0.346s] reading manifest file 'crazyflie_sim.egg-info/SOURCES.txt'
[0.347s] writing manifest file 'crazyflie_sim.egg-info/SOURCES.txt'
[0.369s] Installing crazyflie_server script to scripts
[0.387s] Built target ament_cmake_python_build_crazyflie_sim_scripts
[0.393s] Invoked command in '/home/mocaplab/ros2_ws/build/crazyflie_sim' returned '0': AMENT_PREFIX_PATH=/home/mocaplab/ros2_ws/install/crazyflie_interfaces CMAKE_PREFIX_PATH=/home/mocaplab/ros2_ws/install/crazyflie_interfaces LD_LIBRARY_PATH=/home/mocaplab/ros2_ws/install/crazyflie_interfaces/lib PYTHONPATH=/home/mocaplab/ros2_ws/install/crazyflie_interfaces/local/lib/python3.10/dist-packages /usr/bin/cmake --build /home/mocaplab/ros2_ws/build/crazyflie_sim -- -j16 -l16
[0.404s] Invoking command in '/home/mocaplab/ros2_ws/build/crazyflie_sim': AMENT_PREFIX_PATH=/home/mocaplab/ros2_ws/install/crazyflie_interfaces CMAKE_PREFIX_PATH=/home/mocaplab/ros2_ws/install/crazyflie_interfaces LD_LIBRARY_PATH=/home/mocaplab/ros2_ws/install/crazyflie_interfaces/lib PYTHONPATH=/home/mocaplab/ros2_ws/install/crazyflie_interfaces/local/lib/python3.10/dist-packages /usr/bin/cmake --install /home/mocaplab/ros2_ws/build/crazyflie_sim
[0.409s] -- Install configuration: ""
[0.409s] -- Execute custom install script
[0.410s] -- Up-to-date symlink: /home/mocaplab/ros2_ws/install/crazyflie_sim/share/crazyflie_sim/environment/pythonpath.sh
[0.410s] -- Up-to-date symlink: /home/mocaplab/ros2_ws/install/crazyflie_sim/share/crazyflie_sim/environment/pythonpath.dsv
[0.411s] -- Up-to-date symlink: /home/mocaplab/ros2_ws/install/crazyflie_sim/local/lib/python3.10/dist-packages/crazyflie_sim-2.0.0-py3.10.egg-info/PKG-INFO
[0.411s] -- Up-to-date symlink: /home/mocaplab/ros2_ws/install/crazyflie_sim/local/lib/python3.10/dist-packages/crazyflie_sim-2.0.0-py3.10.egg-info/SOURCES.txt
[0.412s] -- Up-to-date symlink: /home/mocaplab/ros2_ws/install/crazyflie_sim/local/lib/python3.10/dist-packages/crazyflie_sim-2.0.0-py3.10.egg-info/dependency_links.txt
[0.412s] -- Up-to-date symlink: /home/mocaplab/ros2_ws/install/crazyflie_sim/local/lib/python3.10/dist-packages/crazyflie_sim-2.0.0-py3.10.egg-info/entry_points.txt
[0.412s] -- Up-to-date symlink: /home/mocaplab/ros2_ws/install/crazyflie_sim/local/lib/python3.10/dist-packages/crazyflie_sim-2.0.0-py3.10.egg-info/top_level.txt
[0.412s] -- Up-to-date symlink: /home/mocaplab/ros2_ws/install/crazyflie_sim/lib/crazyflie_sim//crazyflie_server
[0.413s] -- Up-to-date symlink: /home/mocaplab/ros2_ws/install/crazyflie_sim/local/lib/python3.10/dist-packages/crazyflie_sim/__init__.py
[0.414s] -- Up-to-date symlink: /home/mocaplab/ros2_ws/install/crazyflie_sim/local/lib/python3.10/dist-packages/crazyflie_sim/backend/none.py
[0.414s] -- Up-to-date symlink: /home/mocaplab/ros2_ws/install/crazyflie_sim/local/lib/python3.10/dist-packages/crazyflie_sim/backend/np.py
[0.414s] -- Up-to-date symlink: /home/mocaplab/ros2_ws/install/crazyflie_sim/local/lib/python3.10/dist-packages/crazyflie_sim/crazyflie_server.py
[0.414s] -- Up-to-date symlink: /home/mocaplab/ros2_ws/install/crazyflie_sim/local/lib/python3.10/dist-packages/crazyflie_sim/crazyflie_sil.py
[0.414s] -- Up-to-date symlink: /home/mocaplab/ros2_ws/install/crazyflie_sim/local/lib/python3.10/dist-packages/crazyflie_sim/sim_data_types.py
[0.414s] -- Up-to-date symlink: /home/mocaplab/ros2_ws/install/crazyflie_sim/local/lib/python3.10/dist-packages/crazyflie_sim/visualization/README.md
[0.414s] -- Up-to-date symlink: /home/mocaplab/ros2_ws/install/crazyflie_sim/local/lib/python3.10/dist-packages/crazyflie_sim/visualization/blender.py
[0.414s] -- Up-to-date symlink: /home/mocaplab/ros2_ws/install/crazyflie_sim/local/lib/python3.10/dist-packages/crazyflie_sim/visualization/data/README.md
[0.414s] -- Up-to-date symlink: /home/mocaplab/ros2_ws/install/crazyflie_sim/local/lib/python3.10/dist-packages/crazyflie_sim/visualization/data/env/abandoned_greenhouse.jpg
[0.414s] -- Up-to-date symlink: /home/mocaplab/ros2_ws/install/crazyflie_sim/local/lib/python3.10/dist-packages/crazyflie_sim/visualization/data/env/aerodynamics_workshop.jpg
[0.414s] -- Up-to-date symlink: /home/mocaplab/ros2_ws/install/crazyflie_sim/local/lib/python3.10/dist-packages/crazyflie_sim/visualization/data/env/aviation_museum.jpg
[0.415s] -- Up-to-date symlink: /home/mocaplab/ros2_ws/install/crazyflie_sim/local/lib/python3.10/dist-packages/crazyflie_sim/visualization/data/env/crosswalk.jpg
[0.415s] -- Up-to-date symlink: /home/mocaplab/ros2_ws/install/crazyflie_sim/local/lib/python3.10/dist-packages/crazyflie_sim/visualization/data/env/derelict_overpass.jpg
[0.415s] -- Up-to-date symlink: /home/mocaplab/ros2_ws/install/crazyflie_sim/local/lib/python3.10/dist-packages/crazyflie_sim/visualization/data/env/env.jpg
[0.415s] -- Up-to-date symlink: /home/mocaplab/ros2_ws/install/crazyflie_sim/local/lib/python3.10/dist-packages/crazyflie_sim/visualization/data/env/lago_disola.jpg
[0.415s] -- Up-to-date symlink: /home/mocaplab/ros2_ws/install/crazyflie_sim/local/lib/python3.10/dist-packages/crazyflie_sim/visualization/data/env/lake_pier.jpg
[0.415s] -- Up-to-date symlink: /home/mocaplab/ros2_ws/install/crazyflie_sim/local/lib/python3.10/dist-packages/crazyflie_sim/visualization/data/env/machine_shop.jpg
[0.415s] -- Up-to-date symlink: /home/mocaplab/ros2_ws/install/crazyflie_sim/local/lib/python3.10/dist-packages/crazyflie_sim/visualization/data/env/museumplein.jpg
[0.415s] -- Up-to-date symlink: /home/mocaplab/ros2_ws/install/crazyflie_sim/local/lib/python3.10/dist-packages/crazyflie_sim/visualization/data/env/peppermint_powerplant.jpg
[0.415s] -- Up-to-date symlink: /home/mocaplab/ros2_ws/install/crazyflie_sim/local/lib/python3.10/dist-packages/crazyflie_sim/visualization/data/env/studio_garden.jpg
[0.415s] -- Up-to-date symlink: /home/mocaplab/ros2_ws/install/crazyflie_sim/local/lib/python3.10/dist-packages/crazyflie_sim/visualization/data/model/cf.mtl
[0.415s] -- Up-to-date symlink: /home/mocaplab/ros2_ws/install/crazyflie_sim/local/lib/python3.10/dist-packages/crazyflie_sim/visualization/data/model/cf.obj
[0.415s] -- Up-to-date symlink: /home/mocaplab/ros2_ws/install/crazyflie_sim/local/lib/python3.10/dist-packages/crazyflie_sim/visualization/pdf.py
[0.416s] -- Up-to-date symlink: /home/mocaplab/ros2_ws/install/crazyflie_sim/local/lib/python3.10/dist-packages/crazyflie_sim/visualization/record_states.py
[0.416s] -- Up-to-date symlink: /home/mocaplab/ros2_ws/install/crazyflie_sim/local/lib/python3.10/dist-packages/crazyflie_sim/visualization/rviz.py
[0.416s] -- Up-to-date symlink: /home/mocaplab/ros2_ws/install/crazyflie_sim/share/ament_index/resource_index/package_run_dependencies/crazyflie_sim
[0.416s] -- Up-to-date symlink: /home/mocaplab/ros2_ws/install/crazyflie_sim/share/ament_index/resource_index/parent_prefix_path/crazyflie_sim
[0.416s] -- Up-to-date symlink: /home/mocaplab/ros2_ws/install/crazyflie_sim/share/crazyflie_sim/environment/ament_prefix_path.sh
[0.416s] -- Up-to-date symlink: /home/mocaplab/ros2_ws/install/crazyflie_sim/share/crazyflie_sim/environment/ament_prefix_path.dsv
[0.416s] -- Up-to-date symlink: /home/mocaplab/ros2_ws/install/crazyflie_sim/share/crazyflie_sim/environment/path.sh
[0.416s] -- Up-to-date symlink: /home/mocaplab/ros2_ws/install/crazyflie_sim/share/crazyflie_sim/environment/path.dsv
[0.416s] -- Up-to-date symlink: /home/mocaplab/ros2_ws/install/crazyflie_sim/share/crazyflie_sim/local_setup.bash
[0.417s] -- Up-to-date symlink: /home/mocaplab/ros2_ws/install/crazyflie_sim/share/crazyflie_sim/local_setup.sh
[0.417s] -- Up-to-date symlink: /home/mocaplab/ros2_ws/install/crazyflie_sim/share/crazyflie_sim/local_setup.zsh
[0.417s] -- Up-to-date symlink: /home/mocaplab/ros2_ws/install/crazyflie_sim/share/crazyflie_sim/local_setup.dsv
[0.417s] -- Symlinking: /home/mocaplab/ros2_ws/install/crazyflie_sim/share/crazyflie_sim/package.dsv
[0.423s] -- Up-to-date symlink: /home/mocaplab/ros2_ws/install/crazyflie_sim/share/ament_index/resource_index/packages/crazyflie_sim
[0.423s] -- Up-to-date symlink: /home/mocaplab/ros2_ws/install/crazyflie_sim/share/crazyflie_sim/cmake/crazyflie_simConfig.cmake
[0.423s] -- Up-to-date symlink: /home/mocaplab/ros2_ws/install/crazyflie_sim/share/crazyflie_sim/cmake/crazyflie_simConfig-version.cmake
[0.423s] -- Up-to-date symlink: /home/mocaplab/ros2_ws/install/crazyflie_sim/share/crazyflie_sim/package.xml
[0.443s] Listing '/home/mocaplab/ros2_ws/install/crazyflie_sim/local/lib/python3.10/dist-packages/crazyflie_sim'...
[0.443s] Listing '/home/mocaplab/ros2_ws/install/crazyflie_sim/local/lib/python3.10/dist-packages/crazyflie_sim/backend'...
[0.443s] Listing '/home/mocaplab/ros2_ws/install/crazyflie_sim/local/lib/python3.10/dist-packages/crazyflie_sim/visualization'...
[0.443s] Listing '/home/mocaplab/ros2_ws/install/crazyflie_sim/local/lib/python3.10/dist-packages/crazyflie_sim/visualization/data'...
[0.443s] Listing '/home/mocaplab/ros2_ws/install/crazyflie_sim/local/lib/python3.10/dist-packages/crazyflie_sim/visualization/data/env'...
[0.443s] Listing '/home/mocaplab/ros2_ws/install/crazyflie_sim/local/lib/python3.10/dist-packages/crazyflie_sim/visualization/data/model'...
[0.448s] Invoked command in '/home/mocaplab/ros2_ws/build/crazyflie_sim' returned '0': AMENT_PREFIX_PATH=/home/mocaplab/ros2_ws/install/crazyflie_interfaces CMAKE_PREFIX_PATH=/home/mocaplab/ros2_ws/install/crazyflie_interfaces LD_LIBRARY_PATH=/home/mocaplab/ros2_ws/install/crazyflie_interfaces/lib PYTHONPATH=/home/mocaplab/ros2_ws/install/crazyflie_interfaces/local/lib/python3.10/dist-packages /usr/bin/cmake --install /home/mocaplab/ros2_ws/build/crazyflie_sim
