[0.005s] Invoking command in '/home/mocaplab/ros2_ws/build/motion_capture_tracking': AMENT_PREFIX_PATH=/home/mocaplab/ros2_ws/install/motion_capture_tracking_interfaces CMAKE_PREFIX_PATH=/home/mocaplab/ros2_ws/install/motion_capture_tracking_interfaces LD_LIBRARY_PATH=/home/mocaplab/ros2_ws/install/motion_capture_tracking_interfaces/lib PYTHONPATH=/home/mocaplab/ros2_ws/install/motion_capture_tracking_interfaces/local/lib/python3.10/dist-packages /usr/bin/cmake --build /home/mocaplab/ros2_ws/build/motion_capture_tracking -- -j16 -l16
[0.061s] [  8%] Built target quat
[0.064s] [ 16%] Built target qualisys_cpp_sdk
[0.081s] [ 62%] Built target vrpn
[0.102s] [ 80%] Built target ViconDataStreamSDK_CPP
[0.105s] [ 83%] Built target librigidbodytracker
[0.124s] [ 96%] Built target libmotioncapture
[0.155s] [100%] Built target motion_capture_tracking_node
[0.161s] Invoked command in '/home/mocaplab/ros2_ws/build/motion_capture_tracking' returned '0': AMENT_PREFIX_PATH=/home/mocaplab/ros2_ws/install/motion_capture_tracking_interfaces CMAKE_PREFIX_PATH=/home/mocaplab/ros2_ws/install/motion_capture_tracking_interfaces LD_LIBRARY_PATH=/home/mocaplab/ros2_ws/install/motion_capture_tracking_interfaces/lib PYTHONPATH=/home/mocaplab/ros2_ws/install/motion_capture_tracking_interfaces/local/lib/python3.10/dist-packages /usr/bin/cmake --build /home/mocaplab/ros2_ws/build/motion_capture_tracking -- -j16 -l16
[0.185s] Invoking command in '/home/mocaplab/ros2_ws/build/motion_capture_tracking': AMENT_PREFIX_PATH=/home/mocaplab/ros2_ws/install/motion_capture_tracking_interfaces CMAKE_PREFIX_PATH=/home/mocaplab/ros2_ws/install/motion_capture_tracking_interfaces LD_LIBRARY_PATH=/home/mocaplab/ros2_ws/install/motion_capture_tracking_interfaces/lib PYTHONPATH=/home/mocaplab/ros2_ws/install/motion_capture_tracking_interfaces/local/lib/python3.10/dist-packages /usr/bin/cmake --install /home/mocaplab/ros2_ws/build/motion_capture_tracking
[0.189s] -- Install configuration: ""
[0.190s] -- Execute custom install script
[0.190s] -- Up-to-date symlink: /home/mocaplab/ros2_ws/install/motion_capture_tracking/lib/motion_capture_tracking/motion_capture_tracking_node
[0.191s] -- Up-to-date symlink: /home/mocaplab/ros2_ws/install/motion_capture_tracking/share/motion_capture_tracking//launch/launch.py
[0.191s] -- Up-to-date symlink: /home/mocaplab/ros2_ws/install/motion_capture_tracking/share/motion_capture_tracking//launch/node.launch
[0.192s] -- Up-to-date symlink: /home/mocaplab/ros2_ws/install/motion_capture_tracking/share/motion_capture_tracking//config/cfg.yaml
[0.192s] -- Up-to-date symlink: /home/mocaplab/ros2_ws/install/motion_capture_tracking/share/motion_capture_tracking//config/rviz.rviz
[0.193s] -- Up-to-date symlink: /home/mocaplab/ros2_ws/install/motion_capture_tracking/share/ament_index/resource_index/package_run_dependencies/motion_capture_tracking
[0.193s] -- Up-to-date symlink: /home/mocaplab/ros2_ws/install/motion_capture_tracking/share/ament_index/resource_index/parent_prefix_path/motion_capture_tracking
[0.193s] -- Up-to-date symlink: /home/mocaplab/ros2_ws/install/motion_capture_tracking/share/motion_capture_tracking/environment/ament_prefix_path.sh
[0.193s] -- Up-to-date symlink: /home/mocaplab/ros2_ws/install/motion_capture_tracking/share/motion_capture_tracking/environment/ament_prefix_path.dsv
[0.194s] -- Up-to-date symlink: /home/mocaplab/ros2_ws/install/motion_capture_tracking/share/motion_capture_tracking/environment/path.sh
[0.194s] -- Up-to-date symlink: /home/mocaplab/ros2_ws/install/motion_capture_tracking/share/motion_capture_tracking/environment/path.dsv
[0.194s] -- Up-to-date symlink: /home/mocaplab/ros2_ws/install/motion_capture_tracking/share/motion_capture_tracking/local_setup.bash
[0.194s] -- Up-to-date symlink: /home/mocaplab/ros2_ws/install/motion_capture_tracking/share/motion_capture_tracking/local_setup.sh
[0.194s] -- Up-to-date symlink: /home/mocaplab/ros2_ws/install/motion_capture_tracking/share/motion_capture_tracking/local_setup.zsh
[0.195s] -- Up-to-date symlink: /home/mocaplab/ros2_ws/install/motion_capture_tracking/share/motion_capture_tracking/local_setup.dsv
[0.195s] -- Symlinking: /home/mocaplab/ros2_ws/install/motion_capture_tracking/share/motion_capture_tracking/package.dsv
[0.200s] -- Up-to-date symlink: /home/mocaplab/ros2_ws/install/motion_capture_tracking/share/ament_index/resource_index/packages/motion_capture_tracking
[0.200s] -- Up-to-date symlink: /home/mocaplab/ros2_ws/install/motion_capture_tracking/share/motion_capture_tracking/cmake/motion_capture_trackingConfig.cmake
[0.200s] -- Up-to-date symlink: /home/mocaplab/ros2_ws/install/motion_capture_tracking/share/motion_capture_tracking/cmake/motion_capture_trackingConfig-version.cmake
[0.200s] -- Up-to-date symlink: /home/mocaplab/ros2_ws/install/motion_capture_tracking/share/motion_capture_tracking/package.xml
[0.202s] Invoked command in '/home/mocaplab/ros2_ws/build/motion_capture_tracking' returned '0': AMENT_PREFIX_PATH=/home/mocaplab/ros2_ws/install/motion_capture_tracking_interfaces CMAKE_PREFIX_PATH=/home/mocaplab/ros2_ws/install/motion_capture_tracking_interfaces LD_LIBRARY_PATH=/home/mocaplab/ros2_ws/install/motion_capture_tracking_interfaces/lib PYTHONPATH=/home/mocaplab/ros2_ws/install/motion_capture_tracking_interfaces/local/lib/python3.10/dist-packages /usr/bin/cmake --install /home/mocaplab/ros2_ws/build/motion_capture_tracking
