[0.006s] Invoking command in '/home/mocaplab/ros2_ws/build/motion_capture_tracking': CMAKE_PREFIX_PATH=/home/mocaplab/ros2_ws/install/motion_capture_tracking_interfaces:/home/mocaplab/ros2_ws/install/motion_capture_tracking:/home/mocaplab/ros2_ws/install/crazyflie:/home/mocaplab/ros2_ws/install/crazyflie_sim:/home/mocaplab/ros2_ws/install/crazyflie_examples:/home/mocaplab/ros2_ws/install/crazyflie_interfaces:/home/mocaplab/ros2_ws/install/crazyflie_py /usr/bin/cmake --build /home/mocaplab/ros2_ws/build/motion_capture_tracking -- -j16 -l16
[0.064s] [  8%] Built target quat
[0.068s] [ 16%] Built target qualisys_cpp_sdk
[0.083s] [ 62%] Built target vrpn
[0.106s] [ 80%] Built target ViconDataStreamSDK_CPP
[0.109s] [ 83%] Built target librigidbodytracker
[0.128s] [ 96%] Built target libmotioncapture
[0.169s] [100%] Built target motion_capture_tracking_node
[0.175s] Invoked command in '/home/mocaplab/ros2_ws/build/motion_capture_tracking' returned '0': CMAKE_PREFIX_PATH=/home/mocaplab/ros2_ws/install/motion_capture_tracking_interfaces:/home/mocaplab/ros2_ws/install/motion_capture_tracking:/home/mocaplab/ros2_ws/install/crazyflie:/home/mocaplab/ros2_ws/install/crazyflie_sim:/home/mocaplab/ros2_ws/install/crazyflie_examples:/home/mocaplab/ros2_ws/install/crazyflie_interfaces:/home/mocaplab/ros2_ws/install/crazyflie_py /usr/bin/cmake --build /home/mocaplab/ros2_ws/build/motion_capture_tracking -- -j16 -l16
[0.201s] Invoking command in '/home/mocaplab/ros2_ws/build/motion_capture_tracking': CMAKE_PREFIX_PATH=/home/mocaplab/ros2_ws/install/motion_capture_tracking_interfaces:/home/mocaplab/ros2_ws/install/motion_capture_tracking:/home/mocaplab/ros2_ws/install/crazyflie:/home/mocaplab/ros2_ws/install/crazyflie_sim:/home/mocaplab/ros2_ws/install/crazyflie_examples:/home/mocaplab/ros2_ws/install/crazyflie_interfaces:/home/mocaplab/ros2_ws/install/crazyflie_py /usr/bin/cmake --install /home/mocaplab/ros2_ws/build/motion_capture_tracking
[0.206s] -- Install configuration: ""
[0.206s] -- Execute custom install script
[0.206s] -- Up-to-date symlink: /home/mocaplab/ros2_ws/install/motion_capture_tracking/lib/motion_capture_tracking/motion_capture_tracking_node
[0.207s] -- Up-to-date symlink: /home/mocaplab/ros2_ws/install/motion_capture_tracking/share/motion_capture_tracking//launch/launch.py
[0.207s] -- Up-to-date symlink: /home/mocaplab/ros2_ws/install/motion_capture_tracking/share/motion_capture_tracking//launch/node.launch
[0.208s] -- Up-to-date symlink: /home/mocaplab/ros2_ws/install/motion_capture_tracking/share/motion_capture_tracking//config/cfg.yaml
[0.208s] -- Up-to-date symlink: /home/mocaplab/ros2_ws/install/motion_capture_tracking/share/motion_capture_tracking//config/rviz.rviz
[0.208s] -- Up-to-date symlink: /home/mocaplab/ros2_ws/install/motion_capture_tracking/share/ament_index/resource_index/package_run_dependencies/motion_capture_tracking
[0.208s] -- Up-to-date symlink: /home/mocaplab/ros2_ws/install/motion_capture_tracking/share/ament_index/resource_index/parent_prefix_path/motion_capture_tracking
[0.208s] -- Up-to-date symlink: /home/mocaplab/ros2_ws/install/motion_capture_tracking/share/motion_capture_tracking/environment/ament_prefix_path.sh
[0.209s] -- Up-to-date symlink: /home/mocaplab/ros2_ws/install/motion_capture_tracking/share/motion_capture_tracking/environment/ament_prefix_path.dsv
[0.209s] -- Up-to-date symlink: /home/mocaplab/ros2_ws/install/motion_capture_tracking/share/motion_capture_tracking/environment/path.sh
[0.209s] -- Up-to-date symlink: /home/mocaplab/ros2_ws/install/motion_capture_tracking/share/motion_capture_tracking/environment/path.dsv
[0.209s] -- Up-to-date symlink: /home/mocaplab/ros2_ws/install/motion_capture_tracking/share/motion_capture_tracking/local_setup.bash
[0.209s] -- Up-to-date symlink: /home/mocaplab/ros2_ws/install/motion_capture_tracking/share/motion_capture_tracking/local_setup.sh
[0.209s] -- Up-to-date symlink: /home/mocaplab/ros2_ws/install/motion_capture_tracking/share/motion_capture_tracking/local_setup.zsh
[0.210s] -- Up-to-date symlink: /home/mocaplab/ros2_ws/install/motion_capture_tracking/share/motion_capture_tracking/local_setup.dsv
[0.210s] -- Symlinking: /home/mocaplab/ros2_ws/install/motion_capture_tracking/share/motion_capture_tracking/package.dsv
[0.215s] -- Up-to-date symlink: /home/mocaplab/ros2_ws/install/motion_capture_tracking/share/ament_index/resource_index/packages/motion_capture_tracking
[0.215s] -- Up-to-date symlink: /home/mocaplab/ros2_ws/install/motion_capture_tracking/share/motion_capture_tracking/cmake/motion_capture_trackingConfig.cmake
[0.215s] -- Up-to-date symlink: /home/mocaplab/ros2_ws/install/motion_capture_tracking/share/motion_capture_tracking/cmake/motion_capture_trackingConfig-version.cmake
[0.215s] -- Up-to-date symlink: /home/mocaplab/ros2_ws/install/motion_capture_tracking/share/motion_capture_tracking/package.xml
[0.217s] Invoked command in '/home/mocaplab/ros2_ws/build/motion_capture_tracking' returned '0': CMAKE_PREFIX_PATH=/home/mocaplab/ros2_ws/install/motion_capture_tracking_interfaces:/home/mocaplab/ros2_ws/install/motion_capture_tracking:/home/mocaplab/ros2_ws/install/crazyflie:/home/mocaplab/ros2_ws/install/crazyflie_sim:/home/mocaplab/ros2_ws/install/crazyflie_examples:/home/mocaplab/ros2_ws/install/crazyflie_interfaces:/home/mocaplab/ros2_ws/install/crazyflie_py /usr/bin/cmake --install /home/mocaplab/ros2_ws/build/motion_capture_tracking
