[0.212s] Invoking command in '/home/mocaplab/ros2_ws/build/crazyflie_sim': AMENT_PREFIX_PATH=/home/mocaplab/ros2_ws/install/crazyflie_interfaces:${AMENT_PREFIX_PATH} CMAKE_PREFIX_PATH=/home/mocaplab/ros2_ws/install/crazyflie_interfaces:/opt/ros/humble LD_LIBRARY_PATH=/home/mocaplab/ros2_ws/install/crazyflie_interfaces/lib:${LD_LIBRARY_PATH} PYTHONPATH=/home/mocaplab/ros2_ws/install/crazyflie_interfaces/local/lib/python3.10/dist-packages:${PYTHONPATH} /usr/bin/cmake /home/mocaplab/ros2_ws/src/crazyswarm2/crazyflie_sim -DAMENT_CMAKE_SYMLINK_INSTALL=1 -DCMAKE_INSTALL_PREFIX=/home/mocaplab/ros2_ws/install/crazyflie_sim
[0.261s] -- The C compiler identification is GNU 11.4.0
[0.316s] -- The CXX compiler identification is GNU 11.4.0
[0.322s] -- Detecting C compiler ABI info
[0.385s] -- Detecting C compiler ABI info - done
[0.392s] -- Check for working C compiler: /usr/bin/cc - skipped
[0.392s] -- Detecting C compile features
[0.392s] -- Detecting C compile features - done
[0.394s] -- Detecting CXX compiler ABI info
[0.460s] -- Detecting CXX compiler ABI info - done
[0.468s] -- Check for working CXX compiler: /usr/bin/c++ - skipped
[0.469s] -- Detecting CXX compile features
[0.469s] -- Detecting CXX compile features - done
[0.471s] -- Found ament_cmake: 1.3.5 (/opt/ros/humble/share/ament_cmake/cmake)
[0.751s] -- Found Python3: /usr/bin/python3.10 (found version "3.10.12") found components: Interpreter 
[0.801s] -- Override CMake install command with custom implementation using symlinks instead of copying resources
[1.000s] -- Configuring done
[1.004s] -- Generating done
[1.006s] -- Build files have been written to: /home/mocaplab/ros2_ws/build/crazyflie_sim
[1.011s] Invoked command in '/home/mocaplab/ros2_ws/build/crazyflie_sim' returned '0': AMENT_PREFIX_PATH=/home/mocaplab/ros2_ws/install/crazyflie_interfaces:${AMENT_PREFIX_PATH} CMAKE_PREFIX_PATH=/home/mocaplab/ros2_ws/install/crazyflie_interfaces:/opt/ros/humble LD_LIBRARY_PATH=/home/mocaplab/ros2_ws/install/crazyflie_interfaces/lib:${LD_LIBRARY_PATH} PYTHONPATH=/home/mocaplab/ros2_ws/install/crazyflie_interfaces/local/lib/python3.10/dist-packages:${PYTHONPATH} /usr/bin/cmake /home/mocaplab/ros2_ws/src/crazyswarm2/crazyflie_sim -DAMENT_CMAKE_SYMLINK_INSTALL=1 -DCMAKE_INSTALL_PREFIX=/home/mocaplab/ros2_ws/install/crazyflie_sim
[1.012s] Invoking command in '/home/mocaplab/ros2_ws/build/crazyflie_sim': AMENT_PREFIX_PATH=/home/mocaplab/ros2_ws/install/crazyflie_interfaces:${AMENT_PREFIX_PATH} CMAKE_PREFIX_PATH=/home/mocaplab/ros2_ws/install/crazyflie_interfaces:/opt/ros/humble LD_LIBRARY_PATH=/home/mocaplab/ros2_ws/install/crazyflie_interfaces/lib:${LD_LIBRARY_PATH} PYTHONPATH=/home/mocaplab/ros2_ws/install/crazyflie_interfaces/local/lib/python3.10/dist-packages:${PYTHONPATH} /usr/bin/cmake --build /home/mocaplab/ros2_ws/build/crazyflie_sim -- -j16 -l16
[1.045s] Built target ament_cmake_python_symlink_crazyflie_sim_setup
[1.051s] Built target ament_cmake_python_symlink_crazyflie_sim
[1.205s] running egg_info
[1.206s] creating crazyflie_sim.egg-info
[1.217s] writing crazyflie_sim.egg-info/PKG-INFO
[1.217s] writing dependency_links to crazyflie_sim.egg-info/dependency_links.txt
[1.217s] writing entry points to crazyflie_sim.egg-info/entry_points.txt
[1.218s] writing top-level names to crazyflie_sim.egg-info/top_level.txt
[1.284s] running install_scripts
[1.295s] writing manifest file 'crazyflie_sim.egg-info/SOURCES.txt'
[1.309s] /home/mocaplab/.local/lib/python3.10/site-packages/setuptools/_distutils/cmd.py:66: SetuptoolsDeprecationWarning: setup.py install is deprecated.
[1.309s] !!
[1.309s] 
[1.309s]         ********************************************************************************
[1.309s]         Please avoid running ``setup.py`` directly.
[1.309s]         Instead, use pypa/build, pypa/installer or other
[1.310s]         standards-based tools.
[1.310s] 
[1.310s]         See https://blog.ganssle.io/articles/2021/10/setup-py-deprecated.html for details.
[1.310s]         ********************************************************************************
[1.310s] 
[1.310s] !!
[1.310s]   self.initialize_options()
[1.313s] running egg_info
[1.330s] reading manifest file 'crazyflie_sim.egg-info/SOURCES.txt'
[1.330s] writing manifest file 'crazyflie_sim.egg-info/SOURCES.txt'
[1.337s] writing crazyflie_sim.egg-info/PKG-INFO
[1.337s] writing dependency_links to crazyflie_sim.egg-info/dependency_links.txt
[1.338s] writing entry points to crazyflie_sim.egg-info/entry_points.txt
[1.338s] writing top-level names to crazyflie_sim.egg-info/top_level.txt
[1.365s] Built target ament_cmake_python_build_crazyflie_sim_egg
[1.435s] reading manifest file 'crazyflie_sim.egg-info/SOURCES.txt'
[1.436s] writing manifest file 'crazyflie_sim.egg-info/SOURCES.txt'
[1.474s] Installing crazyflie_server script to scripts
[1.507s] Built target ament_cmake_python_build_crazyflie_sim_scripts
[1.514s] Invoked command in '/home/mocaplab/ros2_ws/build/crazyflie_sim' returned '0': AMENT_PREFIX_PATH=/home/mocaplab/ros2_ws/install/crazyflie_interfaces:${AMENT_PREFIX_PATH} CMAKE_PREFIX_PATH=/home/mocaplab/ros2_ws/install/crazyflie_interfaces:/opt/ros/humble LD_LIBRARY_PATH=/home/mocaplab/ros2_ws/install/crazyflie_interfaces/lib:${LD_LIBRARY_PATH} PYTHONPATH=/home/mocaplab/ros2_ws/install/crazyflie_interfaces/local/lib/python3.10/dist-packages:${PYTHONPATH} /usr/bin/cmake --build /home/mocaplab/ros2_ws/build/crazyflie_sim -- -j16 -l16
[1.528s] Invoking command in '/home/mocaplab/ros2_ws/build/crazyflie_sim': AMENT_PREFIX_PATH=/home/mocaplab/ros2_ws/install/crazyflie_interfaces:${AMENT_PREFIX_PATH} CMAKE_PREFIX_PATH=/home/mocaplab/ros2_ws/install/crazyflie_interfaces:/opt/ros/humble LD_LIBRARY_PATH=/home/mocaplab/ros2_ws/install/crazyflie_interfaces/lib:${LD_LIBRARY_PATH} PYTHONPATH=/home/mocaplab/ros2_ws/install/crazyflie_interfaces/local/lib/python3.10/dist-packages:${PYTHONPATH} /usr/bin/cmake --install /home/mocaplab/ros2_ws/build/crazyflie_sim
[1.532s] -- Install configuration: ""
[1.532s] -- Execute custom install script
[1.532s] -- Symlinking: /home/mocaplab/ros2_ws/install/crazyflie_sim/share/crazyflie_sim/environment/pythonpath.sh
[1.538s] -- Symlinking: /home/mocaplab/ros2_ws/install/crazyflie_sim/share/crazyflie_sim/environment/pythonpath.dsv
[1.543s] -- Symlinking: /home/mocaplab/ros2_ws/install/crazyflie_sim/local/lib/python3.10/dist-packages/crazyflie_sim-2.0.0-py3.10.egg-info/PKG-INFO
[1.548s] -- Symlinking: /home/mocaplab/ros2_ws/install/crazyflie_sim/local/lib/python3.10/dist-packages/crazyflie_sim-2.0.0-py3.10.egg-info/SOURCES.txt
[1.553s] -- Symlinking: /home/mocaplab/ros2_ws/install/crazyflie_sim/local/lib/python3.10/dist-packages/crazyflie_sim-2.0.0-py3.10.egg-info/dependency_links.txt
[1.559s] -- Symlinking: /home/mocaplab/ros2_ws/install/crazyflie_sim/local/lib/python3.10/dist-packages/crazyflie_sim-2.0.0-py3.10.egg-info/entry_points.txt
[1.565s] -- Symlinking: /home/mocaplab/ros2_ws/install/crazyflie_sim/local/lib/python3.10/dist-packages/crazyflie_sim-2.0.0-py3.10.egg-info/top_level.txt
[1.571s] -- Symlinking: /home/mocaplab/ros2_ws/install/crazyflie_sim/lib/crazyflie_sim//crazyflie_server
[1.578s] -- Symlinking: /home/mocaplab/ros2_ws/install/crazyflie_sim/local/lib/python3.10/dist-packages/crazyflie_sim/__init__.py
[1.584s] -- Symlinking: /home/mocaplab/ros2_ws/install/crazyflie_sim/local/lib/python3.10/dist-packages/crazyflie_sim/backend/none.py
[1.590s] -- Symlinking: /home/mocaplab/ros2_ws/install/crazyflie_sim/local/lib/python3.10/dist-packages/crazyflie_sim/backend/np.py
[1.596s] -- Symlinking: /home/mocaplab/ros2_ws/install/crazyflie_sim/local/lib/python3.10/dist-packages/crazyflie_sim/crazyflie_server.py
[1.601s] -- Symlinking: /home/mocaplab/ros2_ws/install/crazyflie_sim/local/lib/python3.10/dist-packages/crazyflie_sim/crazyflie_sil.py
[1.607s] -- Symlinking: /home/mocaplab/ros2_ws/install/crazyflie_sim/local/lib/python3.10/dist-packages/crazyflie_sim/sim_data_types.py
[1.613s] -- Symlinking: /home/mocaplab/ros2_ws/install/crazyflie_sim/local/lib/python3.10/dist-packages/crazyflie_sim/visualization/README.md
[1.619s] -- Symlinking: /home/mocaplab/ros2_ws/install/crazyflie_sim/local/lib/python3.10/dist-packages/crazyflie_sim/visualization/blender.py
[1.625s] -- Symlinking: /home/mocaplab/ros2_ws/install/crazyflie_sim/local/lib/python3.10/dist-packages/crazyflie_sim/visualization/data/README.md
[1.631s] -- Symlinking: /home/mocaplab/ros2_ws/install/crazyflie_sim/local/lib/python3.10/dist-packages/crazyflie_sim/visualization/data/env/abandoned_greenhouse.jpg
[1.637s] -- Symlinking: /home/mocaplab/ros2_ws/install/crazyflie_sim/local/lib/python3.10/dist-packages/crazyflie_sim/visualization/data/env/aerodynamics_workshop.jpg
[1.642s] -- Symlinking: /home/mocaplab/ros2_ws/install/crazyflie_sim/local/lib/python3.10/dist-packages/crazyflie_sim/visualization/data/env/aviation_museum.jpg
[1.648s] -- Symlinking: /home/mocaplab/ros2_ws/install/crazyflie_sim/local/lib/python3.10/dist-packages/crazyflie_sim/visualization/data/env/crosswalk.jpg
[1.654s] -- Symlinking: /home/mocaplab/ros2_ws/install/crazyflie_sim/local/lib/python3.10/dist-packages/crazyflie_sim/visualization/data/env/derelict_overpass.jpg
[1.660s] -- Symlinking: /home/mocaplab/ros2_ws/install/crazyflie_sim/local/lib/python3.10/dist-packages/crazyflie_sim/visualization/data/env/env.jpg
[1.666s] -- Symlinking: /home/mocaplab/ros2_ws/install/crazyflie_sim/local/lib/python3.10/dist-packages/crazyflie_sim/visualization/data/env/lago_disola.jpg
[1.672s] -- Symlinking: /home/mocaplab/ros2_ws/install/crazyflie_sim/local/lib/python3.10/dist-packages/crazyflie_sim/visualization/data/env/lake_pier.jpg
[1.679s] -- Symlinking: /home/mocaplab/ros2_ws/install/crazyflie_sim/local/lib/python3.10/dist-packages/crazyflie_sim/visualization/data/env/machine_shop.jpg
[1.685s] -- Symlinking: /home/mocaplab/ros2_ws/install/crazyflie_sim/local/lib/python3.10/dist-packages/crazyflie_sim/visualization/data/env/museumplein.jpg
[1.691s] -- Symlinking: /home/mocaplab/ros2_ws/install/crazyflie_sim/local/lib/python3.10/dist-packages/crazyflie_sim/visualization/data/env/peppermint_powerplant.jpg
[1.698s] -- Symlinking: /home/mocaplab/ros2_ws/install/crazyflie_sim/local/lib/python3.10/dist-packages/crazyflie_sim/visualization/data/env/studio_garden.jpg
[1.704s] -- Symlinking: /home/mocaplab/ros2_ws/install/crazyflie_sim/local/lib/python3.10/dist-packages/crazyflie_sim/visualization/data/model/cf.mtl
[1.710s] -- Symlinking: /home/mocaplab/ros2_ws/install/crazyflie_sim/local/lib/python3.10/dist-packages/crazyflie_sim/visualization/data/model/cf.obj
[1.715s] -- Symlinking: /home/mocaplab/ros2_ws/install/crazyflie_sim/local/lib/python3.10/dist-packages/crazyflie_sim/visualization/pdf.py
[1.721s] -- Symlinking: /home/mocaplab/ros2_ws/install/crazyflie_sim/local/lib/python3.10/dist-packages/crazyflie_sim/visualization/record_states.py
[1.726s] -- Symlinking: /home/mocaplab/ros2_ws/install/crazyflie_sim/local/lib/python3.10/dist-packages/crazyflie_sim/visualization/rviz.py
[1.732s] -- Symlinking: /home/mocaplab/ros2_ws/install/crazyflie_sim/share/ament_index/resource_index/package_run_dependencies/crazyflie_sim
[1.739s] -- Symlinking: /home/mocaplab/ros2_ws/install/crazyflie_sim/share/ament_index/resource_index/parent_prefix_path/crazyflie_sim
[1.745s] -- Symlinking: /home/mocaplab/ros2_ws/install/crazyflie_sim/share/crazyflie_sim/environment/ament_prefix_path.sh
[1.750s] -- Symlinking: /home/mocaplab/ros2_ws/install/crazyflie_sim/share/crazyflie_sim/environment/ament_prefix_path.dsv
[1.756s] -- Symlinking: /home/mocaplab/ros2_ws/install/crazyflie_sim/share/crazyflie_sim/environment/path.sh
[1.762s] -- Symlinking: /home/mocaplab/ros2_ws/install/crazyflie_sim/share/crazyflie_sim/environment/path.dsv
[1.767s] -- Symlinking: /home/mocaplab/ros2_ws/install/crazyflie_sim/share/crazyflie_sim/local_setup.bash
[1.773s] -- Symlinking: /home/mocaplab/ros2_ws/install/crazyflie_sim/share/crazyflie_sim/local_setup.sh
[1.778s] -- Symlinking: /home/mocaplab/ros2_ws/install/crazyflie_sim/share/crazyflie_sim/local_setup.zsh
[1.784s] -- Symlinking: /home/mocaplab/ros2_ws/install/crazyflie_sim/share/crazyflie_sim/local_setup.dsv
[1.791s] -- Symlinking: /home/mocaplab/ros2_ws/install/crazyflie_sim/share/crazyflie_sim/package.dsv
[1.797s] -- Symlinking: /home/mocaplab/ros2_ws/install/crazyflie_sim/share/ament_index/resource_index/packages/crazyflie_sim
[1.803s] -- Symlinking: /home/mocaplab/ros2_ws/install/crazyflie_sim/share/crazyflie_sim/cmake/crazyflie_simConfig.cmake
[1.809s] -- Symlinking: /home/mocaplab/ros2_ws/install/crazyflie_sim/share/crazyflie_sim/cmake/crazyflie_simConfig-version.cmake
[1.814s] -- Symlinking: /home/mocaplab/ros2_ws/install/crazyflie_sim/share/crazyflie_sim/package.xml
[1.848s] Listing '/home/mocaplab/ros2_ws/install/crazyflie_sim/local/lib/python3.10/dist-packages/crazyflie_sim'...
[1.848s] Compiling '/home/mocaplab/ros2_ws/install/crazyflie_sim/local/lib/python3.10/dist-packages/crazyflie_sim/__init__.py'...
[1.848s] Listing '/home/mocaplab/ros2_ws/install/crazyflie_sim/local/lib/python3.10/dist-packages/crazyflie_sim/backend'...
[1.848s] Compiling '/home/mocaplab/ros2_ws/install/crazyflie_sim/local/lib/python3.10/dist-packages/crazyflie_sim/backend/none.py'...
[1.848s] Compiling '/home/mocaplab/ros2_ws/install/crazyflie_sim/local/lib/python3.10/dist-packages/crazyflie_sim/backend/np.py'...
[1.848s] Compiling '/home/mocaplab/ros2_ws/install/crazyflie_sim/local/lib/python3.10/dist-packages/crazyflie_sim/crazyflie_server.py'...
[1.848s] Compiling '/home/mocaplab/ros2_ws/install/crazyflie_sim/local/lib/python3.10/dist-packages/crazyflie_sim/crazyflie_sil.py'...
[1.848s] Compiling '/home/mocaplab/ros2_ws/install/crazyflie_sim/local/lib/python3.10/dist-packages/crazyflie_sim/sim_data_types.py'...
[1.848s] Listing '/home/mocaplab/ros2_ws/install/crazyflie_sim/local/lib/python3.10/dist-packages/crazyflie_sim/visualization'...
[1.848s] Compiling '/home/mocaplab/ros2_ws/install/crazyflie_sim/local/lib/python3.10/dist-packages/crazyflie_sim/visualization/blender.py'...
[1.848s] Listing '/home/mocaplab/ros2_ws/install/crazyflie_sim/local/lib/python3.10/dist-packages/crazyflie_sim/visualization/data'...
[1.848s] Listing '/home/mocaplab/ros2_ws/install/crazyflie_sim/local/lib/python3.10/dist-packages/crazyflie_sim/visualization/data/env'...
[1.848s] Listing '/home/mocaplab/ros2_ws/install/crazyflie_sim/local/lib/python3.10/dist-packages/crazyflie_sim/visualization/data/model'...
[1.848s] Compiling '/home/mocaplab/ros2_ws/install/crazyflie_sim/local/lib/python3.10/dist-packages/crazyflie_sim/visualization/pdf.py'...
[1.848s] Compiling '/home/mocaplab/ros2_ws/install/crazyflie_sim/local/lib/python3.10/dist-packages/crazyflie_sim/visualization/record_states.py'...
[1.848s] Compiling '/home/mocaplab/ros2_ws/install/crazyflie_sim/local/lib/python3.10/dist-packages/crazyflie_sim/visualization/rviz.py'...
[1.855s] Invoked command in '/home/mocaplab/ros2_ws/build/crazyflie_sim' returned '0': AMENT_PREFIX_PATH=/home/mocaplab/ros2_ws/install/crazyflie_interfaces:${AMENT_PREFIX_PATH} CMAKE_PREFIX_PATH=/home/mocaplab/ros2_ws/install/crazyflie_interfaces:/opt/ros/humble LD_LIBRARY_PATH=/home/mocaplab/ros2_ws/install/crazyflie_interfaces/lib:${LD_LIBRARY_PATH} PYTHONPATH=/home/mocaplab/ros2_ws/install/crazyflie_interfaces/local/lib/python3.10/dist-packages:${PYTHONPATH} /usr/bin/cmake --install /home/mocaplab/ros2_ws/build/crazyflie_sim
