[0.108s] Invoking command in '/home/mocaplab/ros2_ws/build/crazyflie': AMENT_PREFIX_PATH=/home/mocaplab/ros2_ws/install/motion_capture_tracking_interfaces:/home/mocaplab/ros2_ws/install/crazyflie_interfaces CMAKE_PREFIX_PATH=/home/mocaplab/ros2_ws/install/motion_capture_tracking_interfaces:/home/mocaplab/ros2_ws/install/crazyflie_interfaces LD_LIBRARY_PATH=/home/mocaplab/ros2_ws/install/motion_capture_tracking_interfaces/lib:/home/mocaplab/ros2_ws/install/crazyflie_interfaces/lib PYTHONPATH=/home/mocaplab/ros2_ws/install/motion_capture_tracking_interfaces/local/lib/python3.10/dist-packages:/home/mocaplab/ros2_ws/install/crazyflie_interfaces/local/lib/python3.10/dist-packages /usr/bin/cmake --build /home/mocaplab/ros2_ws/build/crazyflie -- -j16 -l16
[0.148s] [ 25%] Built target crazyflieLinkCpp
[0.150s] [ 30%] Built target teleop
[0.163s] [ 38%] Built target crazyflie_cpp
[0.186s] [ 44%] Built target log
[0.187s] [ 50%] Built target listMemories
[0.187s] [ 61%] Built target scan
[0.187s] [ 61%] Built target listParams
[0.187s] [ 66%] Built target console
[0.187s] [ 72%] Built target reboot
[0.187s] [ 77%] Built target listLogVariables
[0.187s] [ 83%] Built target battery
[0.188s] [ 88%] Built target crazyflie_server
[0.188s] [ 94%] Built target version
[0.189s] [100%] Built target setParam
[0.196s] Invoked command in '/home/mocaplab/ros2_ws/build/crazyflie' returned '0': AMENT_PREFIX_PATH=/home/mocaplab/ros2_ws/install/motion_capture_tracking_interfaces:/home/mocaplab/ros2_ws/install/crazyflie_interfaces CMAKE_PREFIX_PATH=/home/mocaplab/ros2_ws/install/motion_capture_tracking_interfaces:/home/mocaplab/ros2_ws/install/crazyflie_interfaces LD_LIBRARY_PATH=/home/mocaplab/ros2_ws/install/motion_capture_tracking_interfaces/lib:/home/mocaplab/ros2_ws/install/crazyflie_interfaces/lib PYTHONPATH=/home/mocaplab/ros2_ws/install/motion_capture_tracking_interfaces/local/lib/python3.10/dist-packages:/home/mocaplab/ros2_ws/install/crazyflie_interfaces/local/lib/python3.10/dist-packages /usr/bin/cmake --build /home/mocaplab/ros2_ws/build/crazyflie -- -j16 -l16
[0.213s] Invoking command in '/home/mocaplab/ros2_ws/build/crazyflie': AMENT_PREFIX_PATH=/home/mocaplab/ros2_ws/install/motion_capture_tracking_interfaces:/home/mocaplab/ros2_ws/install/crazyflie_interfaces CMAKE_PREFIX_PATH=/home/mocaplab/ros2_ws/install/motion_capture_tracking_interfaces:/home/mocaplab/ros2_ws/install/crazyflie_interfaces LD_LIBRARY_PATH=/home/mocaplab/ros2_ws/install/motion_capture_tracking_interfaces/lib:/home/mocaplab/ros2_ws/install/crazyflie_interfaces/lib PYTHONPATH=/home/mocaplab/ros2_ws/install/motion_capture_tracking_interfaces/local/lib/python3.10/dist-packages:/home/mocaplab/ros2_ws/install/crazyflie_interfaces/local/lib/python3.10/dist-packages /usr/bin/cmake --install /home/mocaplab/ros2_ws/build/crazyflie
[0.218s] -- Install configuration: ""
[0.218s] -- Execute custom install script
[0.219s] -- Up-to-date symlink: /home/mocaplab/ros2_ws/install/crazyflie/lib/crazyflie/scan
[0.219s] -- Up-to-date symlink: /home/mocaplab/ros2_ws/install/crazyflie/lib/crazyflie/listParams
[0.220s] -- Up-to-date symlink: /home/mocaplab/ros2_ws/install/crazyflie/lib/crazyflie/listLogVariables
[0.220s] -- Up-to-date symlink: /home/mocaplab/ros2_ws/install/crazyflie/lib/crazyflie/listMemories
[0.220s] -- Up-to-date symlink: /home/mocaplab/ros2_ws/install/crazyflie/lib/crazyflie/reboot
[0.220s] -- Up-to-date symlink: /home/mocaplab/ros2_ws/install/crazyflie/lib/crazyflie/battery
[0.221s] -- Up-to-date symlink: /home/mocaplab/ros2_ws/install/crazyflie/lib/crazyflie/version
[0.221s] -- Up-to-date symlink: /home/mocaplab/ros2_ws/install/crazyflie/lib/crazyflie/console
[0.221s] -- Up-to-date symlink: /home/mocaplab/ros2_ws/install/crazyflie/lib/crazyflie/log
[0.221s] -- Up-to-date symlink: /home/mocaplab/ros2_ws/install/crazyflie/lib/crazyflie/setParam
[0.221s] -- Up-to-date symlink: /home/mocaplab/ros2_ws/install/crazyflie/lib/crazyflie/teleop
[0.221s] -- Up-to-date symlink: /home/mocaplab/ros2_ws/install/crazyflie/lib/crazyflie/crazyflie_server
[0.221s] -- Up-to-date symlink: /home/mocaplab/ros2_ws/install/crazyflie/lib/crazyflie/crazyflie_server.py
[0.221s] -- Up-to-date symlink: /home/mocaplab/ros2_ws/install/crazyflie/lib/crazyflie/chooser.py
[0.221s] -- Up-to-date symlink: /home/mocaplab/ros2_ws/install/crazyflie/lib/crazyflie/vel_mux.py
[0.221s] -- Up-to-date symlink: /home/mocaplab/ros2_ws/install/crazyflie/lib/crazyflie/cfmult.py
[0.222s] -- Up-to-date symlink: /home/mocaplab/ros2_ws/install/crazyflie/share/crazyflie//launch/launch.py
[0.222s] -- Up-to-date symlink: /home/mocaplab/ros2_ws/install/crazyflie/share/crazyflie//launch/launch_teleop2.py
[0.222s] -- Up-to-date symlink: /home/mocaplab/ros2_ws/install/crazyflie/share/crazyflie//launch/teleop_launch.py
[0.223s] -- Up-to-date symlink: /home/mocaplab/ros2_ws/install/crazyflie/share/crazyflie//config/config.rviz
[0.223s] -- Up-to-date symlink: /home/mocaplab/ros2_ws/install/crazyflie/share/crazyflie//config/crazyflies.yaml
[0.223s] -- Up-to-date symlink: /home/mocaplab/ros2_ws/install/crazyflie/share/crazyflie//config/motion_capture.yaml
[0.223s] -- Up-to-date symlink: /home/mocaplab/ros2_ws/install/crazyflie/share/crazyflie//config/server.yaml
[0.223s] -- Up-to-date symlink: /home/mocaplab/ros2_ws/install/crazyflie/share/crazyflie//config/teleop.yaml
[0.223s] -- Up-to-date symlink: /home/mocaplab/ros2_ws/install/crazyflie/share/ament_index/resource_index/package_run_dependencies/crazyflie
[0.223s] -- Up-to-date symlink: /home/mocaplab/ros2_ws/install/crazyflie/share/ament_index/resource_index/parent_prefix_path/crazyflie
[0.223s] -- Up-to-date symlink: /home/mocaplab/ros2_ws/install/crazyflie/share/crazyflie/environment/ament_prefix_path.sh
[0.223s] -- Up-to-date symlink: /home/mocaplab/ros2_ws/install/crazyflie/share/crazyflie/environment/ament_prefix_path.dsv
[0.223s] -- Up-to-date symlink: /home/mocaplab/ros2_ws/install/crazyflie/share/crazyflie/environment/path.sh
[0.224s] -- Up-to-date symlink: /home/mocaplab/ros2_ws/install/crazyflie/share/crazyflie/environment/path.dsv
[0.224s] -- Up-to-date symlink: /home/mocaplab/ros2_ws/install/crazyflie/share/crazyflie/local_setup.bash
[0.224s] -- Up-to-date symlink: /home/mocaplab/ros2_ws/install/crazyflie/share/crazyflie/local_setup.sh
[0.224s] -- Up-to-date symlink: /home/mocaplab/ros2_ws/install/crazyflie/share/crazyflie/local_setup.zsh
[0.224s] -- Up-to-date symlink: /home/mocaplab/ros2_ws/install/crazyflie/share/crazyflie/local_setup.dsv
[0.224s] -- Symlinking: /home/mocaplab/ros2_ws/install/crazyflie/share/crazyflie/package.dsv
[0.230s] -- Up-to-date symlink: /home/mocaplab/ros2_ws/install/crazyflie/share/ament_index/resource_index/packages/crazyflie
[0.230s] -- Up-to-date symlink: /home/mocaplab/ros2_ws/install/crazyflie/share/crazyflie/cmake/crazyflieConfig.cmake
[0.230s] -- Up-to-date symlink: /home/mocaplab/ros2_ws/install/crazyflie/share/crazyflie/cmake/crazyflieConfig-version.cmake
[0.230s] -- Up-to-date symlink: /home/mocaplab/ros2_ws/install/crazyflie/share/crazyflie/package.xml
[0.233s] Invoked command in '/home/mocaplab/ros2_ws/build/crazyflie' returned '0': AMENT_PREFIX_PATH=/home/mocaplab/ros2_ws/install/motion_capture_tracking_interfaces:/home/mocaplab/ros2_ws/install/crazyflie_interfaces CMAKE_PREFIX_PATH=/home/mocaplab/ros2_ws/install/motion_capture_tracking_interfaces:/home/mocaplab/ros2_ws/install/crazyflie_interfaces LD_LIBRARY_PATH=/home/mocaplab/ros2_ws/install/motion_capture_tracking_interfaces/lib:/home/mocaplab/ros2_ws/install/crazyflie_interfaces/lib PYTHONPATH=/home/mocaplab/ros2_ws/install/motion_capture_tracking_interfaces/local/lib/python3.10/dist-packages:/home/mocaplab/ros2_ws/install/crazyflie_interfaces/local/lib/python3.10/dist-packages /usr/bin/cmake --install /home/mocaplab/ros2_ws/build/crazyflie
