[ 25%] Built target crazyflieLinkCpp
[ 30%] Built target teleop
[35m[1mConsolidate compiler generated dependencies of target crazyflie_cpp[0m
[ 33%] [32mBuilding CXX object deps/crazyflie_tools/crazyflie_cpp/CMakeFiles/crazyflie_cpp.dir/src/Crazyflie.cpp.o[0m
[ 36%] [32m[1mLinking CXX static library libcrazyflie_cpp.a[0m
[ 38%] Built target crazyflie_cpp
[35m[1mConsolidate compiler generated dependencies of target crazyflie_server[0m
[ 41%] [32mBuilding CXX object deps/crazyflie_tools/CMakeFiles/listParams.dir/src/listParams.cpp.o[0m
[ 44%] [32mBuilding CXX object deps/crazyflie_tools/CMakeFiles/listMemories.dir/src/listMemories.cpp.o[0m
[ 47%] [32mBuilding CXX object deps/crazyflie_tools/CMakeFiles/version.dir/src/version.cpp.o[0m
[ 50%] [32mBuilding CXX object deps/crazyflie_tools/CMakeFiles/scan.dir/src/scan.cpp.o[0m
[ 55%] [32mBuilding CXX object deps/crazyflie_tools/CMakeFiles/battery.dir/src/battery.cpp.o[0m
[ 55%] [32mBuilding CXX object deps/crazyflie_tools/CMakeFiles/listLogVariables.dir/src/listLogVariables.cpp.o[0m
[ 58%] [32mBuilding CXX object CMakeFiles/crazyflie_server.dir/src/crazyflie_server.cpp.o[0m
[ 61%] [32mBuilding CXX object deps/crazyflie_tools/CMakeFiles/console.dir/src/console.cpp.o[0m
[ 63%] [32mBuilding CXX object deps/crazyflie_tools/CMakeFiles/reboot.dir/src/reboot.cpp.o[0m
[ 66%] [32mBuilding CXX object deps/crazyflie_tools/CMakeFiles/log.dir/src/log.cpp.o[0m
[ 69%] [32mBuilding CXX object deps/crazyflie_tools/CMakeFiles/setParam.dir/src/setParam.cpp.o[0m
[ 72%] [32m[1mLinking CXX executable console[0m
[ 75%] [32m[1mLinking CXX executable reboot[0m
[ 77%] [32m[1mLinking CXX executable battery[0m
[ 77%] Built target console
[ 80%] [32m[1mLinking CXX executable scan[0m
[ 80%] Built target reboot
[ 83%] [32m[1mLinking CXX executable log[0m
[ 83%] Built target battery
[ 86%] [32m[1mLinking CXX executable listLogVariables[0m
[ 88%] [32m[1mLinking CXX executable version[0m
[ 88%] Built target scan
[ 91%] [32m[1mLinking CXX executable listMemories[0m
[ 94%] [32m[1mLinking CXX executable listParams[0m
[ 94%] Built target log
[ 97%] [32m[1mLinking CXX executable setParam[0m
[ 97%] Built target listLogVariables
[ 97%] Built target version
[ 97%] Built target listMemories
[ 97%] Built target listParams
[ 97%] Built target setParam
[01m[K/home/mocaplab/ros2_ws/src/crazyswarm2/crazyflie/src/crazyflie_server.cpp:[m[K In constructor ‘[01m[KCrazyflieROS::CrazyflieROS(const string&, const string&, const string&, rclcpp::Node*, rclcpp::CallbackGroup::SharedPtr, rclcpp::CallbackGroup::SharedPtr, bool)[m[K’:
[01m[K/home/mocaplab/ros2_ws/src/crazyswarm2/crazyflie/src/crazyflie_server.cpp:157:79:[m[K [01;31m[Kerror: [m[K‘[01m[KPosition[m[K’ was not declared in this scope; did you mean ‘[01m[Kcrazyflie_interfaces::msg::Position[m[K’?
  157 |     const std::map<std::string, rclcpp::ParameterValue> &parameter_overrides =[01;31m[KPosition[m[K
      |                                                                               [01;31m[K^~~~~~~~[m[K
      |                                                                               [32m[Kcrazyflie_interfaces::msg::Position[m[K
In file included from [01m[K/home/mocaplab/ros2_ws/build/crazyflie_interfaces/rosidl_generator_cpp/crazyflie_interfaces/msg/position.hpp:7[m[K,
                 from [01m[K/home/mocaplab/ros2_ws/src/crazyswarm2/crazyflie/src/crazyflie_server.cpp:22[m[K:
[01m[K/home/mocaplab/ros2_ws/build/crazyflie_interfaces/rosidl_generator_cpp/crazyflie_interfaces/msg/detail/position__struct.hpp:181:7:[m[K [01;36m[Knote: [m[K‘[01m[Kcrazyflie_interfaces::msg::Position[m[K’ declared here
  181 | using [01;36m[KPosition[m[K =
      |       [01;36m[K^~~~~~~~[m[K
gmake[2]: *** [CMakeFiles/crazyflie_server.dir/build.make:76: CMakeFiles/crazyflie_server.dir/src/crazyflie_server.cpp.o] Error 1
gmake[1]: *** [CMakeFiles/Makefile2:233: CMakeFiles/crazyflie_server.dir/all] Error 2
gmake: *** [Makefile:146: all] Error 2
