[0.134s] Invoking command in '/home/mocaplab/ros2_ws/build/crazyflie': CMAKE_PREFIX_PATH=/home/mocaplab/ros2_ws/install/motion_capture_tracking_interfaces:/home/mocaplab/ros2_ws/install/crazyflie_interfaces:/home/mocaplab/ros2_ws/install/motion_capture_tracking:/home/mocaplab/ros2_ws/install/crazyflie:/home/mocaplab/ros2_ws/install/crazyflie_sim:/home/mocaplab/ros2_ws/install/crazyflie_examples:/home/mocaplab/ros2_ws/install/crazyflie_py:/opt/ros/humble /usr/bin/cmake --build /home/mocaplab/ros2_ws/build/crazyflie -- -j16 -l16
[0.164s] [ 25%] Built target crazyflieLinkCpp
[0.165s] [ 30%] Built target teleop
[0.171s] [35m[1mConsolidate compiler generated dependencies of target crazyflie_cpp[0m
[0.179s] [ 33%] [32mBuilding CXX object deps/crazyflie_tools/crazyflie_cpp/CMakeFiles/crazyflie_cpp.dir/src/Crazyflie.cpp.o[0m
[1.784s] [ 36%] [32m[1mLinking CXX static library libcrazyflie_cpp.a[0m
[1.840s] [ 38%] Built target crazyflie_cpp
[1.850s] [35m[1mConsolidate compiler generated dependencies of target crazyflie_server[0m
[1.859s] [ 41%] [32mBuilding CXX object deps/crazyflie_tools/CMakeFiles/listParams.dir/src/listParams.cpp.o[0m
[1.861s] [ 44%] [32mBuilding CXX object deps/crazyflie_tools/CMakeFiles/listMemories.dir/src/listMemories.cpp.o[0m
[1.861s] [ 47%] [32mBuilding CXX object deps/crazyflie_tools/CMakeFiles/version.dir/src/version.cpp.o[0m
[1.861s] [ 50%] [32mBuilding CXX object deps/crazyflie_tools/CMakeFiles/scan.dir/src/scan.cpp.o[0m
[1.861s] [ 55%] [32mBuilding CXX object deps/crazyflie_tools/CMakeFiles/battery.dir/src/battery.cpp.o[0m
[1.861s] [ 55%] [32mBuilding CXX object deps/crazyflie_tools/CMakeFiles/listLogVariables.dir/src/listLogVariables.cpp.o[0m
[1.861s] [ 58%] [32mBuilding CXX object CMakeFiles/crazyflie_server.dir/src/crazyflie_server.cpp.o[0m
[1.862s] [ 61%] [32mBuilding CXX object deps/crazyflie_tools/CMakeFiles/console.dir/src/console.cpp.o[0m
[1.862s] [ 63%] [32mBuilding CXX object deps/crazyflie_tools/CMakeFiles/reboot.dir/src/reboot.cpp.o[0m
[1.864s] [ 66%] [32mBuilding CXX object deps/crazyflie_tools/CMakeFiles/log.dir/src/log.cpp.o[0m
[1.864s] [ 69%] [32mBuilding CXX object deps/crazyflie_tools/CMakeFiles/setParam.dir/src/setParam.cpp.o[0m
[3.108s] [ 72%] [32m[1mLinking CXX executable console[0m
[3.201s] [ 75%] [32m[1mLinking CXX executable reboot[0m
[3.239s] [ 77%] [32m[1mLinking CXX executable battery[0m
[3.352s] [ 77%] Built target console
[3.445s] [ 80%] [32m[1mLinking CXX executable scan[0m
[3.466s] [ 80%] Built target reboot
[3.468s] [ 83%] [32m[1mLinking CXX executable log[0m
[3.473s] [ 83%] Built target battery
[3.582s] [ 86%] [32m[1mLinking CXX executable listLogVariables[0m
[3.590s] [ 88%] [32m[1mLinking CXX executable version[0m
[3.630s] [ 88%] Built target scan
[3.655s] [ 91%] [32m[1mLinking CXX executable listMemories[0m
[3.662s] [ 94%] [32m[1mLinking CXX executable listParams[0m
[3.695s] [ 94%] Built target log
[3.740s] [ 97%] [32m[1mLinking CXX executable setParam[0m
[3.797s] [ 97%] Built target listLogVariables
[3.802s] [ 97%] Built target version
[3.856s] [ 97%] Built target listMemories
[3.874s] [ 97%] Built target listParams
[3.916s] [ 97%] Built target setParam
[4.250s] [01m[K/home/mocaplab/ros2_ws/src/crazyswarm2/crazyflie/src/crazyflie_server.cpp:[m[K In constructor ‘[01m[KCrazyflieROS::CrazyflieROS(const string&, const string&, const string&, rclcpp::Node*, rclcpp::CallbackGroup::SharedPtr, rclcpp::CallbackGroup::SharedPtr, bool)[m[K’:
[4.250s] [01m[K/home/mocaplab/ros2_ws/src/crazyswarm2/crazyflie/src/crazyflie_server.cpp:157:79:[m[K [01;31m[Kerror: [m[K‘[01m[KPosition[m[K’ was not declared in this scope; did you mean ‘[01m[Kcrazyflie_interfaces::msg::Position[m[K’?
[4.250s]   157 |     const std::map<std::string, rclcpp::ParameterValue> &parameter_overrides =[01;31m[KPosition[m[K
[4.250s]       |                                                                               [01;31m[K^~~~~~~~[m[K
[4.250s]       |                                                                               [32m[Kcrazyflie_interfaces::msg::Position[m[K
[4.250s] In file included from [01m[K/home/mocaplab/ros2_ws/build/crazyflie_interfaces/rosidl_generator_cpp/crazyflie_interfaces/msg/position.hpp:7[m[K,
[4.250s]                  from [01m[K/home/mocaplab/ros2_ws/src/crazyswarm2/crazyflie/src/crazyflie_server.cpp:22[m[K:
[4.250s] [01m[K/home/mocaplab/ros2_ws/build/crazyflie_interfaces/rosidl_generator_cpp/crazyflie_interfaces/msg/detail/position__struct.hpp:181:7:[m[K [01;36m[Knote: [m[K‘[01m[Kcrazyflie_interfaces::msg::Position[m[K’ declared here
[4.250s]   181 | using [01;36m[KPosition[m[K =
[4.250s]       |       [01;36m[K^~~~~~~~[m[K
[11.208s] gmake[2]: *** [CMakeFiles/crazyflie_server.dir/build.make:76: CMakeFiles/crazyflie_server.dir/src/crazyflie_server.cpp.o] Error 1
[11.208s] gmake[1]: *** [CMakeFiles/Makefile2:233: CMakeFiles/crazyflie_server.dir/all] Error 2
[11.208s] gmake: *** [Makefile:146: all] Error 2
[11.210s] Invoked command in '/home/mocaplab/ros2_ws/build/crazyflie' returned '2': CMAKE_PREFIX_PATH=/home/mocaplab/ros2_ws/install/motion_capture_tracking_interfaces:/home/mocaplab/ros2_ws/install/crazyflie_interfaces:/home/mocaplab/ros2_ws/install/motion_capture_tracking:/home/mocaplab/ros2_ws/install/crazyflie:/home/mocaplab/ros2_ws/install/crazyflie_sim:/home/mocaplab/ros2_ws/install/crazyflie_examples:/home/mocaplab/ros2_ws/install/crazyflie_py:/opt/ros/humble /usr/bin/cmake --build /home/mocaplab/ros2_ws/build/crazyflie -- -j16 -l16
