[0.218s] Invoking command in '/home/mocaplab/ros2_ws/build/crazyflie': AMENT_PREFIX_PATH=/home/mocaplab/ros2_ws/install/motion_capture_tracking_interfaces:/home/mocaplab/ros2_ws/install/crazyflie_interfaces:${AMENT_PREFIX_PATH} CMAKE_PREFIX_PATH=/home/mocaplab/ros2_ws/install/motion_capture_tracking_interfaces:/home/mocaplab/ros2_ws/install/crazyflie_interfaces:/opt/ros/humble LD_LIBRARY_PATH=/home/mocaplab/ros2_ws/install/motion_capture_tracking_interfaces/lib:/home/mocaplab/ros2_ws/install/crazyflie_interfaces/lib:${LD_LIBRARY_PATH} PYTHONPATH=/home/mocaplab/ros2_ws/install/motion_capture_tracking_interfaces/local/lib/python3.10/dist-packages:/home/mocaplab/ros2_ws/install/crazyflie_interfaces/local/lib/python3.10/dist-packages:${PYTHONPATH} /usr/bin/cmake /home/mocaplab/ros2_ws/src/crazyswarm2/crazyflie -DAMENT_CMAKE_SYMLINK_INSTALL=1 -DCMAKE_INSTALL_PREFIX=/home/mocaplab/ros2_ws/install/crazyflie
[0.269s] -- The C compiler identification is GNU 11.4.0
[0.324s] -- The CXX compiler identification is GNU 11.4.0
[0.331s] -- Detecting C compiler ABI info
[0.393s] -- Detecting C compiler ABI info - done
[0.401s] -- Check for working C compiler: /usr/bin/cc - skipped
[0.401s] -- Detecting C compile features
[0.401s] -- Detecting C compile features - done
[0.405s] -- Detecting CXX compiler ABI info
[0.458s] -- Detecting CXX compiler ABI info - done
[0.467s] -- Check for working CXX compiler: /usr/bin/c++ - skipped
[0.467s] -- Detecting CXX compile features
[0.467s] -- Detecting CXX compile features - done
[0.469s] -- Found ament_cmake: 1.3.5 (/opt/ros/humble/share/ament_cmake/cmake)
[0.760s] -- Found Python3: /usr/bin/python3.10 (found version "3.10.12") found components: Interpreter 
[0.810s] -- Override CMake install command with custom implementation using symlinks instead of copying resources
[0.830s] -- Found rclcpp: 16.0.5 (/opt/ros/humble/share/rclcpp/cmake)
[0.871s] -- Found rosidl_generator_c: 3.1.5 (/opt/ros/humble/share/rosidl_generator_c/cmake)
[0.876s] -- Found rosidl_adapter: 3.1.5 (/opt/ros/humble/share/rosidl_adapter/cmake)
[0.885s] -- Found rosidl_generator_cpp: 3.1.5 (/opt/ros/humble/share/rosidl_generator_cpp/cmake)
[0.901s] -- Using all available rosidl_typesupport_c: rosidl_typesupport_fastrtps_c;rosidl_typesupport_introspection_c
[0.923s] -- Using all available rosidl_typesupport_cpp: rosidl_typesupport_fastrtps_cpp;rosidl_typesupport_introspection_cpp
[0.970s] -- Found rmw_implementation_cmake: 6.1.1 (/opt/ros/humble/share/rmw_implementation_cmake/cmake)
[0.971s] -- Found rmw_fastrtps_cpp: 6.2.3 (/opt/ros/humble/share/rmw_fastrtps_cpp/cmake)
[1.059s] -- Found OpenSSL: /usr/lib/x86_64-linux-gnu/libcrypto.so (found version "3.0.2")  
[1.097s] -- Found FastRTPS: /opt/ros/humble/include  
[1.152s] -- Using RMW implementation 'rmw_fastrtps_cpp' as default
[1.160s] -- Looking for pthread.h
[1.206s] -- Looking for pthread.h - found
[1.207s] -- Performing Test CMAKE_HAVE_LIBC_PTHREAD
[1.252s] -- Performing Test CMAKE_HAVE_LIBC_PTHREAD - Success
[1.253s] -- Found Threads: TRUE  
[1.425s] -- Found tf2_ros: 0.25.3 (/opt/ros/humble/share/tf2_ros/cmake)
[1.705s] -- Found rclpy: 3.3.9 (/opt/ros/humble/share/rclpy/cmake)
[1.706s] -- Found std_srvs: 4.2.3 (/opt/ros/humble/share/std_srvs/cmake)
[1.718s] -- Found sensor_msgs: 4.2.3 (/opt/ros/humble/share/sensor_msgs/cmake)
[1.779s] -- Found crazyflie_interfaces: 2.0.0 (/home/mocaplab/ros2_ws/install/crazyflie_interfaces/share/crazyflie_interfaces/cmake)
[1.839s] -- Found motion_capture_tracking_interfaces: 1.0.0 (/home/mocaplab/ros2_ws/install/motion_capture_tracking_interfaces/share/motion_capture_tracking_interfaces/cmake)
[1.910s] -- Found Boost: /usr/lib/x86_64-linux-gnu/cmake/Boost-1.74.0/BoostConfig.cmake (found version "1.74.0") found components: program_options 
[1.913s] -- Found libusb: /usr/lib/x86_64-linux-gnu/libusb-1.0.so  
[1.973s] -- Configuring done
[1.995s] -- Generating done
[1.997s] -- Build files have been written to: /home/mocaplab/ros2_ws/build/crazyflie
[2.009s] Invoked command in '/home/mocaplab/ros2_ws/build/crazyflie' returned '0': AMENT_PREFIX_PATH=/home/mocaplab/ros2_ws/install/motion_capture_tracking_interfaces:/home/mocaplab/ros2_ws/install/crazyflie_interfaces:${AMENT_PREFIX_PATH} CMAKE_PREFIX_PATH=/home/mocaplab/ros2_ws/install/motion_capture_tracking_interfaces:/home/mocaplab/ros2_ws/install/crazyflie_interfaces:/opt/ros/humble LD_LIBRARY_PATH=/home/mocaplab/ros2_ws/install/motion_capture_tracking_interfaces/lib:/home/mocaplab/ros2_ws/install/crazyflie_interfaces/lib:${LD_LIBRARY_PATH} PYTHONPATH=/home/mocaplab/ros2_ws/install/motion_capture_tracking_interfaces/local/lib/python3.10/dist-packages:/home/mocaplab/ros2_ws/install/crazyflie_interfaces/local/lib/python3.10/dist-packages:${PYTHONPATH} /usr/bin/cmake /home/mocaplab/ros2_ws/src/crazyswarm2/crazyflie -DAMENT_CMAKE_SYMLINK_INSTALL=1 -DCMAKE_INSTALL_PREFIX=/home/mocaplab/ros2_ws/install/crazyflie
[2.011s] Invoking command in '/home/mocaplab/ros2_ws/build/crazyflie': AMENT_PREFIX_PATH=/home/mocaplab/ros2_ws/install/motion_capture_tracking_interfaces:/home/mocaplab/ros2_ws/install/crazyflie_interfaces:${AMENT_PREFIX_PATH} CMAKE_PREFIX_PATH=/home/mocaplab/ros2_ws/install/motion_capture_tracking_interfaces:/home/mocaplab/ros2_ws/install/crazyflie_interfaces:/opt/ros/humble LD_LIBRARY_PATH=/home/mocaplab/ros2_ws/install/motion_capture_tracking_interfaces/lib:/home/mocaplab/ros2_ws/install/crazyflie_interfaces/lib:${LD_LIBRARY_PATH} PYTHONPATH=/home/mocaplab/ros2_ws/install/motion_capture_tracking_interfaces/local/lib/python3.10/dist-packages:/home/mocaplab/ros2_ws/install/crazyflie_interfaces/local/lib/python3.10/dist-packages:${PYTHONPATH} /usr/bin/cmake --build /home/mocaplab/ros2_ws/build/crazyflie -- -j16 -l16
[2.043s] [  2%] [32mBuilding CXX object CMakeFiles/teleop.dir/src/teleop.cpp.o[0m
[2.043s] [ 11%] [32mBuilding CXX object deps/crazyflie_tools/crazyflie_cpp/crazyflie-link-cpp/CMakeFiles/crazyflieLinkCpp.dir/src/USBManager.cpp.o[0m
[2.043s] [ 11%] [32mBuilding CXX object deps/crazyflie_tools/crazyflie_cpp/crazyflie-link-cpp/CMakeFiles/crazyflieLinkCpp.dir/src/Crazyradio.cpp.o[0m
[2.043s] [ 11%] [32mBuilding CXX object deps/crazyflie_tools/crazyflie_cpp/crazyflie-link-cpp/CMakeFiles/crazyflieLinkCpp.dir/src/Connection.cpp.o[0m
[2.043s] [ 16%] [32mBuilding CXX object deps/crazyflie_tools/crazyflie_cpp/crazyflie-link-cpp/CMakeFiles/crazyflieLinkCpp.dir/src/CrazyradioThread.cpp.o[0m
[2.043s] [ 16%] [32mBuilding CXX object deps/crazyflie_tools/crazyflie_cpp/crazyflie-link-cpp/CMakeFiles/crazyflieLinkCpp.dir/src/USBDevice.cpp.o[0m
[2.043s] [ 19%] [32mBuilding CXX object deps/crazyflie_tools/crazyflie_cpp/crazyflie-link-cpp/CMakeFiles/crazyflieLinkCpp.dir/src/CrazyflieUSB.cpp.o[0m
[2.043s] [ 22%] [32mBuilding CXX object deps/crazyflie_tools/crazyflie_cpp/crazyflie-link-cpp/CMakeFiles/crazyflieLinkCpp.dir/src/CrazyflieUSBThread.cpp.o[0m
[2.044s] [ 25%] [32mBuilding CXX object deps/crazyflie_tools/crazyflie_cpp/crazyflie-link-cpp/CMakeFiles/crazyflieLinkCpp.dir/src/Version.cpp.o[0m
[4.099s] [ 27%] [32m[1mLinking CXX static library libcrazyflieLinkCpp.a[0m
[4.141s] [ 27%] Built target crazyflieLinkCpp
[4.152s] [ 33%] [32mBuilding CXX object deps/crazyflie_tools/crazyflie_cpp/CMakeFiles/crazyflie_cpp.dir/src/Crazyflie.cpp.o[0m
[4.152s] [ 33%] [32mBuilding CXX object deps/crazyflie_tools/crazyflie_cpp/CMakeFiles/crazyflie_cpp.dir/src/crtp.cpp.o[0m
[6.243s] [ 36%] [32m[1mLinking CXX static library libcrazyflie_cpp.a[0m
[6.281s] [ 36%] Built target crazyflie_cpp
[6.297s] [ 47%] [32mBuilding CXX object deps/crazyflie_tools/CMakeFiles/console.dir/src/console.cpp.o[0m
[6.297s] [ 47%] [32mBuilding CXX object deps/crazyflie_tools/CMakeFiles/reboot.dir/src/reboot.cpp.o[0m
[6.297s] [ 52%] [32mBuilding CXX object deps/crazyflie_tools/CMakeFiles/listMemories.dir/src/listMemories.cpp.o[0m
[6.297s] [ 52%] [32mBuilding CXX object deps/crazyflie_tools/CMakeFiles/log.dir/src/log.cpp.o[0m
[6.297s] [ 52%] [32mBuilding CXX object deps/crazyflie_tools/CMakeFiles/battery.dir/src/battery.cpp.o[0m
[6.298s] [ 52%] [32mBuilding CXX object deps/crazyflie_tools/CMakeFiles/scan.dir/src/scan.cpp.o[0m
[6.299s] [ 58%] [32mBuilding CXX object deps/crazyflie_tools/CMakeFiles/listLogVariables.dir/src/listLogVariables.cpp.o[0m
[6.299s] [ 58%] [32mBuilding CXX object deps/crazyflie_tools/CMakeFiles/version.dir/src/version.cpp.o[0m
[6.299s] [ 61%] [32mBuilding CXX object CMakeFiles/crazyflie_server.dir/src/crazyflie_server.cpp.o[0m
[6.301s] [ 66%] [32mBuilding CXX object deps/crazyflie_tools/CMakeFiles/setParam.dir/src/setParam.cpp.o[0m
[6.301s] [ 66%] [32mBuilding CXX object deps/crazyflie_tools/CMakeFiles/listParams.dir/src/listParams.cpp.o[0m
[8.032s] [ 69%] [32m[1mLinking CXX executable scan[0m
[8.049s] [ 72%] [32m[1mLinking CXX executable listMemories[0m
[8.051s] [ 75%] [32m[1mLinking CXX executable version[0m
[8.118s] [ 77%] [32m[1mLinking CXX executable console[0m
[8.158s] [ 80%] [32m[1mLinking CXX executable reboot[0m
[8.173s] [ 83%] [32m[1mLinking CXX executable listLogVariables[0m
[8.318s] [ 86%] [32m[1mLinking CXX executable battery[0m
[8.366s] [ 86%] Built target scan
[8.383s] [ 88%] [32m[1mLinking CXX executable listParams[0m
[8.395s] [ 88%] Built target listMemories
[8.396s] [ 88%] Built target version
[8.464s] [ 88%] Built target console
[8.468s] [ 88%] Built target reboot
[8.472s] [ 88%] Built target listLogVariables
[8.497s] [ 91%] [32m[1mLinking CXX executable setParam[0m
[8.570s] [ 94%] [32m[1mLinking CXX executable log[0m
[8.643s] [ 94%] Built target listParams
[8.650s] [ 94%] Built target battery
[8.711s] [ 94%] Built target setParam
[8.760s] [ 94%] Built target log
[13.651s] [ 97%] [32m[1mLinking CXX executable teleop[0m
[14.141s] [ 97%] Built target teleop
[25.728s] [100%] [32m[1mLinking CXX executable crazyflie_server[0m
[26.903s] [100%] Built target crazyflie_server
[26.912s] Invoked command in '/home/mocaplab/ros2_ws/build/crazyflie' returned '0': AMENT_PREFIX_PATH=/home/mocaplab/ros2_ws/install/motion_capture_tracking_interfaces:/home/mocaplab/ros2_ws/install/crazyflie_interfaces:${AMENT_PREFIX_PATH} CMAKE_PREFIX_PATH=/home/mocaplab/ros2_ws/install/motion_capture_tracking_interfaces:/home/mocaplab/ros2_ws/install/crazyflie_interfaces:/opt/ros/humble LD_LIBRARY_PATH=/home/mocaplab/ros2_ws/install/motion_capture_tracking_interfaces/lib:/home/mocaplab/ros2_ws/install/crazyflie_interfaces/lib:${LD_LIBRARY_PATH} PYTHONPATH=/home/mocaplab/ros2_ws/install/motion_capture_tracking_interfaces/local/lib/python3.10/dist-packages:/home/mocaplab/ros2_ws/install/crazyflie_interfaces/local/lib/python3.10/dist-packages:${PYTHONPATH} /usr/bin/cmake --build /home/mocaplab/ros2_ws/build/crazyflie -- -j16 -l16
[26.932s] Invoking command in '/home/mocaplab/ros2_ws/build/crazyflie': AMENT_PREFIX_PATH=/home/mocaplab/ros2_ws/install/motion_capture_tracking_interfaces:/home/mocaplab/ros2_ws/install/crazyflie_interfaces:${AMENT_PREFIX_PATH} CMAKE_PREFIX_PATH=/home/mocaplab/ros2_ws/install/motion_capture_tracking_interfaces:/home/mocaplab/ros2_ws/install/crazyflie_interfaces:/opt/ros/humble LD_LIBRARY_PATH=/home/mocaplab/ros2_ws/install/motion_capture_tracking_interfaces/lib:/home/mocaplab/ros2_ws/install/crazyflie_interfaces/lib:${LD_LIBRARY_PATH} PYTHONPATH=/home/mocaplab/ros2_ws/install/motion_capture_tracking_interfaces/local/lib/python3.10/dist-packages:/home/mocaplab/ros2_ws/install/crazyflie_interfaces/local/lib/python3.10/dist-packages:${PYTHONPATH} /usr/bin/cmake --install /home/mocaplab/ros2_ws/build/crazyflie
[26.936s] -- Install configuration: ""
[26.936s] -- Execute custom install script
[26.936s] -- Symlinking: /home/mocaplab/ros2_ws/install/crazyflie/lib/crazyflie/scan
[26.940s] -- Symlinking: /home/mocaplab/ros2_ws/install/crazyflie/lib/crazyflie/listParams
[26.944s] -- Symlinking: /home/mocaplab/ros2_ws/install/crazyflie/lib/crazyflie/listLogVariables
[26.948s] -- Symlinking: /home/mocaplab/ros2_ws/install/crazyflie/lib/crazyflie/listMemories
[26.951s] -- Symlinking: /home/mocaplab/ros2_ws/install/crazyflie/lib/crazyflie/reboot
[26.955s] -- Symlinking: /home/mocaplab/ros2_ws/install/crazyflie/lib/crazyflie/battery
[26.958s] -- Symlinking: /home/mocaplab/ros2_ws/install/crazyflie/lib/crazyflie/version
[26.962s] -- Symlinking: /home/mocaplab/ros2_ws/install/crazyflie/lib/crazyflie/console
[26.966s] -- Symlinking: /home/mocaplab/ros2_ws/install/crazyflie/lib/crazyflie/log
[26.969s] -- Symlinking: /home/mocaplab/ros2_ws/install/crazyflie/lib/crazyflie/setParam
[26.973s] -- Symlinking: /home/mocaplab/ros2_ws/install/crazyflie/lib/crazyflie/teleop
[26.978s] -- Symlinking: /home/mocaplab/ros2_ws/install/crazyflie/lib/crazyflie/crazyflie_server
[26.982s] -- Symlinking: /home/mocaplab/ros2_ws/install/crazyflie/lib/crazyflie/crazyflie_server.py
[26.985s] -- Symlinking: /home/mocaplab/ros2_ws/install/crazyflie/lib/crazyflie/chooser.py
[26.989s] -- Symlinking: /home/mocaplab/ros2_ws/install/crazyflie/lib/crazyflie/vel_mux.py
[26.992s] -- Symlinking: /home/mocaplab/ros2_ws/install/crazyflie/lib/crazyflie/cfmult.py
[26.996s] -- Symlinking: /home/mocaplab/ros2_ws/install/crazyflie/share/crazyflie//launch/launch.py
[27.000s] -- Symlinking: /home/mocaplab/ros2_ws/install/crazyflie/share/crazyflie//launch/launch_teleop2.py
[27.003s] -- Symlinking: /home/mocaplab/ros2_ws/install/crazyflie/share/crazyflie//launch/teleop_launch.py
[27.007s] -- Symlinking: /home/mocaplab/ros2_ws/install/crazyflie/share/crazyflie//config/config.rviz
[27.010s] -- Symlinking: /home/mocaplab/ros2_ws/install/crazyflie/share/crazyflie//config/crazyflies.yaml
[27.014s] -- Symlinking: /home/mocaplab/ros2_ws/install/crazyflie/share/crazyflie//config/motion_capture.yaml
[27.017s] -- Symlinking: /home/mocaplab/ros2_ws/install/crazyflie/share/crazyflie//config/server.yaml
[27.021s] -- Symlinking: /home/mocaplab/ros2_ws/install/crazyflie/share/crazyflie//config/teleop.yaml
[27.025s] -- Symlinking: /home/mocaplab/ros2_ws/install/crazyflie/share/ament_index/resource_index/package_run_dependencies/crazyflie
[27.029s] -- Symlinking: /home/mocaplab/ros2_ws/install/crazyflie/share/ament_index/resource_index/parent_prefix_path/crazyflie
[27.035s] -- Symlinking: /home/mocaplab/ros2_ws/install/crazyflie/share/crazyflie/environment/ament_prefix_path.sh
[27.040s] -- Symlinking: /home/mocaplab/ros2_ws/install/crazyflie/share/crazyflie/environment/ament_prefix_path.dsv
[27.044s] -- Symlinking: /home/mocaplab/ros2_ws/install/crazyflie/share/crazyflie/environment/path.sh
[27.047s] -- Symlinking: /home/mocaplab/ros2_ws/install/crazyflie/share/crazyflie/environment/path.dsv
[27.051s] -- Symlinking: /home/mocaplab/ros2_ws/install/crazyflie/share/crazyflie/local_setup.bash
[27.054s] -- Symlinking: /home/mocaplab/ros2_ws/install/crazyflie/share/crazyflie/local_setup.sh
[27.058s] -- Symlinking: /home/mocaplab/ros2_ws/install/crazyflie/share/crazyflie/local_setup.zsh
[27.061s] -- Symlinking: /home/mocaplab/ros2_ws/install/crazyflie/share/crazyflie/local_setup.dsv
[27.065s] -- Symlinking: /home/mocaplab/ros2_ws/install/crazyflie/share/crazyflie/package.dsv
[27.069s] -- Symlinking: /home/mocaplab/ros2_ws/install/crazyflie/share/ament_index/resource_index/packages/crazyflie
[27.073s] -- Symlinking: /home/mocaplab/ros2_ws/install/crazyflie/share/crazyflie/cmake/crazyflieConfig.cmake
[27.076s] -- Symlinking: /home/mocaplab/ros2_ws/install/crazyflie/share/crazyflie/cmake/crazyflieConfig-version.cmake
[27.080s] -- Symlinking: /home/mocaplab/ros2_ws/install/crazyflie/share/crazyflie/package.xml
[27.086s] Invoked command in '/home/mocaplab/ros2_ws/build/crazyflie' returned '0': AMENT_PREFIX_PATH=/home/mocaplab/ros2_ws/install/motion_capture_tracking_interfaces:/home/mocaplab/ros2_ws/install/crazyflie_interfaces:${AMENT_PREFIX_PATH} CMAKE_PREFIX_PATH=/home/mocaplab/ros2_ws/install/motion_capture_tracking_interfaces:/home/mocaplab/ros2_ws/install/crazyflie_interfaces:/opt/ros/humble LD_LIBRARY_PATH=/home/mocaplab/ros2_ws/install/motion_capture_tracking_interfaces/lib:/home/mocaplab/ros2_ws/install/crazyflie_interfaces/lib:${LD_LIBRARY_PATH} PYTHONPATH=/home/mocaplab/ros2_ws/install/motion_capture_tracking_interfaces/local/lib/python3.10/dist-packages:/home/mocaplab/ros2_ws/install/crazyflie_interfaces/local/lib/python3.10/dist-packages:${PYTHONPATH} /usr/bin/cmake --install /home/mocaplab/ros2_ws/build/crazyflie
