[0.007s] Invoking command in '/home/mocaplab/ros2_ws/build/crazyflie_examples': AMENT_PREFIX_PATH=/home/mocaplab/ros2_ws/install/crazyflie_py:/home/mocaplab/ros2_ws/install/motion_capture_tracking:/home/mocaplab/ros2_ws/install/crazyflie:/home/mocaplab/ros2_ws/install/motion_capture_tracking_interfaces:/home/mocaplab/ros2_ws/install/crazyflie_sim:/home/mocaplab/ros2_ws/install/crazyflie_examples:/home/mocaplab/ros2_ws/install/crazyflie_interfaces:/opt/ros/humble CMAKE_PREFIX_PATH=/home/mocaplab/ros2_ws/install/crazyflie_interfaces:/home/mocaplab/ros2_ws/install/motion_capture_tracking:/home/mocaplab/ros2_ws/install/crazyflie:/home/mocaplab/ros2_ws/install/motion_capture_tracking_interfaces:/home/mocaplab/ros2_ws/install/crazyflie_sim:/home/mocaplab/ros2_ws/install/crazyflie_examples:/home/mocaplab/ros2_ws/install/crazyflie_py:/opt/ros/humble LD_LIBRARY_PATH=/home/mocaplab/ros2_ws/install/crazyflie_interfaces/lib:/home/mocaplab/ros2_ws/install/motion_capture_tracking_interfaces/lib:/opt/ros/humble/opt/rviz_ogre_vendor/lib:/opt/ros/humble/lib/x86_64-linux-gnu:/opt/ros/humble/lib PYTHONPATH=/home/mocaplab/ros2_ws/install/crazyflie_py/lib/python3.10/site-packages:/home/mocaplab/ros2_ws/install/motion_capture_tracking_interfaces/local/lib/python3.10/dist-packages:/home/mocaplab/ros2_ws/install/crazyflie_sim/local/lib/python3.10/dist-packages:/home/mocaplab/ros2_ws/install/crazyflie_examples/local/lib/python3.10/dist-packages:/home/mocaplab/ros2_ws/build/crazyflie_py:/home/mocaplab/ros2_ws/install/crazyflie_interfaces/local/lib/python3.10/dist-packages:/opt/ros/humble/lib/python3.10/site-packages:/opt/ros/humble/local/lib/python3.10/dist-packages /usr/bin/cmake --build /home/mocaplab/ros2_ws/build/crazyflie_examples -- -j16 -l16
[0.040s] Built target ament_cmake_python_symlink_crazyflie_examples_setup
[0.040s] Built target ament_cmake_python_symlink_crazyflie_examples
[0.162s] running install_scripts
[0.163s] running egg_info
[0.174s] writing crazyflie_examples.egg-info/PKG-INFO
[0.174s] writing dependency_links to crazyflie_examples.egg-info/dependency_links.txt
[0.174s] writing entry points to crazyflie_examples.egg-info/entry_points.txt
[0.174s] writing top-level names to crazyflie_examples.egg-info/top_level.txt
[0.181s] /home/mocaplab/.local/lib/python3.10/site-packages/setuptools/_distutils/cmd.py:66: SetuptoolsDeprecationWarning: setup.py install is deprecated.
[0.181s] !!
[0.181s] 
[0.181s]         ********************************************************************************
[0.181s]         Please avoid running ``setup.py`` directly.
[0.181s]         Instead, use pypa/build, pypa/installer or other
[0.181s]         standards-based tools.
[0.181s] 
[0.181s]         See https://blog.ganssle.io/articles/2021/10/setup-py-deprecated.html for details.
[0.181s]         ********************************************************************************
[0.181s] 
[0.181s] !!
[0.181s]   self.initialize_options()
[0.184s] running egg_info
[0.205s] writing crazyflie_examples.egg-info/PKG-INFO
[0.205s] writing dependency_links to crazyflie_examples.egg-info/dependency_links.txt
[0.205s] writing entry points to crazyflie_examples.egg-info/entry_points.txt
[0.205s] writing top-level names to crazyflie_examples.egg-info/top_level.txt
[0.267s] reading manifest file 'crazyflie_examples.egg-info/SOURCES.txt'
[0.268s] writing manifest file 'crazyflie_examples.egg-info/SOURCES.txt'
[0.286s] Built target ament_cmake_python_build_crazyflie_examples_egg
[0.287s] reading manifest file 'crazyflie_examples.egg-info/SOURCES.txt'
[0.288s] writing manifest file 'crazyflie_examples.egg-info/SOURCES.txt'
[0.320s] Installing cmd_full_state script to scripts
[0.320s] Installing figure8 script to scripts
[0.320s] Installing hello_world script to scripts
[0.320s] Installing hover_0 script to scripts
[0.320s] Installing multi_trajectory script to scripts
[0.320s] Installing nice_hover script to scripts
[0.320s] Installing set_param script to scripts
[0.343s] Built target ament_cmake_python_build_crazyflie_examples_scripts
[0.349s] Invoked command in '/home/mocaplab/ros2_ws/build/crazyflie_examples' returned '0': AMENT_PREFIX_PATH=/home/mocaplab/ros2_ws/install/crazyflie_py:/home/mocaplab/ros2_ws/install/motion_capture_tracking:/home/mocaplab/ros2_ws/install/crazyflie:/home/mocaplab/ros2_ws/install/motion_capture_tracking_interfaces:/home/mocaplab/ros2_ws/install/crazyflie_sim:/home/mocaplab/ros2_ws/install/crazyflie_examples:/home/mocaplab/ros2_ws/install/crazyflie_interfaces:/opt/ros/humble CMAKE_PREFIX_PATH=/home/mocaplab/ros2_ws/install/crazyflie_interfaces:/home/mocaplab/ros2_ws/install/motion_capture_tracking:/home/mocaplab/ros2_ws/install/crazyflie:/home/mocaplab/ros2_ws/install/motion_capture_tracking_interfaces:/home/mocaplab/ros2_ws/install/crazyflie_sim:/home/mocaplab/ros2_ws/install/crazyflie_examples:/home/mocaplab/ros2_ws/install/crazyflie_py:/opt/ros/humble LD_LIBRARY_PATH=/home/mocaplab/ros2_ws/install/crazyflie_interfaces/lib:/home/mocaplab/ros2_ws/install/motion_capture_tracking_interfaces/lib:/opt/ros/humble/opt/rviz_ogre_vendor/lib:/opt/ros/humble/lib/x86_64-linux-gnu:/opt/ros/humble/lib PYTHONPATH=/home/mocaplab/ros2_ws/install/crazyflie_py/lib/python3.10/site-packages:/home/mocaplab/ros2_ws/install/motion_capture_tracking_interfaces/local/lib/python3.10/dist-packages:/home/mocaplab/ros2_ws/install/crazyflie_sim/local/lib/python3.10/dist-packages:/home/mocaplab/ros2_ws/install/crazyflie_examples/local/lib/python3.10/dist-packages:/home/mocaplab/ros2_ws/build/crazyflie_py:/home/mocaplab/ros2_ws/install/crazyflie_interfaces/local/lib/python3.10/dist-packages:/opt/ros/humble/lib/python3.10/site-packages:/opt/ros/humble/local/lib/python3.10/dist-packages /usr/bin/cmake --build /home/mocaplab/ros2_ws/build/crazyflie_examples -- -j16 -l16
[0.365s] Invoking command in '/home/mocaplab/ros2_ws/build/crazyflie_examples': AMENT_PREFIX_PATH=/home/mocaplab/ros2_ws/install/crazyflie_py:/home/mocaplab/ros2_ws/install/motion_capture_tracking:/home/mocaplab/ros2_ws/install/crazyflie:/home/mocaplab/ros2_ws/install/motion_capture_tracking_interfaces:/home/mocaplab/ros2_ws/install/crazyflie_sim:/home/mocaplab/ros2_ws/install/crazyflie_examples:/home/mocaplab/ros2_ws/install/crazyflie_interfaces:/opt/ros/humble CMAKE_PREFIX_PATH=/home/mocaplab/ros2_ws/install/crazyflie_interfaces:/home/mocaplab/ros2_ws/install/motion_capture_tracking:/home/mocaplab/ros2_ws/install/crazyflie:/home/mocaplab/ros2_ws/install/motion_capture_tracking_interfaces:/home/mocaplab/ros2_ws/install/crazyflie_sim:/home/mocaplab/ros2_ws/install/crazyflie_examples:/home/mocaplab/ros2_ws/install/crazyflie_py:/opt/ros/humble LD_LIBRARY_PATH=/home/mocaplab/ros2_ws/install/crazyflie_interfaces/lib:/home/mocaplab/ros2_ws/install/motion_capture_tracking_interfaces/lib:/opt/ros/humble/opt/rviz_ogre_vendor/lib:/opt/ros/humble/lib/x86_64-linux-gnu:/opt/ros/humble/lib PYTHONPATH=/home/mocaplab/ros2_ws/install/crazyflie_py/lib/python3.10/site-packages:/home/mocaplab/ros2_ws/install/motion_capture_tracking_interfaces/local/lib/python3.10/dist-packages:/home/mocaplab/ros2_ws/install/crazyflie_sim/local/lib/python3.10/dist-packages:/home/mocaplab/ros2_ws/install/crazyflie_examples/local/lib/python3.10/dist-packages:/home/mocaplab/ros2_ws/build/crazyflie_py:/home/mocaplab/ros2_ws/install/crazyflie_interfaces/local/lib/python3.10/dist-packages:/opt/ros/humble/lib/python3.10/site-packages:/opt/ros/humble/local/lib/python3.10/dist-packages /usr/bin/cmake --install /home/mocaplab/ros2_ws/build/crazyflie_examples
[0.369s] -- Install configuration: ""
[0.370s] -- Execute custom install script
[0.370s] -- Up-to-date symlink: /home/mocaplab/ros2_ws/install/crazyflie_examples/share/crazyflie_examples/environment/pythonpath.sh
[0.370s] -- Up-to-date symlink: /home/mocaplab/ros2_ws/install/crazyflie_examples/share/crazyflie_examples/environment/pythonpath.dsv
[0.370s] -- Up-to-date symlink: /home/mocaplab/ros2_ws/install/crazyflie_examples/local/lib/python3.10/dist-packages/crazyflie_examples-2.0.0-py3.10.egg-info/PKG-INFO
[0.370s] -- Up-to-date symlink: /home/mocaplab/ros2_ws/install/crazyflie_examples/local/lib/python3.10/dist-packages/crazyflie_examples-2.0.0-py3.10.egg-info/SOURCES.txt
[0.370s] -- Up-to-date symlink: /home/mocaplab/ros2_ws/install/crazyflie_examples/local/lib/python3.10/dist-packages/crazyflie_examples-2.0.0-py3.10.egg-info/dependency_links.txt
[0.370s] -- Up-to-date symlink: /home/mocaplab/ros2_ws/install/crazyflie_examples/local/lib/python3.10/dist-packages/crazyflie_examples-2.0.0-py3.10.egg-info/entry_points.txt
[0.370s] -- Up-to-date symlink: /home/mocaplab/ros2_ws/install/crazyflie_examples/local/lib/python3.10/dist-packages/crazyflie_examples-2.0.0-py3.10.egg-info/top_level.txt
[0.371s] -- Up-to-date symlink: /home/mocaplab/ros2_ws/install/crazyflie_examples/lib/crazyflie_examples//cmd_full_state
[0.371s] -- Up-to-date symlink: /home/mocaplab/ros2_ws/install/crazyflie_examples/lib/crazyflie_examples//figure8
[0.371s] -- Up-to-date symlink: /home/mocaplab/ros2_ws/install/crazyflie_examples/lib/crazyflie_examples//hello_world
[0.371s] -- Up-to-date symlink: /home/mocaplab/ros2_ws/install/crazyflie_examples/lib/crazyflie_examples//hover_0
[0.371s] -- Up-to-date symlink: /home/mocaplab/ros2_ws/install/crazyflie_examples/lib/crazyflie_examples//multi_trajectory
[0.371s] -- Up-to-date symlink: /home/mocaplab/ros2_ws/install/crazyflie_examples/lib/crazyflie_examples//nice_hover
[0.371s] -- Up-to-date symlink: /home/mocaplab/ros2_ws/install/crazyflie_examples/lib/crazyflie_examples//set_param
[0.371s] -- Up-to-date symlink: /home/mocaplab/ros2_ws/install/crazyflie_examples/local/lib/python3.10/dist-packages/crazyflie_examples/__init__.py
[0.371s] -- Up-to-date symlink: /home/mocaplab/ros2_ws/install/crazyflie_examples/local/lib/python3.10/dist-packages/crazyflie_examples/cmd_full_state.py
[0.371s] -- Up-to-date symlink: /home/mocaplab/ros2_ws/install/crazyflie_examples/local/lib/python3.10/dist-packages/crazyflie_examples/data/figure8.csv
[0.371s] -- Up-to-date symlink: /home/mocaplab/ros2_ws/install/crazyflie_examples/local/lib/python3.10/dist-packages/crazyflie_examples/data/multi_trajectory/traj0.csv
[0.371s] -- Up-to-date symlink: /home/mocaplab/ros2_ws/install/crazyflie_examples/local/lib/python3.10/dist-packages/crazyflie_examples/data/multi_trajectory/traj1.csv
[0.371s] -- Up-to-date symlink: /home/mocaplab/ros2_ws/install/crazyflie_examples/local/lib/python3.10/dist-packages/crazyflie_examples/figure8.py
[0.371s] -- Up-to-date symlink: /home/mocaplab/ros2_ws/install/crazyflie_examples/local/lib/python3.10/dist-packages/crazyflie_examples/hello_world.py
[0.371s] -- Up-to-date symlink: /home/mocaplab/ros2_ws/install/crazyflie_examples/local/lib/python3.10/dist-packages/crazyflie_examples/hover_0.py
[0.371s] -- Up-to-date symlink: /home/mocaplab/ros2_ws/install/crazyflie_examples/local/lib/python3.10/dist-packages/crazyflie_examples/multi_trajectory.py
[0.371s] -- Up-to-date symlink: /home/mocaplab/ros2_ws/install/crazyflie_examples/local/lib/python3.10/dist-packages/crazyflie_examples/nice_hover.py
[0.371s] -- Up-to-date symlink: /home/mocaplab/ros2_ws/install/crazyflie_examples/local/lib/python3.10/dist-packages/crazyflie_examples/set_param.py
[0.372s] -- Up-to-date symlink: /home/mocaplab/ros2_ws/install/crazyflie_examples/share/crazyflie_examples//config/nav2_params.yaml
[0.372s] -- Up-to-date symlink: /home/mocaplab/ros2_ws/install/crazyflie_examples/share/crazyflie_examples//config/nav2_view.rviz
[0.372s] -- Up-to-date symlink: /home/mocaplab/ros2_ws/install/crazyflie_examples/share/crazyflie_examples//data/map.data
[0.372s] -- Up-to-date symlink: /home/mocaplab/ros2_ws/install/crazyflie_examples/share/crazyflie_examples//data/map.pgm
[0.372s] -- Up-to-date symlink: /home/mocaplab/ros2_ws/install/crazyflie_examples/share/crazyflie_examples//data/map.posegraph
[0.372s] -- Up-to-date symlink: /home/mocaplab/ros2_ws/install/crazyflie_examples/share/crazyflie_examples//data/map.yaml
[0.372s] -- Up-to-date symlink: /home/mocaplab/ros2_ws/install/crazyflie_examples/share/crazyflie_examples//launch/keyboard_velmux_launch.py
[0.372s] -- Up-to-date symlink: /home/mocaplab/ros2_ws/install/crazyflie_examples/share/crazyflie_examples//launch/multiranger_mapping_launch.py
[0.372s] -- Up-to-date symlink: /home/mocaplab/ros2_ws/install/crazyflie_examples/share/crazyflie_examples//launch/multiranger_nav2_launch.py
[0.372s] -- Up-to-date symlink: /home/mocaplab/ros2_ws/install/crazyflie_examples/share/ament_index/resource_index/package_run_dependencies/crazyflie_examples
[0.372s] -- Up-to-date symlink: /home/mocaplab/ros2_ws/install/crazyflie_examples/share/ament_index/resource_index/parent_prefix_path/crazyflie_examples
[0.372s] -- Up-to-date symlink: /home/mocaplab/ros2_ws/install/crazyflie_examples/share/crazyflie_examples/environment/ament_prefix_path.sh
[0.372s] -- Up-to-date symlink: /home/mocaplab/ros2_ws/install/crazyflie_examples/share/crazyflie_examples/environment/ament_prefix_path.dsv
[0.372s] -- Up-to-date symlink: /home/mocaplab/ros2_ws/install/crazyflie_examples/share/crazyflie_examples/environment/path.sh
[0.373s] -- Up-to-date symlink: /home/mocaplab/ros2_ws/install/crazyflie_examples/share/crazyflie_examples/environment/path.dsv
[0.373s] -- Up-to-date symlink: /home/mocaplab/ros2_ws/install/crazyflie_examples/share/crazyflie_examples/local_setup.bash
[0.373s] -- Up-to-date symlink: /home/mocaplab/ros2_ws/install/crazyflie_examples/share/crazyflie_examples/local_setup.sh
[0.373s] -- Up-to-date symlink: /home/mocaplab/ros2_ws/install/crazyflie_examples/share/crazyflie_examples/local_setup.zsh
[0.373s] -- Up-to-date symlink: /home/mocaplab/ros2_ws/install/crazyflie_examples/share/crazyflie_examples/local_setup.dsv
[0.373s] -- Symlinking: /home/mocaplab/ros2_ws/install/crazyflie_examples/share/crazyflie_examples/package.dsv
[0.379s] -- Up-to-date symlink: /home/mocaplab/ros2_ws/install/crazyflie_examples/share/ament_index/resource_index/packages/crazyflie_examples
[0.379s] -- Up-to-date symlink: /home/mocaplab/ros2_ws/install/crazyflie_examples/share/crazyflie_examples/cmake/crazyflie_examplesConfig.cmake
[0.379s] -- Up-to-date symlink: /home/mocaplab/ros2_ws/install/crazyflie_examples/share/crazyflie_examples/cmake/crazyflie_examplesConfig-version.cmake
[0.379s] -- Up-to-date symlink: /home/mocaplab/ros2_ws/install/crazyflie_examples/share/crazyflie_examples/package.xml
[0.399s] Listing '/home/mocaplab/ros2_ws/install/crazyflie_examples/local/lib/python3.10/dist-packages/crazyflie_examples'...
[0.399s] Listing '/home/mocaplab/ros2_ws/install/crazyflie_examples/local/lib/python3.10/dist-packages/crazyflie_examples/data'...
[0.400s] Listing '/home/mocaplab/ros2_ws/install/crazyflie_examples/local/lib/python3.10/dist-packages/crazyflie_examples/data/multi_trajectory'...
[0.405s] Invoked command in '/home/mocaplab/ros2_ws/build/crazyflie_examples' returned '0': AMENT_PREFIX_PATH=/home/mocaplab/ros2_ws/install/crazyflie_py:/home/mocaplab/ros2_ws/install/motion_capture_tracking:/home/mocaplab/ros2_ws/install/crazyflie:/home/mocaplab/ros2_ws/install/motion_capture_tracking_interfaces:/home/mocaplab/ros2_ws/install/crazyflie_sim:/home/mocaplab/ros2_ws/install/crazyflie_examples:/home/mocaplab/ros2_ws/install/crazyflie_interfaces:/opt/ros/humble CMAKE_PREFIX_PATH=/home/mocaplab/ros2_ws/install/crazyflie_interfaces:/home/mocaplab/ros2_ws/install/motion_capture_tracking:/home/mocaplab/ros2_ws/install/crazyflie:/home/mocaplab/ros2_ws/install/motion_capture_tracking_interfaces:/home/mocaplab/ros2_ws/install/crazyflie_sim:/home/mocaplab/ros2_ws/install/crazyflie_examples:/home/mocaplab/ros2_ws/install/crazyflie_py:/opt/ros/humble LD_LIBRARY_PATH=/home/mocaplab/ros2_ws/install/crazyflie_interfaces/lib:/home/mocaplab/ros2_ws/install/motion_capture_tracking_interfaces/lib:/opt/ros/humble/opt/rviz_ogre_vendor/lib:/opt/ros/humble/lib/x86_64-linux-gnu:/opt/ros/humble/lib PYTHONPATH=/home/mocaplab/ros2_ws/install/crazyflie_py/lib/python3.10/site-packages:/home/mocaplab/ros2_ws/install/motion_capture_tracking_interfaces/local/lib/python3.10/dist-packages:/home/mocaplab/ros2_ws/install/crazyflie_sim/local/lib/python3.10/dist-packages:/home/mocaplab/ros2_ws/install/crazyflie_examples/local/lib/python3.10/dist-packages:/home/mocaplab/ros2_ws/build/crazyflie_py:/home/mocaplab/ros2_ws/install/crazyflie_interfaces/local/lib/python3.10/dist-packages:/opt/ros/humble/lib/python3.10/site-packages:/opt/ros/humble/local/lib/python3.10/dist-packages /usr/bin/cmake --install /home/mocaplab/ros2_ws/build/crazyflie_examples
