[ 25%] Built target crazyflieLinkCpp
[ 30%] Built target teleop
[ 33%] [32mBuilding CXX object deps/crazyflie_tools/crazyflie_cpp/CMakeFiles/crazyflie_cpp.dir/src/Crazyflie.cpp.o[0m
[ 36%] [32m[1mLinking CXX static library libcrazyflie_cpp.a[0m
[ 38%] Built target crazyflie_cpp
[35m[1mConsolidate compiler generated dependencies of target crazyflie_server[0m
[ 41%] [32mBuilding CXX object deps/crazyflie_tools/CMakeFiles/battery.dir/src/battery.cpp.o[0m
[ 44%] [32mBuilding CXX object deps/crazyflie_tools/CMakeFiles/listMemories.dir/src/listMemories.cpp.o[0m
[ 47%] [32mBuilding CXX object deps/crazyflie_tools/CMakeFiles/listLogVariables.dir/src/listLogVariables.cpp.o[0m
[ 52%] [32mBuilding CXX object deps/crazyflie_tools/CMakeFiles/version.dir/src/version.cpp.o[0m
[ 52%] [32mBuilding CXX object deps/crazyflie_tools/CMakeFiles/log.dir/src/log.cpp.o[0m
[ 55%] [32mBuilding CXX object deps/crazyflie_tools/CMakeFiles/reboot.dir/src/reboot.cpp.o[0m
[ 63%] [32mBuilding CXX object deps/crazyflie_tools/CMakeFiles/console.dir/src/console.cpp.o[0m
[ 63%] [32mBuilding CXX object deps/crazyflie_tools/CMakeFiles/listParams.dir/src/listParams.cpp.o[0m
[ 63%] [32mBuilding CXX object deps/crazyflie_tools/CMakeFiles/setParam.dir/src/setParam.cpp.o[0m
[ 66%] [32mBuilding CXX object deps/crazyflie_tools/CMakeFiles/scan.dir/src/scan.cpp.o[0m
[ 69%] [32mBuilding CXX object CMakeFiles/crazyflie_server.dir/src/crazyflie_server.cpp.o[0m
[ 72%] [32m[1mLinking CXX executable listMemories[0m
[ 75%] [32m[1mLinking CXX executable console[0m
[ 77%] [32m[1mLinking CXX executable reboot[0m
[ 77%] Built target listMemories
[ 77%] Built target console
[ 80%] [32m[1mLinking CXX executable setParam[0m
[ 80%] Built target reboot
[ 83%] [32m[1mLinking CXX executable scan[0m
[ 86%] [32m[1mLinking CXX executable version[0m
[ 88%] [32m[1mLinking CXX executable listParams[0m
[ 91%] [32m[1mLinking CXX executable listLogVariables[0m
[ 91%] Built target setParam
[ 94%] [32m[1mLinking CXX executable log[0m
[ 97%] [32m[1mLinking CXX executable battery[0m
[ 97%] Built target scan
[ 97%] Built target version
[ 97%] Built target listParams
[ 97%] Built target listLogVariables
[ 97%] Built target log
[ 97%] Built target battery
[01m[K/home/mocaplab/ros2_ws/src/crazyswarm2/crazyflie/src/crazyflie_server.cpp:[m[K In constructor ‘[01m[KCrazyflieROS::CrazyflieROS(const string&, const string&, const string&, rclcpp::Node*, rclcpp::CallbackGroup::SharedPtr, rclcpp::CallbackGroup::SharedPtr, bool)[m[K’:
[01m[K/home/mocaplab/ros2_ws/src/crazyswarm2/crazyflie/src/crazyflie_server.cpp:149:5:[m[K [01;31m[Kerror: [m[K‘[01m[Ksubscription_velocity_world_[m[K’ was not declared in this scope
  149 |     [01;31m[Ksubscription_velocity_world_[m[K = node->create_subscription<crazyflie_interfaces::msg::VelocityWorld>(name + "/cmd_velocity_world", rclcpp::SystemDefaultsQoS(), std::bind(&CrazyflieROS::cmd_velocity_world_changed, this, _1), sub_opt_cf_cmd);
      |     [01;31m[K^~~~~~~~~~~~~~~~~~~~~~~~~~~~[m[K
[01m[K/home/mocaplab/ros2_ws/src/crazyswarm2/crazyflie/src/crazyflie_server.cpp:[m[K In constructor ‘[01m[KCrazyflieServer::CrazyflieServer()[m[K’:
[01m[K/home/mocaplab/ros2_ws/src/crazyswarm2/crazyflie/src/crazyflie_server.cpp:785:5:[m[K [01;31m[Kerror: [m[K‘[01m[Ksubscription_cmd_velocity_world_[m[K’ was not declared in this scope
  785 |     [01;31m[Ksubscription_cmd_velocity_world_[m[K = this->create_subscription<crazyflie_interfaces::msg::VelocityWorld>("all/cmd_velocity_world", rclcpp::SystemDefaultsQoS(), std::bind(&CrazyflieServer::cmd_velocity_world_changed, this, _1), sub_opt_all_cmd);
      |     [01;31m[K^~~~~~~~~~~~~~~~~~~~~~~~~~~~~~~~[m[K
[01m[K/home/mocaplab/ros2_ws/src/crazyswarm2/crazyflie/src/crazyflie_server.cpp:[m[K In member function ‘[01m[Kvoid CrazyflieServer::cmd_velocity_world_changed(crazyflie_interfaces::msg::VelocityWorld_<std::allocator<void> >::SharedPtr)[m[K’:
[01m[K/home/mocaplab/ros2_ws/src/crazyswarm2/crazyflie/src/crazyflie_server.cpp:1048:20:[m[K [01;31m[Kerror: [m[K‘[01m[Kyaw_rate[m[K’ was not declared in this scope; did you mean ‘[01m[KyawRate[m[K’?
 1048 |           x, y, z, [01;31m[Kyaw_rate[m[K);
      |                    [01;31m[K^~~~~~~~[m[K
      |                    [32m[KyawRate[m[K
gmake[2]: *** [CMakeFiles/crazyflie_server.dir/build.make:76: CMakeFiles/crazyflie_server.dir/src/crazyflie_server.cpp.o] Error 1
gmake[1]: *** [CMakeFiles/Makefile2:233: CMakeFiles/crazyflie_server.dir/all] Error 2
gmake: *** [Makefile:146: all] Error 2
