running develop
/home/mocaplab/.local/lib/python3.10/site-packages/setuptools/command/develop.py:40: EasyInstallDeprecationWarning: easy_install command is deprecated.
!!

        ********************************************************************************
        Please avoid running ``setup.py`` and ``easy_install``.
        Instead, use pypa/build, pypa/installer or other
        standards-based tools.

        See https://github.com/pypa/setuptools/issues/917 for details.
        ********************************************************************************

!!
  easy_install.initialize_options(self)
/home/mocaplab/.local/lib/python3.10/site-packages/setuptools/_distutils/cmd.py:66: SetuptoolsDeprecationWarning: setup.py install is deprecated.
!!

        ********************************************************************************
        Please avoid running ``setup.py`` directly.
        Instead, use pypa/build, pypa/installer or other
        standards-based tools.

        See https://blog.ganssle.io/articles/2021/10/setup-py-deprecated.html for details.
        ********************************************************************************

!!
  self.initialize_options()
running egg_info
creating crazyflie_py.egg-info
writing crazyflie_py.egg-info/PKG-INFO
writing dependency_links to crazyflie_py.egg-info/dependency_links.txt
writing requirements to crazyflie_py.egg-info/requires.txt
writing top-level names to crazyflie_py.egg-info/top_level.txt
writing manifest file 'crazyflie_py.egg-info/SOURCES.txt'
reading manifest file 'crazyflie_py.egg-info/SOURCES.txt'
writing manifest file 'crazyflie_py.egg-info/SOURCES.txt'
running build_ext
Creating /home/mocaplab/ros2_ws/install/crazyflie_py/lib/python3.10/site-packages/crazyflie-py.egg-link (link to .)

Installed /home/mocaplab/ros2_ws/build/crazyflie_py
running install_data
creating /home/mocaplab/ros2_ws/install/crazyflie_py/share/ament_index
creating /home/mocaplab/ros2_ws/install/crazyflie_py/share/ament_index/resource_index
creating /home/mocaplab/ros2_ws/install/crazyflie_py/share/ament_index/resource_index/packages
copying resource/crazyflie_py -> /home/mocaplab/ros2_ws/install/crazyflie_py/share/ament_index/resource_index/packages
copying package.xml -> /home/mocaplab/ros2_ws/install/crazyflie_py/share/crazyflie_py
