[0.132s] Invoking command in '/home/mocaplab/ros2_ws/build/crazyflie': CMAKE_PREFIX_PATH=/home/mocaplab/ros2_ws/install/motion_capture_tracking_interfaces:/home/mocaplab/ros2_ws/install/crazyflie_interfaces:/home/mocaplab/ros2_ws/install/motion_capture_tracking:/home/mocaplab/ros2_ws/install/crazyflie:/home/mocaplab/ros2_ws/install/crazyflie_sim:/home/mocaplab/ros2_ws/install/crazyflie_examples:/home/mocaplab/ros2_ws/install/crazyflie_py:/opt/ros/humble /usr/bin/cmake --build /home/mocaplab/ros2_ws/build/crazyflie -- -j16 -l16
[0.162s] [ 25%] Built target crazyflieLinkCpp
[0.164s] [ 30%] Built target teleop
[0.175s] [ 38%] Built target crazyflie_cpp
[0.186s] [35m[1mConsolidate compiler generated dependencies of target crazyflie_server[0m
[0.197s] [ 44%] Built target battery
[0.198s] [ 50%] Built target listMemories
[0.198s] [ 55%] Built target console
[0.198s] [ 61%] Built target scan
[0.199s] [ 66%] Built target listParams
[0.199s] [ 72%] Built target listLogVariables
[0.199s] [ 83%] Built target reboot
[0.199s] [ 83%] Built target version
[0.199s] [ 88%] Built target log
[0.199s] [ 94%] Built target setParam
[0.200s] [ 97%] [32mBuilding CXX object CMakeFiles/crazyflie_server.dir/src/crazyflie_server.cpp.o[0m
[1.808s] [01m[K/home/mocaplab/ros2_ws/src/crazyswarm2/crazyflie/src/crazyflie_server.cpp:495:62:[m[K [01;31m[Kerror: [m[K‘[01m[KPosition[m[K’ in namespace ‘[01m[Kcrazyflie_interfaces::msg[m[K’ does not name a type
[1.808s]   495 |   void cmd_position_changed(const crazyflie_interfaces::msg::[01;31m[KPosition[m[K::SharedPtr msg) {
[1.808s]       |                                                              [01;31m[K^~~~~~~~[m[K
[1.808s] [01m[K/home/mocaplab/ros2_ws/src/crazyswarm2/crazyflie/src/crazyflie_server.cpp:495:82:[m[K [01;31m[Kerror: [m[Kexpected unqualified-id before ‘[01m[Kmsg[m[K’
[1.808s]   495 |   void cmd_position_changed(const crazyflie_interfaces::msg::Position::SharedPtr [01;31m[Kmsg[m[K) {
[1.809s]       |                                                                                  [01;31m[K^~~[m[K
[1.809s] [01m[K/home/mocaplab/ros2_ws/src/crazyswarm2/crazyflie/src/crazyflie_server.cpp:495:81:[m[K [01;31m[Kerror: [m[Kexpected ‘[01m[K)[m[K’ before ‘[01m[Kmsg[m[K’
[1.809s]   495 |   void cmd_position_changed[34m[K([m[Kconst crazyflie_interfaces::msg::Position::SharedPtr[01;31m[K [m[K[32m[Kmsg[m[K) {
[1.809s]       |                            [34m[K~[m[K                                                    [01;31m[K^[m[K[32m[K~~~[m[K
[1.809s]       |                                                                                 [32m[K)[m[K
[1.816s] [01m[K/home/mocaplab/ros2_ws/src/crazyswarm2/crazyflie/src/crazyflie_server.cpp:495:72:[m[K [01;31m[Kerror: [m[Kexpected ‘[01m[K;[m[K’ at end of member declaration
[1.816s]   495 |   void cmd_position_changed(const crazyflie_interfaces::msg::Position::[01;31m[KSharedPtr[m[K msg) {
[1.816s]       |                                                                        [01;31m[K^~~~~~~~~[m[K
[1.816s]       |                                                                                 [32m[K;[m[K
[1.817s] [01m[K/home/mocaplab/ros2_ws/src/crazyswarm2/crazyflie/src/crazyflie_server.cpp:495:82:[m[K [01;31m[Kerror: [m[K‘[01m[Kmsg[m[K’ does not name a type
[1.817s]   495 |   void cmd_position_changed(const crazyflie_interfaces::msg::Position::SharedPtr [01;31m[Kmsg[m[K) {
[1.817s]       |                                                                                  [01;31m[K^~~[m[K
[1.953s] [01m[K/home/mocaplab/ros2_ws/src/crazyswarm2/crazyflie/src/crazyflie_server.cpp:720:51:[m[K [01;31m[Kerror: [m[K‘[01m[KPosition[m[K’ is not a member of ‘[01m[Kcrazyflie_interfaces::msg[m[K’
[1.953s]   720 |   rclcpp::Subscription<crazyflie_interfaces::msg::[01;31m[KPosition[m[K>::SharedPtr subscription_cmd_position_;
[1.953s]       |                                                   [01;31m[K^~~~~~~~[m[K
[1.953s] [01m[K/home/mocaplab/ros2_ws/src/crazyswarm2/crazyflie/src/crazyflie_server.cpp:720:59:[m[K [01;31m[Kerror: [m[Ktemplate argument 1 is invalid
[1.953s]   720 |   rclcpp::Subscription<crazyflie_interfaces::msg::Position[01;31m[K>[m[K::SharedPtr subscription_cmd_position_;
[1.953s]       |                                                           [01;31m[K^[m[K
[1.953s] [01m[K/home/mocaplab/ros2_ws/src/crazyswarm2/crazyflie/src/crazyflie_server.cpp:720:59:[m[K [01;31m[Kerror: [m[Ktemplate argument 3 is invalid
[1.953s] [01m[K/home/mocaplab/ros2_ws/src/crazyswarm2/crazyflie/src/crazyflie_server.cpp:720:59:[m[K [01;31m[Kerror: [m[Ktemplate argument 4 is invalid
[1.953s] [01m[K/home/mocaplab/ros2_ws/src/crazyswarm2/crazyflie/src/crazyflie_server.cpp:720:59:[m[K [01;31m[Kerror: [m[Ktemplate argument 5 is invalid
[1.953s] [01m[K/home/mocaplab/ros2_ws/src/crazyswarm2/crazyflie/src/crazyflie_server.cpp:720:62:[m[K [01;31m[Kerror: [m[Kexpected ‘[01m[K;[m[K’ at end of member declaration
[1.953s]   720 |   rclcpp::Subscription<crazyflie_interfaces::msg::Position>::[01;31m[KSharedPtr[m[K subscription_cmd_position_;
[1.953s]       |                                                              [01;31m[K^~~~~~~~~[m[K
[1.953s]       |                                                                       [32m[K;[m[K
[1.955s] [01m[K/home/mocaplab/ros2_ws/src/crazyswarm2/crazyflie/src/crazyflie_server.cpp:720:72:[m[K [01;31m[Kerror: [m[K‘[01m[Ksubscription_cmd_position_[m[K’ does not name a type
[1.955s]   720 |   rclcpp::Subscription<crazyflie_interfaces::msg::Position>::SharedPtr [01;31m[Ksubscription_cmd_position_[m[K;
[1.955s]       |                                                                        [01;31m[K^~~~~~~~~~~~~~~~~~~~~~~~~~[m[K
[2.000s] [01m[K/home/mocaplab/ros2_ws/src/crazyswarm2/crazyflie/src/crazyflie_server.cpp:[m[K In constructor ‘[01m[KCrazyflieROS::CrazyflieROS(const string&, const string&, const string&, rclcpp::Node*, rclcpp::CallbackGroup::SharedPtr, rclcpp::CallbackGroup::SharedPtr, bool)[m[K’:
[2.000s] [01m[K/home/mocaplab/ros2_ws/src/crazyswarm2/crazyflie/src/crazyflie_server.cpp:143:5:[m[K [01;31m[Kerror: [m[K‘[01m[Ksubscription_cmd_position_[m[K’ was not declared in this scope; did you mean ‘[01m[Ksubscription_cmd_hover_[m[K’?
[2.000s]   143 |     [01;31m[Ksubscription_cmd_position_[m[K = node->create_subscription<crazyflie_interfaces::msg::Position>(name + "/cmd_position", rclcpp::SystemDefaultsQoS(), std::bind(&CrazyflieROS::cmd_position_changed, this, _1), sub_opt_cf_cmd);
[2.000s]       |     [01;31m[K^~~~~~~~~~~~~~~~~~~~~~~~~~[m[K
[2.000s]       |     [32m[Ksubscription_cmd_hover_[m[K
[2.001s] [01m[K/home/mocaplab/ros2_ws/src/crazyswarm2/crazyflie/src/crazyflie_server.cpp:143:87:[m[K [01;31m[Kerror: [m[K‘[01m[KPosition[m[K’ is not a member of ‘[01m[Kcrazyflie_interfaces::msg[m[K’
[2.001s]   143 |   subscription_cmd_position_ = node->create_subscription<crazyflie_interfaces::msg::[01;31m[KPosition[m[K>(name + "/cmd_position", rclcpp::SystemDefaultsQoS(), std::bind(&CrazyflieROS::cmd_position_changed, this, _1), sub_opt_cf_cmd);
[2.001s]       |                                                                                     [01;31m[K^~~~~~~~[m[K
[2.001s] 
[2.002s] [01m[K/home/mocaplab/ros2_ws/src/crazyswarm2/crazyflie/src/crazyflie_server.cpp:143:96:[m[K [01;31m[Kerror: [m[Kno matching function for call to ‘[01m[Krclcpp::Node::create_subscription<<expression error> >(std::__cxx11::basic_string<char>, rclcpp::SystemDefaultsQoS, std::_Bind_helper<false, void (CrazyflieROS::*)(...), CrazyflieROS*, const std::_Placeholder<1>&>::type, rclcpp::SubscriptionOptionsWithAllocator<std::allocator<void> >&)[m[K’
[2.002s]   143 | ption_cmd_position_ = [01;31m[Knode->create_subscription<crazyflie_interfaces::msg::Position>(name + "/cmd_position", rclcpp::SystemDefaultsQoS(), std::bind(&CrazyflieROS::cmd_position_changed, this, _1), sub_opt_cf_cmd)[m[K;
[2.002s]       |                       [01;31m[K~~~~~~~~~~~~~~~~~~~~~~~~~~~~~~~~~~~~~~~~~~~~~~~~~~~~~~~~~~~~~~^~~~~~~~~~~~~~~~~~~~~~~~~~~~~~~~~~~~~~~~~~~~~~~~~~~~~~~~~~~~~~~~~~~~~~~~~~~~~~~~~~~~~~~~~~~~~~~~~~~~~~~~~~~~~~~~~~~~~~~~~~~~~~~[m[K
[2.002s] 
[2.002s] In file included from [01m[K/opt/ros/humble/include/rclcpp/rclcpp/node.hpp:1321[m[K,
[2.002s]                  from [01m[K/opt/ros/humble/include/rclcpp/rclcpp/executors/single_threaded_executor.hpp:28[m[K,
[2.002s]                  from [01m[K/opt/ros/humble/include/rclcpp/rclcpp/executors.hpp:22[m[K,
[2.002s]                  from [01m[K/opt/ros/humble/include/rclcpp/rclcpp/rclcpp.hpp:155[m[K,
[2.002s]                  from [01m[K/home/mocaplab/ros2_ws/src/crazyswarm2/crazyflie/src/crazyflie_server.cpp:7[m[K:
[2.002s] [01m[K/opt/ros/humble/include/rclcpp/rclcpp/node_impl.hpp:92:1:[m[K [01;36m[Knote: [m[Kcandidate: ‘[01m[Ktemplate<class MessageT, class CallbackT, class AllocatorT, class SubscriptionT, class MessageMemoryStrategyT> std::shared_ptr<ROSMessageT> rclcpp::Node::create_subscription(const string&, const rclcpp::QoS&, CallbackT&&, const rclcpp::SubscriptionOptionsWithAllocator<AllocatorT>&, typename MessageMemoryStrategyT::SharedPtr)[m[K’
[2.002s]    92 | [01;36m[KNode[m[K::create_subscription(
[2.002s]       | [01;36m[K^~~~[m[K
[2.002s] [01m[K/opt/ros/humble/include/rclcpp/rclcpp/node_impl.hpp:92:1:[m[K [01;36m[Knote: [m[K  template argument deduction/substitution failed:
[2.002s] [01m[K/home/mocaplab/ros2_ws/src/crazyswarm2/crazyflie/src/crazyflie_server.cpp:143:96:[m[K [01;31m[Kerror: [m[Ktemplate argument 1 is invalid
[2.002s]   143 | ption_cmd_position_ = [01;31m[Knode->create_subscription<crazyflie_interfaces::msg::Position>(name + "/cmd_position", rclcpp::SystemDefaultsQoS(), std::bind(&CrazyflieROS::cmd_position_changed, this, _1), sub_opt_cf_cmd)[m[K;
[2.002s]       |                       [01;31m[K~~~~~~~~~~~~~~~~~~~~~~~~~~~~~~~~~~~~~~~~~~~~~~~~~~~~~~~~~~~~~~^~~~~~~~~~~~~~~~~~~~~~~~~~~~~~~~~~~~~~~~~~~~~~~~~~~~~~~~~~~~~~~~~~~~~~~~~~~~~~~~~~~~~~~~~~~~~~~~~~~~~~~~~~~~~~~~~~~~~~~~~~~~~~~[m[K
[2.002s] 
[2.187s] [01m[K/home/mocaplab/ros2_ws/src/crazyswarm2/crazyflie/src/crazyflie_server.cpp:[m[K In member function ‘[01m[Kvoid CrazyflieServer::cmd_hover_changed(crazyflie_interfaces::msg::Hover_<std::allocator<void> >::SharedPtr)[m[K’:
[2.187s] [01m[K/home/mocaplab/ros2_ws/src/crazyswarm2/crazyflie/src/crazyflie_server.cpp:1013:15:[m[K [01;31m[Kerror: [m[K‘[01m[Kclass CrazyflieBroadcaster[m[K’ has no member named ‘[01m[KsendHoverSetpoint[m[K’
[2.187s]  1013 |         cfbc->[01;31m[KsendHoverSetpoint[m[K(
[2.187s]       |               [01;31m[K^~~~~~~~~~~~~~~~~[m[K
[8.438s] gmake[2]: *** [CMakeFiles/crazyflie_server.dir/build.make:76: CMakeFiles/crazyflie_server.dir/src/crazyflie_server.cpp.o] Error 1
[8.438s] gmake[1]: *** [CMakeFiles/Makefile2:233: CMakeFiles/crazyflie_server.dir/all] Error 2
[8.438s] gmake: *** [Makefile:146: all] Error 2
[8.440s] Invoked command in '/home/mocaplab/ros2_ws/build/crazyflie' returned '2': CMAKE_PREFIX_PATH=/home/mocaplab/ros2_ws/install/motion_capture_tracking_interfaces:/home/mocaplab/ros2_ws/install/crazyflie_interfaces:/home/mocaplab/ros2_ws/install/motion_capture_tracking:/home/mocaplab/ros2_ws/install/crazyflie:/home/mocaplab/ros2_ws/install/crazyflie_sim:/home/mocaplab/ros2_ws/install/crazyflie_examples:/home/mocaplab/ros2_ws/install/crazyflie_py:/opt/ros/humble /usr/bin/cmake --build /home/mocaplab/ros2_ws/build/crazyflie -- -j16 -l16
