[0.132s] Invoking command in '/home/mocaplab/ros2_ws/build/crazyflie_sim': CMAKE_PREFIX_PATH=/home/mocaplab/ros2_ws/install/crazyflie_interfaces:/home/mocaplab/ros2_ws/install/motion_capture_tracking:/home/mocaplab/ros2_ws/install/crazyflie:/home/mocaplab/ros2_ws/install/motion_capture_tracking_interfaces:/home/mocaplab/ros2_ws/install/crazyflie_sim:/home/mocaplab/ros2_ws/install/crazyflie_examples:/home/mocaplab/ros2_ws/install/crazyflie_py:/opt/ros/humble CONDA_PROMPT_MODIFIER=(base) LD_LIBRARY_PATH=/home/mocaplab/ros2_ws/install/crazyflie_interfaces/lib:/home/mocaplab/ros2_ws/install/motion_capture_tracking_interfaces/lib:/opt/ros/humble/opt/rviz_ogre_vendor/lib:/opt/ros/humble/lib/x86_64-linux-gnu:/opt/ros/humble/lib /usr/bin/cmake /home/mocaplab/ros2_ws/src/crazyswarm2/crazyflie_sim -DCMAKE_INSTALL_PREFIX=/home/mocaplab/ros2_ws/install/crazyflie_sim
[0.140s] -- Found ament_cmake: 1.3.5 (/opt/ros/humble/share/ament_cmake/cmake)
[0.230s] -- Override CMake install command with custom implementation using symlinks instead of copying resources
[0.324s] -- Configuring done
[0.329s] -- Generating done
[0.329s] -- Build files have been written to: /home/mocaplab/ros2_ws/build/crazyflie_sim
[0.332s] Invoked command in '/home/mocaplab/ros2_ws/build/crazyflie_sim' returned '0': CMAKE_PREFIX_PATH=/home/mocaplab/ros2_ws/install/crazyflie_interfaces:/home/mocaplab/ros2_ws/install/motion_capture_tracking:/home/mocaplab/ros2_ws/install/crazyflie:/home/mocaplab/ros2_ws/install/motion_capture_tracking_interfaces:/home/mocaplab/ros2_ws/install/crazyflie_sim:/home/mocaplab/ros2_ws/install/crazyflie_examples:/home/mocaplab/ros2_ws/install/crazyflie_py:/opt/ros/humble CONDA_PROMPT_MODIFIER=(base) LD_LIBRARY_PATH=/home/mocaplab/ros2_ws/install/crazyflie_interfaces/lib:/home/mocaplab/ros2_ws/install/motion_capture_tracking_interfaces/lib:/opt/ros/humble/opt/rviz_ogre_vendor/lib:/opt/ros/humble/lib/x86_64-linux-gnu:/opt/ros/humble/lib /usr/bin/cmake /home/mocaplab/ros2_ws/src/crazyswarm2/crazyflie_sim -DCMAKE_INSTALL_PREFIX=/home/mocaplab/ros2_ws/install/crazyflie_sim
[0.332s] Invoking command in '/home/mocaplab/ros2_ws/build/crazyflie_sim': CMAKE_PREFIX_PATH=/home/mocaplab/ros2_ws/install/crazyflie_interfaces:/home/mocaplab/ros2_ws/install/motion_capture_tracking:/home/mocaplab/ros2_ws/install/crazyflie:/home/mocaplab/ros2_ws/install/motion_capture_tracking_interfaces:/home/mocaplab/ros2_ws/install/crazyflie_sim:/home/mocaplab/ros2_ws/install/crazyflie_examples:/home/mocaplab/ros2_ws/install/crazyflie_py:/opt/ros/humble CONDA_PROMPT_MODIFIER=(base) LD_LIBRARY_PATH=/home/mocaplab/ros2_ws/install/crazyflie_interfaces/lib:/home/mocaplab/ros2_ws/install/motion_capture_tracking_interfaces/lib:/opt/ros/humble/opt/rviz_ogre_vendor/lib:/opt/ros/humble/lib/x86_64-linux-gnu:/opt/ros/humble/lib /usr/bin/cmake --build /home/mocaplab/ros2_ws/build/crazyflie_sim -- -j16 -l16
[0.365s] Built target ament_cmake_python_symlink_crazyflie_sim_setup
[0.365s] Built target ament_cmake_python_symlink_crazyflie_sim
[0.491s] running install_scripts
[0.492s] running egg_info
[0.503s] writing crazyflie_sim.egg-info/PKG-INFO
[0.503s] writing dependency_links to crazyflie_sim.egg-info/dependency_links.txt
[0.503s] writing entry points to crazyflie_sim.egg-info/entry_points.txt
[0.503s] writing top-level names to crazyflie_sim.egg-info/top_level.txt
[0.511s] /home/mocaplab/.local/lib/python3.10/site-packages/setuptools/_distutils/cmd.py:66: SetuptoolsDeprecationWarning: setup.py install is deprecated.
[0.511s] !!
[0.511s] 
[0.511s]         ********************************************************************************
[0.511s]         Please avoid running ``setup.py`` directly.
[0.511s]         Instead, use pypa/build, pypa/installer or other
[0.511s]         standards-based tools.
[0.511s] 
[0.512s]         See https://blog.ganssle.io/articles/2021/10/setup-py-deprecated.html for details.
[0.512s]         ********************************************************************************
[0.512s] 
[0.512s] !!
[0.512s]   self.initialize_options()
[0.514s] running egg_info
[0.537s] writing crazyflie_sim.egg-info/PKG-INFO
[0.537s] writing dependency_links to crazyflie_sim.egg-info/dependency_links.txt
[0.538s] writing entry points to crazyflie_sim.egg-info/entry_points.txt
[0.538s] writing top-level names to crazyflie_sim.egg-info/top_level.txt
[0.607s] reading manifest file 'crazyflie_sim.egg-info/SOURCES.txt'
[0.607s] writing manifest file 'crazyflie_sim.egg-info/SOURCES.txt'
[0.623s] reading manifest file 'crazyflie_sim.egg-info/SOURCES.txt'
[0.623s] writing manifest file 'crazyflie_sim.egg-info/SOURCES.txt'
[0.627s] Built target ament_cmake_python_build_crazyflie_sim_egg
[0.655s] Installing crazyflie_server script to scripts
[0.677s] Built target ament_cmake_python_build_crazyflie_sim_scripts
[0.683s] Invoked command in '/home/mocaplab/ros2_ws/build/crazyflie_sim' returned '0': CMAKE_PREFIX_PATH=/home/mocaplab/ros2_ws/install/crazyflie_interfaces:/home/mocaplab/ros2_ws/install/motion_capture_tracking:/home/mocaplab/ros2_ws/install/crazyflie:/home/mocaplab/ros2_ws/install/motion_capture_tracking_interfaces:/home/mocaplab/ros2_ws/install/crazyflie_sim:/home/mocaplab/ros2_ws/install/crazyflie_examples:/home/mocaplab/ros2_ws/install/crazyflie_py:/opt/ros/humble CONDA_PROMPT_MODIFIER=(base) LD_LIBRARY_PATH=/home/mocaplab/ros2_ws/install/crazyflie_interfaces/lib:/home/mocaplab/ros2_ws/install/motion_capture_tracking_interfaces/lib:/opt/ros/humble/opt/rviz_ogre_vendor/lib:/opt/ros/humble/lib/x86_64-linux-gnu:/opt/ros/humble/lib /usr/bin/cmake --build /home/mocaplab/ros2_ws/build/crazyflie_sim -- -j16 -l16
[0.699s] Invoking command in '/home/mocaplab/ros2_ws/build/crazyflie_sim': CMAKE_PREFIX_PATH=/home/mocaplab/ros2_ws/install/crazyflie_interfaces:/home/mocaplab/ros2_ws/install/motion_capture_tracking:/home/mocaplab/ros2_ws/install/crazyflie:/home/mocaplab/ros2_ws/install/motion_capture_tracking_interfaces:/home/mocaplab/ros2_ws/install/crazyflie_sim:/home/mocaplab/ros2_ws/install/crazyflie_examples:/home/mocaplab/ros2_ws/install/crazyflie_py:/opt/ros/humble CONDA_PROMPT_MODIFIER=(base) LD_LIBRARY_PATH=/home/mocaplab/ros2_ws/install/crazyflie_interfaces/lib:/home/mocaplab/ros2_ws/install/motion_capture_tracking_interfaces/lib:/opt/ros/humble/opt/rviz_ogre_vendor/lib:/opt/ros/humble/lib/x86_64-linux-gnu:/opt/ros/humble/lib /usr/bin/cmake --install /home/mocaplab/ros2_ws/build/crazyflie_sim
[0.703s] -- Install configuration: ""
[0.704s] -- Execute custom install script
[0.704s] -- Up-to-date symlink: /home/mocaplab/ros2_ws/install/crazyflie_sim/share/crazyflie_sim/environment/pythonpath.sh
[0.704s] -- Up-to-date symlink: /home/mocaplab/ros2_ws/install/crazyflie_sim/share/crazyflie_sim/environment/pythonpath.dsv
[0.704s] -- Up-to-date symlink: /home/mocaplab/ros2_ws/install/crazyflie_sim/local/lib/python3.10/dist-packages/crazyflie_sim-2.0.0-py3.10.egg-info/PKG-INFO
[0.704s] -- Up-to-date symlink: /home/mocaplab/ros2_ws/install/crazyflie_sim/local/lib/python3.10/dist-packages/crazyflie_sim-2.0.0-py3.10.egg-info/SOURCES.txt
[0.705s] -- Up-to-date symlink: /home/mocaplab/ros2_ws/install/crazyflie_sim/local/lib/python3.10/dist-packages/crazyflie_sim-2.0.0-py3.10.egg-info/dependency_links.txt
[0.705s] -- Up-to-date symlink: /home/mocaplab/ros2_ws/install/crazyflie_sim/local/lib/python3.10/dist-packages/crazyflie_sim-2.0.0-py3.10.egg-info/entry_points.txt
[0.705s] -- Up-to-date symlink: /home/mocaplab/ros2_ws/install/crazyflie_sim/local/lib/python3.10/dist-packages/crazyflie_sim-2.0.0-py3.10.egg-info/top_level.txt
[0.705s] -- Up-to-date symlink: /home/mocaplab/ros2_ws/install/crazyflie_sim/lib/crazyflie_sim//crazyflie_server
[0.706s] -- Up-to-date symlink: /home/mocaplab/ros2_ws/install/crazyflie_sim/local/lib/python3.10/dist-packages/crazyflie_sim/__init__.py
[0.707s] -- Up-to-date symlink: /home/mocaplab/ros2_ws/install/crazyflie_sim/local/lib/python3.10/dist-packages/crazyflie_sim/backend/none.py
[0.707s] -- Up-to-date symlink: /home/mocaplab/ros2_ws/install/crazyflie_sim/local/lib/python3.10/dist-packages/crazyflie_sim/backend/np.py
[0.707s] -- Up-to-date symlink: /home/mocaplab/ros2_ws/install/crazyflie_sim/local/lib/python3.10/dist-packages/crazyflie_sim/crazyflie_server.py
[0.707s] -- Up-to-date symlink: /home/mocaplab/ros2_ws/install/crazyflie_sim/local/lib/python3.10/dist-packages/crazyflie_sim/crazyflie_sil.py
[0.707s] -- Up-to-date symlink: /home/mocaplab/ros2_ws/install/crazyflie_sim/local/lib/python3.10/dist-packages/crazyflie_sim/sim_data_types.py
[0.707s] -- Up-to-date symlink: /home/mocaplab/ros2_ws/install/crazyflie_sim/local/lib/python3.10/dist-packages/crazyflie_sim/visualization/README.md
[0.708s] -- Up-to-date symlink: /home/mocaplab/ros2_ws/install/crazyflie_sim/local/lib/python3.10/dist-packages/crazyflie_sim/visualization/blender.py
[0.708s] -- Up-to-date symlink: /home/mocaplab/ros2_ws/install/crazyflie_sim/local/lib/python3.10/dist-packages/crazyflie_sim/visualization/data/README.md
[0.708s] -- Up-to-date symlink: /home/mocaplab/ros2_ws/install/crazyflie_sim/local/lib/python3.10/dist-packages/crazyflie_sim/visualization/data/env/abandoned_greenhouse.jpg
[0.708s] -- Up-to-date symlink: /home/mocaplab/ros2_ws/install/crazyflie_sim/local/lib/python3.10/dist-packages/crazyflie_sim/visualization/data/env/aerodynamics_workshop.jpg
[0.708s] -- Up-to-date symlink: /home/mocaplab/ros2_ws/install/crazyflie_sim/local/lib/python3.10/dist-packages/crazyflie_sim/visualization/data/env/aviation_museum.jpg
[0.708s] -- Up-to-date symlink: /home/mocaplab/ros2_ws/install/crazyflie_sim/local/lib/python3.10/dist-packages/crazyflie_sim/visualization/data/env/crosswalk.jpg
[0.708s] -- Up-to-date symlink: /home/mocaplab/ros2_ws/install/crazyflie_sim/local/lib/python3.10/dist-packages/crazyflie_sim/visualization/data/env/derelict_overpass.jpg
[0.708s] -- Up-to-date symlink: /home/mocaplab/ros2_ws/install/crazyflie_sim/local/lib/python3.10/dist-packages/crazyflie_sim/visualization/data/env/env.jpg
[0.708s] -- Up-to-date symlink: /home/mocaplab/ros2_ws/install/crazyflie_sim/local/lib/python3.10/dist-packages/crazyflie_sim/visualization/data/env/lago_disola.jpg
[0.708s] -- Up-to-date symlink: /home/mocaplab/ros2_ws/install/crazyflie_sim/local/lib/python3.10/dist-packages/crazyflie_sim/visualization/data/env/lake_pier.jpg
[0.708s] -- Up-to-date symlink: /home/mocaplab/ros2_ws/install/crazyflie_sim/local/lib/python3.10/dist-packages/crazyflie_sim/visualization/data/env/machine_shop.jpg
[0.708s] -- Up-to-date symlink: /home/mocaplab/ros2_ws/install/crazyflie_sim/local/lib/python3.10/dist-packages/crazyflie_sim/visualization/data/env/museumplein.jpg
[0.708s] -- Up-to-date symlink: /home/mocaplab/ros2_ws/install/crazyflie_sim/local/lib/python3.10/dist-packages/crazyflie_sim/visualization/data/env/peppermint_powerplant.jpg
[0.709s] -- Up-to-date symlink: /home/mocaplab/ros2_ws/install/crazyflie_sim/local/lib/python3.10/dist-packages/crazyflie_sim/visualization/data/env/studio_garden.jpg
[0.709s] -- Up-to-date symlink: /home/mocaplab/ros2_ws/install/crazyflie_sim/local/lib/python3.10/dist-packages/crazyflie_sim/visualization/data/model/cf.mtl
[0.709s] -- Up-to-date symlink: /home/mocaplab/ros2_ws/install/crazyflie_sim/local/lib/python3.10/dist-packages/crazyflie_sim/visualization/data/model/cf.obj
[0.709s] -- Up-to-date symlink: /home/mocaplab/ros2_ws/install/crazyflie_sim/local/lib/python3.10/dist-packages/crazyflie_sim/visualization/pdf.py
[0.709s] -- Up-to-date symlink: /home/mocaplab/ros2_ws/install/crazyflie_sim/local/lib/python3.10/dist-packages/crazyflie_sim/visualization/record_states.py
[0.709s] -- Up-to-date symlink: /home/mocaplab/ros2_ws/install/crazyflie_sim/local/lib/python3.10/dist-packages/crazyflie_sim/visualization/rviz.py
[0.709s] -- Up-to-date symlink: /home/mocaplab/ros2_ws/install/crazyflie_sim/share/ament_index/resource_index/package_run_dependencies/crazyflie_sim
[0.709s] -- Up-to-date symlink: /home/mocaplab/ros2_ws/install/crazyflie_sim/share/ament_index/resource_index/parent_prefix_path/crazyflie_sim
[0.709s] -- Up-to-date symlink: /home/mocaplab/ros2_ws/install/crazyflie_sim/share/crazyflie_sim/environment/ament_prefix_path.sh
[0.709s] -- Up-to-date symlink: /home/mocaplab/ros2_ws/install/crazyflie_sim/share/crazyflie_sim/environment/ament_prefix_path.dsv
[0.709s] -- Up-to-date symlink: /home/mocaplab/ros2_ws/install/crazyflie_sim/share/crazyflie_sim/environment/path.sh
[0.710s] -- Up-to-date symlink: /home/mocaplab/ros2_ws/install/crazyflie_sim/share/crazyflie_sim/environment/path.dsv
[0.710s] -- Up-to-date symlink: /home/mocaplab/ros2_ws/install/crazyflie_sim/share/crazyflie_sim/local_setup.bash
[0.710s] -- Up-to-date symlink: /home/mocaplab/ros2_ws/install/crazyflie_sim/share/crazyflie_sim/local_setup.sh
[0.710s] -- Up-to-date symlink: /home/mocaplab/ros2_ws/install/crazyflie_sim/share/crazyflie_sim/local_setup.zsh
[0.710s] -- Up-to-date symlink: /home/mocaplab/ros2_ws/install/crazyflie_sim/share/crazyflie_sim/local_setup.dsv
[0.710s] -- Symlinking: /home/mocaplab/ros2_ws/install/crazyflie_sim/share/crazyflie_sim/package.dsv
[0.716s] -- Up-to-date symlink: /home/mocaplab/ros2_ws/install/crazyflie_sim/share/ament_index/resource_index/packages/crazyflie_sim
[0.716s] -- Up-to-date symlink: /home/mocaplab/ros2_ws/install/crazyflie_sim/share/crazyflie_sim/cmake/crazyflie_simConfig.cmake
[0.716s] -- Up-to-date symlink: /home/mocaplab/ros2_ws/install/crazyflie_sim/share/crazyflie_sim/cmake/crazyflie_simConfig-version.cmake
[0.716s] -- Up-to-date symlink: /home/mocaplab/ros2_ws/install/crazyflie_sim/share/crazyflie_sim/package.xml
[0.739s] Listing '/home/mocaplab/ros2_ws/install/crazyflie_sim/local/lib/python3.10/dist-packages/crazyflie_sim'...
[0.739s] Listing '/home/mocaplab/ros2_ws/install/crazyflie_sim/local/lib/python3.10/dist-packages/crazyflie_sim/backend'...
[0.739s] Listing '/home/mocaplab/ros2_ws/install/crazyflie_sim/local/lib/python3.10/dist-packages/crazyflie_sim/visualization'...
[0.739s] Listing '/home/mocaplab/ros2_ws/install/crazyflie_sim/local/lib/python3.10/dist-packages/crazyflie_sim/visualization/data'...
[0.739s] Listing '/home/mocaplab/ros2_ws/install/crazyflie_sim/local/lib/python3.10/dist-packages/crazyflie_sim/visualization/data/env'...
[0.739s] Listing '/home/mocaplab/ros2_ws/install/crazyflie_sim/local/lib/python3.10/dist-packages/crazyflie_sim/visualization/data/model'...
[0.743s] Invoked command in '/home/mocaplab/ros2_ws/build/crazyflie_sim' returned '0': CMAKE_PREFIX_PATH=/home/mocaplab/ros2_ws/install/crazyflie_interfaces:/home/mocaplab/ros2_ws/install/motion_capture_tracking:/home/mocaplab/ros2_ws/install/crazyflie:/home/mocaplab/ros2_ws/install/motion_capture_tracking_interfaces:/home/mocaplab/ros2_ws/install/crazyflie_sim:/home/mocaplab/ros2_ws/install/crazyflie_examples:/home/mocaplab/ros2_ws/install/crazyflie_py:/opt/ros/humble CONDA_PROMPT_MODIFIER=(base) LD_LIBRARY_PATH=/home/mocaplab/ros2_ws/install/crazyflie_interfaces/lib:/home/mocaplab/ros2_ws/install/motion_capture_tracking_interfaces/lib:/opt/ros/humble/opt/rviz_ogre_vendor/lib:/opt/ros/humble/lib/x86_64-linux-gnu:/opt/ros/humble/lib /usr/bin/cmake --install /home/mocaplab/ros2_ws/build/crazyflie_sim
