[ 25%] Built target crazyflieLinkCpp
[ 30%] Built target teleop
[ 38%] Built target crazyflie_cpp
[35m[1mConsolidate compiler generated dependencies of target crazyflie_server[0m
[ 44%] Built target scan
[ 50%] Built target listParams
[ 55%] Built target battery
[ 63%] Built target listMemories
[ 66%] Built target listLogVariables
[ 72%] Built target reboot
[ 77%] Built target log
[ 94%] Built target version
[ 94%] Built target setParam
[ 94%] Built target console
[ 97%] [32mBuilding CXX object CMakeFiles/crazyflie_server.dir/src/crazyflie_server.cpp.o[0m
[01m[K/home/mocaplab/ros2_ws/src/crazyswarm2/crazyflie/src/crazyflie_server.cpp:[m[K In member function ‘[01m[Kvoid CrazyflieServer::cmd_hover_changed(crazyflie_interfaces::msg::Hover_<std::allocator<void> >::SharedPtr)[m[K’:
[01m[K/home/mocaplab/ros2_ws/src/crazyswarm2/crazyflie/src/crazyflie_server.cpp:1014:15:[m[K [01;31m[Kerror: [m[K‘[01m[Kclass CrazyflieBroadcaster[m[K’ has no member named ‘[01m[KsendHoverSetpoint[m[K’
 1014 |         cfbc->[01;31m[KsendHoverSetpoint[m[K(
      |               [01;31m[K^~~~~~~~~~~~~~~~~[m[K
gmake[2]: *** [CMakeFiles/crazyflie_server.dir/build.make:76: CMakeFiles/crazyflie_server.dir/src/crazyflie_server.cpp.o] Error 1
gmake[1]: *** [CMakeFiles/Makefile2:233: CMakeFiles/crazyflie_server.dir/all] Error 2
gmake: *** [Makefile:146: all] Error 2
