[ 25%] Built target crazyflieLinkCpp
[ 30%] Built target teleop
[35m[1mConsolidate compiler generated dependencies of target crazyflie_cpp[0m
[ 38%] Built target crazyflie_cpp
[35m[1mConsolidate compiler generated dependencies of target listParams[0m
[35m[1mConsolidate compiler generated dependencies of target listLogVariables[0m
[35m[1mConsolidate compiler generated dependencies of target battery[0m
[35m[1mConsolidate compiler generated dependencies of target listMemories[0m
[35m[1mConsolidate compiler generated dependencies of target crazyflie_server[0m
[35m[1mConsolidate compiler generated dependencies of target scan[0m
[35m[1mConsolidate compiler generated dependencies of target reboot[0m
[35m[1mConsolidate compiler generated dependencies of target console[0m
[35m[1mConsolidate compiler generated dependencies of target setParam[0m
[35m[1mConsolidate compiler generated dependencies of target version[0m
[35m[1mConsolidate compiler generated dependencies of target log[0m
[ 44%] Built target listParams
[ 50%] Built target listLogVariables
[ 61%] Built target log
[ 61%] Built target version
[ 72%] Built target setParam
[ 72%] Built target listMemories
[ 94%] Built target battery
[ 94%] Built target scan
[ 97%] Built target reboot
[ 97%] [32mBuilding CXX object CMakeFiles/crazyflie_server.dir/src/crazyflie_server.cpp.o[0m
[ 97%] Built target console
