[0.007s] Invoking command in '/home/mocaplab/ros2_ws/build/crazyflie_examples': AMENT_PREFIX_PATH=/home/mocaplab/ros2_ws/install/crazyflie_py:/home/mocaplab/ros2_ws/install/motion_capture_tracking:/home/mocaplab/ros2_ws/install/crazyflie:/home/mocaplab/ros2_ws/install/motion_capture_tracking_interfaces:/home/mocaplab/ros2_ws/install/crazyflie_sim:/home/mocaplab/ros2_ws/install/crazyflie_examples:/home/mocaplab/ros2_ws/install/crazyflie_interfaces:/opt/ros/humble CMAKE_PREFIX_PATH=/home/mocaplab/ros2_ws/install/crazyflie_interfaces:/home/mocaplab/ros2_ws/install/motion_capture_tracking:/home/mocaplab/ros2_ws/install/crazyflie:/home/mocaplab/ros2_ws/install/motion_capture_tracking_interfaces:/home/mocaplab/ros2_ws/install/crazyflie_sim:/home/mocaplab/ros2_ws/install/crazyflie_examples:/home/mocaplab/ros2_ws/install/crazyflie_py:/opt/ros/humble LD_LIBRARY_PATH=/home/mocaplab/ros2_ws/install/crazyflie_interfaces/lib:/home/mocaplab/ros2_ws/install/motion_capture_tracking_interfaces/lib:/opt/ros/humble/opt/rviz_ogre_vendor/lib:/opt/ros/humble/lib/x86_64-linux-gnu:/opt/ros/humble/lib PYTHONPATH=/home/mocaplab/ros2_ws/install/crazyflie_py/lib/python3.10/site-packages:/home/mocaplab/ros2_ws/install/motion_capture_tracking_interfaces/local/lib/python3.10/dist-packages:/home/mocaplab/ros2_ws/install/crazyflie_sim/local/lib/python3.10/dist-packages:/home/mocaplab/ros2_ws/install/crazyflie_examples/local/lib/python3.10/dist-packages:/home/mocaplab/ros2_ws/install/crazyflie_interfaces/local/lib/python3.10/dist-packages:/opt/ros/humble/lib/python3.10/site-packages:/opt/ros/humble/local/lib/python3.10/dist-packages /usr/bin/cmake --build /home/mocaplab/ros2_ws/build/crazyflie_examples -- -j16 -l16
[0.041s] Built target ament_cmake_python_symlink_crazyflie_examples_setup
[0.041s] Built target ament_cmake_python_symlink_crazyflie_examples
[0.161s] running install_scripts
[0.162s] running egg_info
[0.172s] writing crazyflie_examples.egg-info/PKG-INFO
[0.172s] writing dependency_links to crazyflie_examples.egg-info/dependency_links.txt
[0.172s] writing entry points to crazyflie_examples.egg-info/entry_points.txt
[0.173s] writing top-level names to crazyflie_examples.egg-info/top_level.txt
[0.179s] /home/mocaplab/.local/lib/python3.10/site-packages/setuptools/_distutils/cmd.py:66: SetuptoolsDeprecationWarning: setup.py install is deprecated.
[0.179s] !!
[0.179s] 
[0.179s]         ********************************************************************************
[0.179s]         Please avoid running ``setup.py`` directly.
[0.179s]         Instead, use pypa/build, pypa/installer or other
[0.179s]         standards-based tools.
[0.179s] 
[0.180s]         See https://blog.ganssle.io/articles/2021/10/setup-py-deprecated.html for details.
[0.180s]         ********************************************************************************
[0.180s] 
[0.180s] !!
[0.180s]   self.initialize_options()
[0.183s] running egg_info
[0.202s] writing crazyflie_examples.egg-info/PKG-INFO
[0.203s] writing dependency_links to crazyflie_examples.egg-info/dependency_links.txt
[0.203s] writing entry points to crazyflie_examples.egg-info/entry_points.txt
[0.203s] writing top-level names to crazyflie_examples.egg-info/top_level.txt
[0.263s] reading manifest file 'crazyflie_examples.egg-info/SOURCES.txt'
[0.264s] writing manifest file 'crazyflie_examples.egg-info/SOURCES.txt'
[0.281s] Built target ament_cmake_python_build_crazyflie_examples_egg
[0.283s] reading manifest file 'crazyflie_examples.egg-info/SOURCES.txt'
[0.284s] writing manifest file 'crazyflie_examples.egg-info/SOURCES.txt'
[0.314s] Installing 3_balance script to scripts
[0.314s] Installing cmd_full_state script to scripts
[0.314s] Installing ellipse_0 script to scripts
[0.314s] Installing ellipse_1 script to scripts
[0.315s] Installing figure8 script to scripts
[0.315s] Installing hello_world script to scripts
[0.315s] Installing hover_0 script to scripts
[0.315s] Installing multi_trajectory script to scripts
[0.315s] Installing nice_hover script to scripts
[0.315s] Installing set_param script to scripts
[0.315s] Installing single_integrator script to scripts
[0.334s] Built target ament_cmake_python_build_crazyflie_examples_scripts
[0.340s] Invoked command in '/home/mocaplab/ros2_ws/build/crazyflie_examples' returned '0': AMENT_PREFIX_PATH=/home/mocaplab/ros2_ws/install/crazyflie_py:/home/mocaplab/ros2_ws/install/motion_capture_tracking:/home/mocaplab/ros2_ws/install/crazyflie:/home/mocaplab/ros2_ws/install/motion_capture_tracking_interfaces:/home/mocaplab/ros2_ws/install/crazyflie_sim:/home/mocaplab/ros2_ws/install/crazyflie_examples:/home/mocaplab/ros2_ws/install/crazyflie_interfaces:/opt/ros/humble CMAKE_PREFIX_PATH=/home/mocaplab/ros2_ws/install/crazyflie_interfaces:/home/mocaplab/ros2_ws/install/motion_capture_tracking:/home/mocaplab/ros2_ws/install/crazyflie:/home/mocaplab/ros2_ws/install/motion_capture_tracking_interfaces:/home/mocaplab/ros2_ws/install/crazyflie_sim:/home/mocaplab/ros2_ws/install/crazyflie_examples:/home/mocaplab/ros2_ws/install/crazyflie_py:/opt/ros/humble LD_LIBRARY_PATH=/home/mocaplab/ros2_ws/install/crazyflie_interfaces/lib:/home/mocaplab/ros2_ws/install/motion_capture_tracking_interfaces/lib:/opt/ros/humble/opt/rviz_ogre_vendor/lib:/opt/ros/humble/lib/x86_64-linux-gnu:/opt/ros/humble/lib PYTHONPATH=/home/mocaplab/ros2_ws/install/crazyflie_py/lib/python3.10/site-packages:/home/mocaplab/ros2_ws/install/motion_capture_tracking_interfaces/local/lib/python3.10/dist-packages:/home/mocaplab/ros2_ws/install/crazyflie_sim/local/lib/python3.10/dist-packages:/home/mocaplab/ros2_ws/install/crazyflie_examples/local/lib/python3.10/dist-packages:/home/mocaplab/ros2_ws/install/crazyflie_interfaces/local/lib/python3.10/dist-packages:/opt/ros/humble/lib/python3.10/site-packages:/opt/ros/humble/local/lib/python3.10/dist-packages /usr/bin/cmake --build /home/mocaplab/ros2_ws/build/crazyflie_examples -- -j16 -l16
[0.355s] Invoking command in '/home/mocaplab/ros2_ws/build/crazyflie_examples': AMENT_PREFIX_PATH=/home/mocaplab/ros2_ws/install/crazyflie_py:/home/mocaplab/ros2_ws/install/motion_capture_tracking:/home/mocaplab/ros2_ws/install/crazyflie:/home/mocaplab/ros2_ws/install/motion_capture_tracking_interfaces:/home/mocaplab/ros2_ws/install/crazyflie_sim:/home/mocaplab/ros2_ws/install/crazyflie_examples:/home/mocaplab/ros2_ws/install/crazyflie_interfaces:/opt/ros/humble CMAKE_PREFIX_PATH=/home/mocaplab/ros2_ws/install/crazyflie_interfaces:/home/mocaplab/ros2_ws/install/motion_capture_tracking:/home/mocaplab/ros2_ws/install/crazyflie:/home/mocaplab/ros2_ws/install/motion_capture_tracking_interfaces:/home/mocaplab/ros2_ws/install/crazyflie_sim:/home/mocaplab/ros2_ws/install/crazyflie_examples:/home/mocaplab/ros2_ws/install/crazyflie_py:/opt/ros/humble LD_LIBRARY_PATH=/home/mocaplab/ros2_ws/install/crazyflie_interfaces/lib:/home/mocaplab/ros2_ws/install/motion_capture_tracking_interfaces/lib:/opt/ros/humble/opt/rviz_ogre_vendor/lib:/opt/ros/humble/lib/x86_64-linux-gnu:/opt/ros/humble/lib PYTHONPATH=/home/mocaplab/ros2_ws/install/crazyflie_py/lib/python3.10/site-packages:/home/mocaplab/ros2_ws/install/motion_capture_tracking_interfaces/local/lib/python3.10/dist-packages:/home/mocaplab/ros2_ws/install/crazyflie_sim/local/lib/python3.10/dist-packages:/home/mocaplab/ros2_ws/install/crazyflie_examples/local/lib/python3.10/dist-packages:/home/mocaplab/ros2_ws/install/crazyflie_interfaces/local/lib/python3.10/dist-packages:/opt/ros/humble/lib/python3.10/site-packages:/opt/ros/humble/local/lib/python3.10/dist-packages /usr/bin/cmake --install /home/mocaplab/ros2_ws/build/crazyflie_examples
[0.360s] -- Install configuration: ""
[0.361s] -- Execute custom install script
[0.361s] -- Up-to-date symlink: /home/mocaplab/ros2_ws/install/crazyflie_examples/share/crazyflie_examples/environment/pythonpath.sh
[0.361s] -- Up-to-date symlink: /home/mocaplab/ros2_ws/install/crazyflie_examples/share/crazyflie_examples/environment/pythonpath.dsv
[0.361s] -- Up-to-date symlink: /home/mocaplab/ros2_ws/install/crazyflie_examples/local/lib/python3.10/dist-packages/crazyflie_examples-2.0.0-py3.10.egg-info/PKG-INFO
[0.362s] -- Up-to-date symlink: /home/mocaplab/ros2_ws/install/crazyflie_examples/local/lib/python3.10/dist-packages/crazyflie_examples-2.0.0-py3.10.egg-info/SOURCES.txt
[0.362s] -- Up-to-date symlink: /home/mocaplab/ros2_ws/install/crazyflie_examples/local/lib/python3.10/dist-packages/crazyflie_examples-2.0.0-py3.10.egg-info/dependency_links.txt
[0.362s] -- Up-to-date symlink: /home/mocaplab/ros2_ws/install/crazyflie_examples/local/lib/python3.10/dist-packages/crazyflie_examples-2.0.0-py3.10.egg-info/entry_points.txt
[0.362s] -- Up-to-date symlink: /home/mocaplab/ros2_ws/install/crazyflie_examples/local/lib/python3.10/dist-packages/crazyflie_examples-2.0.0-py3.10.egg-info/top_level.txt
[0.363s] -- Up-to-date symlink: /home/mocaplab/ros2_ws/install/crazyflie_examples/lib/crazyflie_examples//3_balance
[0.363s] -- Up-to-date symlink: /home/mocaplab/ros2_ws/install/crazyflie_examples/lib/crazyflie_examples//cmd_full_state
[0.363s] -- Up-to-date symlink: /home/mocaplab/ros2_ws/install/crazyflie_examples/lib/crazyflie_examples//ellipse_0
[0.363s] -- Symlinking: /home/mocaplab/ros2_ws/install/crazyflie_examples/lib/crazyflie_examples//ellipse_1
[0.368s] -- Up-to-date symlink: /home/mocaplab/ros2_ws/install/crazyflie_examples/lib/crazyflie_examples//figure8
[0.368s] -- Up-to-date symlink: /home/mocaplab/ros2_ws/install/crazyflie_examples/lib/crazyflie_examples//hello_world
[0.368s] -- Up-to-date symlink: /home/mocaplab/ros2_ws/install/crazyflie_examples/lib/crazyflie_examples//hover_0
[0.369s] -- Up-to-date symlink: /home/mocaplab/ros2_ws/install/crazyflie_examples/lib/crazyflie_examples//multi_trajectory
[0.369s] -- Up-to-date symlink: /home/mocaplab/ros2_ws/install/crazyflie_examples/lib/crazyflie_examples//nice_hover
[0.369s] -- Up-to-date symlink: /home/mocaplab/ros2_ws/install/crazyflie_examples/lib/crazyflie_examples//set_param
[0.369s] -- Up-to-date symlink: /home/mocaplab/ros2_ws/install/crazyflie_examples/lib/crazyflie_examples//single_integrator
[0.370s] -- Up-to-date symlink: /home/mocaplab/ros2_ws/install/crazyflie_examples/local/lib/python3.10/dist-packages/crazyflie_examples/3_balance.py
[0.370s] -- Up-to-date symlink: /home/mocaplab/ros2_ws/install/crazyflie_examples/local/lib/python3.10/dist-packages/crazyflie_examples/__init__.py
[0.370s] -- Up-to-date symlink: /home/mocaplab/ros2_ws/install/crazyflie_examples/local/lib/python3.10/dist-packages/crazyflie_examples/cmd_full_state.py
[0.370s] -- Up-to-date symlink: /home/mocaplab/ros2_ws/install/crazyflie_examples/local/lib/python3.10/dist-packages/crazyflie_examples/data/figure8.csv
[0.370s] -- Up-to-date symlink: /home/mocaplab/ros2_ws/install/crazyflie_examples/local/lib/python3.10/dist-packages/crazyflie_examples/data/multi_trajectory/traj0.csv
[0.370s] -- Up-to-date symlink: /home/mocaplab/ros2_ws/install/crazyflie_examples/local/lib/python3.10/dist-packages/crazyflie_examples/data/multi_trajectory/traj1.csv
[0.370s] -- Up-to-date symlink: /home/mocaplab/ros2_ws/install/crazyflie_examples/local/lib/python3.10/dist-packages/crazyflie_examples/ellipse_0.py
[0.370s] -- Symlinking: /home/mocaplab/ros2_ws/install/crazyflie_examples/local/lib/python3.10/dist-packages/crazyflie_examples/ellipse_1.py
[0.375s] -- Up-to-date symlink: /home/mocaplab/ros2_ws/install/crazyflie_examples/local/lib/python3.10/dist-packages/crazyflie_examples/figure8.py
[0.375s] -- Up-to-date symlink: /home/mocaplab/ros2_ws/install/crazyflie_examples/local/lib/python3.10/dist-packages/crazyflie_examples/hello_world.py
[0.375s] -- Up-to-date symlink: /home/mocaplab/ros2_ws/install/crazyflie_examples/local/lib/python3.10/dist-packages/crazyflie_examples/hover_0.py
[0.375s] -- Up-to-date symlink: /home/mocaplab/ros2_ws/install/crazyflie_examples/local/lib/python3.10/dist-packages/crazyflie_examples/multi_trajectory.py
[0.375s] -- Up-to-date symlink: /home/mocaplab/ros2_ws/install/crazyflie_examples/local/lib/python3.10/dist-packages/crazyflie_examples/nice_hover.py
[0.375s] -- Up-to-date symlink: /home/mocaplab/ros2_ws/install/crazyflie_examples/local/lib/python3.10/dist-packages/crazyflie_examples/set_param.py
[0.376s] -- Up-to-date symlink: /home/mocaplab/ros2_ws/install/crazyflie_examples/local/lib/python3.10/dist-packages/crazyflie_examples/single_integrator.py
[0.376s] -- Up-to-date symlink: /home/mocaplab/ros2_ws/install/crazyflie_examples/share/crazyflie_examples//config/nav2_params.yaml
[0.376s] -- Up-to-date symlink: /home/mocaplab/ros2_ws/install/crazyflie_examples/share/crazyflie_examples//config/nav2_view.rviz
[0.376s] -- Up-to-date symlink: /home/mocaplab/ros2_ws/install/crazyflie_examples/share/crazyflie_examples//data/map.data
[0.376s] -- Up-to-date symlink: /home/mocaplab/ros2_ws/install/crazyflie_examples/share/crazyflie_examples//data/map.pgm
[0.376s] -- Up-to-date symlink: /home/mocaplab/ros2_ws/install/crazyflie_examples/share/crazyflie_examples//data/map.posegraph
[0.376s] -- Up-to-date symlink: /home/mocaplab/ros2_ws/install/crazyflie_examples/share/crazyflie_examples//data/map.yaml
[0.376s] -- Up-to-date symlink: /home/mocaplab/ros2_ws/install/crazyflie_examples/share/crazyflie_examples//launch/keyboard_velmux_launch.py
[0.377s] -- Up-to-date symlink: /home/mocaplab/ros2_ws/install/crazyflie_examples/share/crazyflie_examples//launch/multiranger_mapping_launch.py
[0.377s] -- Up-to-date symlink: /home/mocaplab/ros2_ws/install/crazyflie_examples/share/crazyflie_examples//launch/multiranger_nav2_launch.py
[0.377s] -- Up-to-date symlink: /home/mocaplab/ros2_ws/install/crazyflie_examples/share/ament_index/resource_index/package_run_dependencies/crazyflie_examples
[0.377s] -- Up-to-date symlink: /home/mocaplab/ros2_ws/install/crazyflie_examples/share/ament_index/resource_index/parent_prefix_path/crazyflie_examples
[0.377s] -- Up-to-date symlink: /home/mocaplab/ros2_ws/install/crazyflie_examples/share/crazyflie_examples/environment/ament_prefix_path.sh
[0.377s] -- Up-to-date symlink: /home/mocaplab/ros2_ws/install/crazyflie_examples/share/crazyflie_examples/environment/ament_prefix_path.dsv
[0.377s] -- Up-to-date symlink: /home/mocaplab/ros2_ws/install/crazyflie_examples/share/crazyflie_examples/environment/path.sh
[0.377s] -- Up-to-date symlink: /home/mocaplab/ros2_ws/install/crazyflie_examples/share/crazyflie_examples/environment/path.dsv
[0.377s] -- Up-to-date symlink: /home/mocaplab/ros2_ws/install/crazyflie_examples/share/crazyflie_examples/local_setup.bash
[0.377s] -- Up-to-date symlink: /home/mocaplab/ros2_ws/install/crazyflie_examples/share/crazyflie_examples/local_setup.sh
[0.378s] -- Up-to-date symlink: /home/mocaplab/ros2_ws/install/crazyflie_examples/share/crazyflie_examples/local_setup.zsh
[0.378s] -- Up-to-date symlink: /home/mocaplab/ros2_ws/install/crazyflie_examples/share/crazyflie_examples/local_setup.dsv
[0.378s] -- Symlinking: /home/mocaplab/ros2_ws/install/crazyflie_examples/share/crazyflie_examples/package.dsv
[0.382s] -- Up-to-date symlink: /home/mocaplab/ros2_ws/install/crazyflie_examples/share/ament_index/resource_index/packages/crazyflie_examples
[0.382s] -- Up-to-date symlink: /home/mocaplab/ros2_ws/install/crazyflie_examples/share/crazyflie_examples/cmake/crazyflie_examplesConfig.cmake
[0.382s] -- Up-to-date symlink: /home/mocaplab/ros2_ws/install/crazyflie_examples/share/crazyflie_examples/cmake/crazyflie_examplesConfig-version.cmake
[0.382s] -- Up-to-date symlink: /home/mocaplab/ros2_ws/install/crazyflie_examples/share/crazyflie_examples/package.xml
[0.407s] Listing '/home/mocaplab/ros2_ws/install/crazyflie_examples/local/lib/python3.10/dist-packages/crazyflie_examples'...
[0.407s] Listing '/home/mocaplab/ros2_ws/install/crazyflie_examples/local/lib/python3.10/dist-packages/crazyflie_examples/data'...
[0.407s] Listing '/home/mocaplab/ros2_ws/install/crazyflie_examples/local/lib/python3.10/dist-packages/crazyflie_examples/data/multi_trajectory'...
[0.407s] Compiling '/home/mocaplab/ros2_ws/install/crazyflie_examples/local/lib/python3.10/dist-packages/crazyflie_examples/ellipse_0.py'...
[0.407s] Compiling '/home/mocaplab/ros2_ws/install/crazyflie_examples/local/lib/python3.10/dist-packages/crazyflie_examples/ellipse_1.py'...
[0.407s] Compiling '/home/mocaplab/ros2_ws/install/crazyflie_examples/local/lib/python3.10/dist-packages/crazyflie_examples/hello_world.py'...
[0.412s] Invoked command in '/home/mocaplab/ros2_ws/build/crazyflie_examples' returned '0': AMENT_PREFIX_PATH=/home/mocaplab/ros2_ws/install/crazyflie_py:/home/mocaplab/ros2_ws/install/motion_capture_tracking:/home/mocaplab/ros2_ws/install/crazyflie:/home/mocaplab/ros2_ws/install/motion_capture_tracking_interfaces:/home/mocaplab/ros2_ws/install/crazyflie_sim:/home/mocaplab/ros2_ws/install/crazyflie_examples:/home/mocaplab/ros2_ws/install/crazyflie_interfaces:/opt/ros/humble CMAKE_PREFIX_PATH=/home/mocaplab/ros2_ws/install/crazyflie_interfaces:/home/mocaplab/ros2_ws/install/motion_capture_tracking:/home/mocaplab/ros2_ws/install/crazyflie:/home/mocaplab/ros2_ws/install/motion_capture_tracking_interfaces:/home/mocaplab/ros2_ws/install/crazyflie_sim:/home/mocaplab/ros2_ws/install/crazyflie_examples:/home/mocaplab/ros2_ws/install/crazyflie_py:/opt/ros/humble LD_LIBRARY_PATH=/home/mocaplab/ros2_ws/install/crazyflie_interfaces/lib:/home/mocaplab/ros2_ws/install/motion_capture_tracking_interfaces/lib:/opt/ros/humble/opt/rviz_ogre_vendor/lib:/opt/ros/humble/lib/x86_64-linux-gnu:/opt/ros/humble/lib PYTHONPATH=/home/mocaplab/ros2_ws/install/crazyflie_py/lib/python3.10/site-packages:/home/mocaplab/ros2_ws/install/motion_capture_tracking_interfaces/local/lib/python3.10/dist-packages:/home/mocaplab/ros2_ws/install/crazyflie_sim/local/lib/python3.10/dist-packages:/home/mocaplab/ros2_ws/install/crazyflie_examples/local/lib/python3.10/dist-packages:/home/mocaplab/ros2_ws/install/crazyflie_interfaces/local/lib/python3.10/dist-packages:/opt/ros/humble/lib/python3.10/site-packages:/opt/ros/humble/local/lib/python3.10/dist-packages /usr/bin/cmake --install /home/mocaplab/ros2_ws/build/crazyflie_examples
