[0.132s] Invoking command in '/home/mocaplab/ros2_ws/build/crazyflie': CMAKE_PREFIX_PATH=/home/mocaplab/ros2_ws/install/motion_capture_tracking_interfaces:/home/mocaplab/ros2_ws/install/crazyflie_interfaces:/home/mocaplab/ros2_ws/install/motion_capture_tracking:/home/mocaplab/ros2_ws/install/crazyflie:/home/mocaplab/ros2_ws/install/crazyflie_sim:/home/mocaplab/ros2_ws/install/crazyflie_examples:/home/mocaplab/ros2_ws/install/crazyflie_py:/opt/ros/humble /usr/bin/cmake --build /home/mocaplab/ros2_ws/build/crazyflie -- -j16 -l16
[0.162s] [ 25%] Built target crazyflieLinkCpp
[0.163s] [ 30%] Built target teleop
[0.175s] [ 38%] Built target crazyflie_cpp
[0.186s] [35m[1mConsolidate compiler generated dependencies of target crazyflie_server[0m
[0.197s] [ 44%] Built target listParams
[0.197s] [ 61%] Built target battery
[0.197s] [ 61%] Built target listLogVariables
[0.197s] [ 61%] Built target scan
[0.197s] [ 66%] Built target listMemories
[0.198s] [ 72%] Built target console
[0.199s] [ 77%] Built target reboot
[0.199s] [ 83%] Built target log
[0.199s] [ 88%] Built target version
[0.199s] [ 94%] Built target setParam
[0.202s] [ 97%] [32mBuilding CXX object CMakeFiles/crazyflie_server.dir/src/crazyflie_server.cpp.o[0m
[20.749s] [100%] [32m[1mLinking CXX executable crazyflie_server[0m
[22.245s] [100%] Built target crazyflie_server
[22.256s] Invoked command in '/home/mocaplab/ros2_ws/build/crazyflie' returned '0': CMAKE_PREFIX_PATH=/home/mocaplab/ros2_ws/install/motion_capture_tracking_interfaces:/home/mocaplab/ros2_ws/install/crazyflie_interfaces:/home/mocaplab/ros2_ws/install/motion_capture_tracking:/home/mocaplab/ros2_ws/install/crazyflie:/home/mocaplab/ros2_ws/install/crazyflie_sim:/home/mocaplab/ros2_ws/install/crazyflie_examples:/home/mocaplab/ros2_ws/install/crazyflie_py:/opt/ros/humble /usr/bin/cmake --build /home/mocaplab/ros2_ws/build/crazyflie -- -j16 -l16
[22.290s] Invoking command in '/home/mocaplab/ros2_ws/build/crazyflie': CMAKE_PREFIX_PATH=/home/mocaplab/ros2_ws/install/motion_capture_tracking_interfaces:/home/mocaplab/ros2_ws/install/crazyflie_interfaces:/home/mocaplab/ros2_ws/install/motion_capture_tracking:/home/mocaplab/ros2_ws/install/crazyflie:/home/mocaplab/ros2_ws/install/crazyflie_sim:/home/mocaplab/ros2_ws/install/crazyflie_examples:/home/mocaplab/ros2_ws/install/crazyflie_py:/opt/ros/humble /usr/bin/cmake --install /home/mocaplab/ros2_ws/build/crazyflie
[22.294s] -- Install configuration: ""
[22.294s] -- Execute custom install script
[22.294s] -- Up-to-date symlink: /home/mocaplab/ros2_ws/install/crazyflie/lib/crazyflie/scan
[22.294s] -- Up-to-date symlink: /home/mocaplab/ros2_ws/install/crazyflie/lib/crazyflie/listParams
[22.294s] -- Up-to-date symlink: /home/mocaplab/ros2_ws/install/crazyflie/lib/crazyflie/listLogVariables
[22.295s] -- Up-to-date symlink: /home/mocaplab/ros2_ws/install/crazyflie/lib/crazyflie/listMemories
[22.295s] -- Up-to-date symlink: /home/mocaplab/ros2_ws/install/crazyflie/lib/crazyflie/reboot
[22.295s] -- Up-to-date symlink: /home/mocaplab/ros2_ws/install/crazyflie/lib/crazyflie/battery
[22.295s] -- Up-to-date symlink: /home/mocaplab/ros2_ws/install/crazyflie/lib/crazyflie/version
[22.295s] -- Up-to-date symlink: /home/mocaplab/ros2_ws/install/crazyflie/lib/crazyflie/console
[22.295s] -- Up-to-date symlink: /home/mocaplab/ros2_ws/install/crazyflie/lib/crazyflie/log
[22.295s] -- Up-to-date symlink: /home/mocaplab/ros2_ws/install/crazyflie/lib/crazyflie/setParam
[22.295s] -- Up-to-date symlink: /home/mocaplab/ros2_ws/install/crazyflie/lib/crazyflie/teleop
[22.295s] -- Up-to-date symlink: /home/mocaplab/ros2_ws/install/crazyflie/lib/crazyflie/crazyflie_server
[22.295s] -- Up-to-date symlink: /home/mocaplab/ros2_ws/install/crazyflie/lib/crazyflie/crazyflie_server.py
[22.295s] -- Up-to-date symlink: /home/mocaplab/ros2_ws/install/crazyflie/lib/crazyflie/chooser.py
[22.295s] -- Up-to-date symlink: /home/mocaplab/ros2_ws/install/crazyflie/lib/crazyflie/vel_mux.py
[22.295s] -- Up-to-date symlink: /home/mocaplab/ros2_ws/install/crazyflie/lib/crazyflie/cfmult.py
[22.295s] -- Up-to-date symlink: /home/mocaplab/ros2_ws/install/crazyflie/share/crazyflie//launch/launch.py
[22.295s] -- Up-to-date symlink: /home/mocaplab/ros2_ws/install/crazyflie/share/crazyflie//launch/launch_teleop2.py
[22.295s] -- Up-to-date symlink: /home/mocaplab/ros2_ws/install/crazyflie/share/crazyflie//launch/teleop_launch.py
[22.296s] -- Up-to-date symlink: /home/mocaplab/ros2_ws/install/crazyflie/share/crazyflie//config/config.rviz
[22.296s] -- Up-to-date symlink: /home/mocaplab/ros2_ws/install/crazyflie/share/crazyflie//config/crazyflies.yaml
[22.296s] -- Up-to-date symlink: /home/mocaplab/ros2_ws/install/crazyflie/share/crazyflie//config/motion_capture.yaml
[22.296s] -- Up-to-date symlink: /home/mocaplab/ros2_ws/install/crazyflie/share/crazyflie//config/server.yaml
[22.296s] -- Up-to-date symlink: /home/mocaplab/ros2_ws/install/crazyflie/share/crazyflie//config/teleop.yaml
[22.296s] -- Up-to-date symlink: /home/mocaplab/ros2_ws/install/crazyflie/share/ament_index/resource_index/package_run_dependencies/crazyflie
[22.296s] -- Up-to-date symlink: /home/mocaplab/ros2_ws/install/crazyflie/share/ament_index/resource_index/parent_prefix_path/crazyflie
[22.296s] -- Up-to-date symlink: /home/mocaplab/ros2_ws/install/crazyflie/share/crazyflie/environment/ament_prefix_path.sh
[22.296s] -- Up-to-date symlink: /home/mocaplab/ros2_ws/install/crazyflie/share/crazyflie/environment/ament_prefix_path.dsv
[22.296s] -- Up-to-date symlink: /home/mocaplab/ros2_ws/install/crazyflie/share/crazyflie/environment/path.sh
[22.296s] -- Up-to-date symlink: /home/mocaplab/ros2_ws/install/crazyflie/share/crazyflie/environment/path.dsv
[22.296s] -- Up-to-date symlink: /home/mocaplab/ros2_ws/install/crazyflie/share/crazyflie/local_setup.bash
[22.296s] -- Up-to-date symlink: /home/mocaplab/ros2_ws/install/crazyflie/share/crazyflie/local_setup.sh
[22.296s] -- Up-to-date symlink: /home/mocaplab/ros2_ws/install/crazyflie/share/crazyflie/local_setup.zsh
[22.296s] -- Up-to-date symlink: /home/mocaplab/ros2_ws/install/crazyflie/share/crazyflie/local_setup.dsv
[22.296s] -- Symlinking: /home/mocaplab/ros2_ws/install/crazyflie/share/crazyflie/package.dsv
[22.301s] -- Up-to-date symlink: /home/mocaplab/ros2_ws/install/crazyflie/share/ament_index/resource_index/packages/crazyflie
[22.301s] -- Up-to-date symlink: /home/mocaplab/ros2_ws/install/crazyflie/share/crazyflie/cmake/crazyflieConfig.cmake
[22.301s] -- Up-to-date symlink: /home/mocaplab/ros2_ws/install/crazyflie/share/crazyflie/cmake/crazyflieConfig-version.cmake
[22.301s] -- Up-to-date symlink: /home/mocaplab/ros2_ws/install/crazyflie/share/crazyflie/package.xml
[22.304s] Invoked command in '/home/mocaplab/ros2_ws/build/crazyflie' returned '0': CMAKE_PREFIX_PATH=/home/mocaplab/ros2_ws/install/motion_capture_tracking_interfaces:/home/mocaplab/ros2_ws/install/crazyflie_interfaces:/home/mocaplab/ros2_ws/install/motion_capture_tracking:/home/mocaplab/ros2_ws/install/crazyflie:/home/mocaplab/ros2_ws/install/crazyflie_sim:/home/mocaplab/ros2_ws/install/crazyflie_examples:/home/mocaplab/ros2_ws/install/crazyflie_py:/opt/ros/humble /usr/bin/cmake --install /home/mocaplab/ros2_ws/build/crazyflie
