[0.038s] Invoking command in '/home/mocaplab/ros2_ws/build/motion_capture_tracking': AMENT_PREFIX_PATH=/home/mocaplab/ros2_ws/install/motion_capture_tracking_interfaces:${AMENT_PREFIX_PATH} CMAKE_PREFIX_PATH=/home/mocaplab/ros2_ws/install/motion_capture_tracking_interfaces:/opt/ros/humble LD_LIBRARY_PATH=/home/mocaplab/ros2_ws/install/motion_capture_tracking_interfaces/lib:${LD_LIBRARY_PATH} PYTHONPATH=/home/mocaplab/ros2_ws/install/motion_capture_tracking_interfaces/local/lib/python3.10/dist-packages:${PYTHONPATH} /usr/bin/cmake /home/mocaplab/ros2_ws/src/motion_capture_tracking/motion_capture_tracking -DAMENT_CMAKE_SYMLINK_INSTALL=1 -DCMAKE_INSTALL_PREFIX=/home/mocaplab/ros2_ws/install/motion_capture_tracking
[0.095s] -- The C compiler identification is GNU 11.4.0
[0.178s] -- The CXX compiler identification is GNU 11.4.0
[0.190s] -- Detecting C compiler ABI info
[0.294s] -- Detecting C compiler ABI info - done
[0.303s] -- Check for working C compiler: /usr/bin/cc - skipped
[0.303s] -- Detecting C compile features
[0.304s] -- Detecting C compile features - done
[0.307s] -- Detecting CXX compiler ABI info
[0.443s] -- Detecting CXX compiler ABI info - done
[0.453s] -- Check for working CXX compiler: /usr/bin/c++ - skipped
[0.453s] -- Detecting CXX compile features
[0.454s] -- Detecting CXX compile features - done
[0.456s] -- Found ament_cmake: 1.3.5 (/opt/ros/humble/share/ament_cmake/cmake)
[0.947s] -- Found Python3: /usr/bin/python3.10 (found version "3.10.12") found components: Interpreter 
[1.031s] -- Override CMake install command with custom implementation using symlinks instead of copying resources
[1.061s] -- Found rclcpp: 16.0.5 (/opt/ros/humble/share/rclcpp/cmake)
[1.105s] -- Found rosidl_generator_c: 3.1.5 (/opt/ros/humble/share/rosidl_generator_c/cmake)
[1.111s] -- Found rosidl_adapter: 3.1.5 (/opt/ros/humble/share/rosidl_adapter/cmake)
[1.121s] -- Found rosidl_generator_cpp: 3.1.5 (/opt/ros/humble/share/rosidl_generator_cpp/cmake)
[1.139s] -- Using all available rosidl_typesupport_c: rosidl_typesupport_fastrtps_c;rosidl_typesupport_introspection_c
[1.163s] -- Using all available rosidl_typesupport_cpp: rosidl_typesupport_fastrtps_cpp;rosidl_typesupport_introspection_cpp
[1.247s] -- Found rmw_implementation_cmake: 6.1.1 (/opt/ros/humble/share/rmw_implementation_cmake/cmake)
[1.250s] -- Found rmw_fastrtps_cpp: 6.2.3 (/opt/ros/humble/share/rmw_fastrtps_cpp/cmake)
[1.396s] -- Found OpenSSL: /usr/lib/x86_64-linux-gnu/libcrypto.so (found version "3.0.2")  
[1.458s] -- Found FastRTPS: /opt/ros/humble/include  
[1.516s] -- Using RMW implementation 'rmw_fastrtps_cpp' as default
[1.528s] -- Looking for pthread.h
[1.598s] -- Looking for pthread.h - found
[1.598s] -- Performing Test CMAKE_HAVE_LIBC_PTHREAD
[1.647s] -- Performing Test CMAKE_HAVE_LIBC_PTHREAD - Success
[1.648s] -- Found Threads: TRUE  
[1.751s] -- Found tf2_ros: 0.25.3 (/opt/ros/humble/share/tf2_ros/cmake)
[1.979s] -- Found sensor_msgs: 4.2.3 (/opt/ros/humble/share/sensor_msgs/cmake)
[2.028s] -- Found motion_capture_tracking_interfaces: 1.0.0 (/home/mocaplab/ros2_ws/install/motion_capture_tracking_interfaces/share/motion_capture_tracking_interfaces/cmake)
[2.097s] -- Checking for module 'eigen3'
[2.103s] --   Found eigen3, version 3.4.0
[2.117s] -- Found Eigen: /usr/include/eigen3 (Required is at least version "3.1") 
[2.117s] -- Eigen found (include: /usr/include/eigen3, version: 3.4.0)
[2.143s] -- Found Boost: /usr/include (found suitable version "1.74.0", minimum required is "1.55.0") found components: system filesystem date_time iostreams regex 
[2.143s] -- looking for PCL_COMMON
[2.144s] [33mCMake Warning (dev) at /usr/share/cmake-3.22/Modules/FindPackageHandleStandardArgs.cmake:438 (message):
[2.144s]   The package name passed to `find_package_handle_standard_args` (PCL_COMMON)
[2.144s]   does not match the name of the calling package (PCL).  This can lead to
[2.144s]   problems in calling code that expects `find_package` result variables
[2.144s]   (e.g., `_FOUND`) to follow a certain pattern.
[2.144s] Call Stack (most recent call first):
[2.144s]   /usr/lib/x86_64-linux-gnu/cmake/pcl/PCLConfig.cmake:616 (find_package_handle_standard_args)
[2.144s]   CMakeLists.txt:16 (find_package)
[2.144s] This warning is for project developers.  Use -Wno-dev to suppress it.
[2.144s] [0m
[2.145s] -- Found PCL_COMMON: /usr/lib/x86_64-linux-gnu/libpcl_common.so  
[2.145s] -- Found PCL: pcl_common;/usr/lib/x86_64-linux-gnu/libboost_system.so;/usr/lib/x86_64-linux-gnu/libboost_filesystem.so;/usr/lib/x86_64-linux-gnu/libboost_date_time.so;/usr/lib/x86_64-linux-gnu/libboost_iostreams.so;/usr/lib/x86_64-linux-gnu/libboost_regex.so  
[2.146s] [33mCMake Warning (dev) at deps/librigidbodytracker/CMakeLists.txt:7 (find_package):
[2.146s]   Policy CMP0074 is not set: find_package uses <PackageName>_ROOT variables.
[2.146s]   Run "cmake --help-policy CMP0074" for policy details.  Use the cmake_policy
[2.146s]   command to set the policy and suppress this warning.
[2.146s] 
[2.146s]   CMake variable PCL_ROOT is set to:
[2.146s] 
[2.146s]     /usr
[2.146s] 
[2.146s]   For compatibility, CMake is ignoring the variable.
[2.146s] This warning is for project developers.  Use -Wno-dev to suppress it.
[2.146s] [0m
[2.158s] -- Checking for module 'flann'
[2.164s] --   Found flann, version 1.9.1
[2.179s] -- Found FLANN: /usr/lib/x86_64-linux-gnu/libflann_cpp.so  
[2.200s] -- The imported target "vtkParseOGLExt" references the file
[2.200s]    "/usr/bin/vtkParseOGLExt-7.1"
[2.200s] but this file does not exist.  Possible reasons include:
[2.200s] * The file was deleted, renamed, or moved to another location.
[2.200s] * An install or uninstall procedure did not complete successfully.
[2.200s] * The installation package was faulty and contained
[2.200s]    "/usr/lib/cmake/vtk-7.1/VTKTargets.cmake"
[2.200s] but not all the files it references.
[2.201s] 
[2.201s] -- The imported target "vtkRenderingPythonTkWidgets" references the file
[2.201s]    "/usr/lib/x86_64-linux-gnu/libvtkRenderingPythonTkWidgets.so"
[2.201s] but this file does not exist.  Possible reasons include:
[2.201s] * The file was deleted, renamed, or moved to another location.
[2.201s] * An install or uninstall procedure did not complete successfully.
[2.201s] * The installation package was faulty and contained
[2.201s]    "/usr/lib/cmake/vtk-7.1/VTKTargets.cmake"
[2.201s] but not all the files it references.
[2.201s] 
[2.201s] -- The imported target "vtk" references the file
[2.201s]    "/usr/bin/vtk"
[2.201s] but this file does not exist.  Possible reasons include:
[2.201s] * The file was deleted, renamed, or moved to another location.
[2.201s] * An install or uninstall procedure did not complete successfully.
[2.201s] * The installation package was faulty and contained
[2.201s]    "/usr/lib/cmake/vtk-7.1/VTKTargets.cmake"
[2.202s] but not all the files it references.
[2.202s] 
[2.202s] -- The imported target "pvtk" references the file
[2.202s]    "/usr/bin/pvtk"
[2.202s] but this file does not exist.  Possible reasons include:
[2.202s] * The file was deleted, renamed, or moved to another location.
[2.202s] * An install or uninstall procedure did not complete successfully.
[2.202s] * The installation package was faulty and contained
[2.202s]    "/usr/lib/cmake/vtk-7.1/VTKTargets.cmake"
[2.202s] but not all the files it references.
[2.202s] 
[2.217s] -- Checking for module 'libusb-1.0'
[2.223s] --   Found libusb-1.0, version 1.0.25
[2.237s] [33mCMake Warning (dev) at /usr/share/cmake-3.22/Modules/FindPackageHandleStandardArgs.cmake:438 (message):
[2.237s]   The package name passed to `find_package_handle_standard_args` (USB_10)
[2.237s]   does not match the name of the calling package (OpenNI).  This can lead to
[2.237s]   problems in calling code that expects `find_package` result variables
[2.237s]   (e.g., `_FOUND`) to follow a certain pattern.
[2.237s] Call Stack (most recent call first):
[2.237s]   /usr/lib/x86_64-linux-gnu/cmake/pcl/Modules/FindOpenNI.cmake:28 (find_package_handle_standard_args)
[2.237s]   /usr/lib/x86_64-linux-gnu/cmake/pcl/PCLConfig.cmake:179 (find_package)
[2.237s]   /usr/lib/x86_64-linux-gnu/cmake/pcl/PCLConfig.cmake:322 (find_openni)
[2.237s]   /usr/lib/x86_64-linux-gnu/cmake/pcl/PCLConfig.cmake:548 (find_external_library)
[2.237s]   deps/librigidbodytracker/CMakeLists.txt:7 (find_package)
[2.237s] This warning is for project developers.  Use -Wno-dev to suppress it.
[2.237s] [0m
[2.237s] -- Found USB_10: /usr/lib/x86_64-linux-gnu/libusb-1.0.so  
[2.258s] -- Found OpenNI: /usr/lib/libOpenNI.so  
[2.258s] -- OpenNI found (include: /usr/include/ni, lib: /usr/lib/libOpenNI.so)
[2.261s] [33mCMake Warning (dev) at /usr/share/cmake-3.22/Modules/FindPackageHandleStandardArgs.cmake:438 (message):
[2.261s]   The package name passed to `find_package_handle_standard_args` (USB_10)
[2.261s]   does not match the name of the calling package (OpenNI2).  This can lead to
[2.261s]   problems in calling code that expects `find_package` result variables
[2.261s]   (e.g., `_FOUND`) to follow a certain pattern.
[2.261s] Call Stack (most recent call first):
[2.261s]   /usr/lib/x86_64-linux-gnu/cmake/pcl/Modules/FindOpenNI2.cmake:28 (find_package_handle_standard_args)
[2.261s]   /usr/lib/x86_64-linux-gnu/cmake/pcl/PCLConfig.cmake:193 (find_package)
[2.261s]   /usr/lib/x86_64-linux-gnu/cmake/pcl/PCLConfig.cmake:324 (find_openni2)
[2.261s]   /usr/lib/x86_64-linux-gnu/cmake/pcl/PCLConfig.cmake:548 (find_external_library)
[2.261s]   deps/librigidbodytracker/CMakeLists.txt:7 (find_package)
[2.261s] This warning is for project developers.  Use -Wno-dev to suppress it.
[2.261s] [0m
[2.282s] -- Found OpenNI2: /usr/lib/x86_64-linux-gnu/libOpenNI2.so  
[2.282s] -- OpenNI2 found (include: /usr/include/openni2, lib: /usr/lib/x86_64-linux-gnu/libOpenNI2.so)
[2.282s] [0m** WARNING ** io features related to pcap will be disabled[0m
[2.282s] [0m** WARNING ** io features related to png will be disabled[0m
[2.288s] [33mCMake Warning (dev) at /usr/share/cmake-3.22/Modules/FindPackageHandleStandardArgs.cmake:438 (message):
[2.288s]   The package name passed to `find_package_handle_standard_args` (libusb-1.0)
[2.288s]   does not match the name of the calling package (PCL).  This can lead to
[2.288s]   problems in calling code that expects `find_package` result variables
[2.288s]   (e.g., `_FOUND`) to follow a certain pattern.
[2.288s] Call Stack (most recent call first):
[2.288s]   /usr/lib/x86_64-linux-gnu/cmake/pcl/PCLConfig.cmake:291 (find_package_handle_standard_args)
[2.288s]   /usr/lib/x86_64-linux-gnu/cmake/pcl/PCLConfig.cmake:338 (find_libusb)
[2.288s]   /usr/lib/x86_64-linux-gnu/cmake/pcl/PCLConfig.cmake:548 (find_external_library)
[2.288s]   deps/librigidbodytracker/CMakeLists.txt:7 (find_package)
[2.288s] This warning is for project developers.  Use -Wno-dev to suppress it.
[2.288s] [0m
[2.288s] [0m** WARNING ** io features related to libusb-1.0 will be disabled[0m
[2.288s] -- Found libusb-1.0: /usr/include  
[2.291s] [33mCMake Warning (dev) at /usr/share/cmake-3.22/Modules/FindPackageHandleStandardArgs.cmake:438 (message):
[2.291s]   The package name passed to `find_package_handle_standard_args` (USB_10)
[2.291s]   does not match the name of the calling package (OpenNI).  This can lead to
[2.291s]   problems in calling code that expects `find_package` result variables
[2.291s]   (e.g., `_FOUND`) to follow a certain pattern.
[2.291s] Call Stack (most recent call first):
[2.291s]   /usr/lib/x86_64-linux-gnu/cmake/pcl/Modules/FindOpenNI.cmake:28 (find_package_handle_standard_args)
[2.291s]   /usr/lib/x86_64-linux-gnu/cmake/pcl/PCLConfig.cmake:179 (find_package)
[2.291s]   /usr/lib/x86_64-linux-gnu/cmake/pcl/PCLConfig.cmake:322 (find_openni)
[2.291s]   /usr/lib/x86_64-linux-gnu/cmake/pcl/PCLConfig.cmake:548 (find_external_library)
[2.292s]   deps/librigidbodytracker/CMakeLists.txt:7 (find_package)
[2.292s] This warning is for project developers.  Use -Wno-dev to suppress it.
[2.292s] [0m
[2.292s] -- OpenNI found (include: /usr/include/ni, lib: /usr/lib/libOpenNI.so)
[2.295s] [33mCMake Warning (dev) at /usr/share/cmake-3.22/Modules/FindPackageHandleStandardArgs.cmake:438 (message):
[2.295s]   The package name passed to `find_package_handle_standard_args` (USB_10)
[2.295s]   does not match the name of the calling package (OpenNI2).  This can lead to
[2.295s]   problems in calling code that expects `find_package` result variables
[2.295s]   (e.g., `_FOUND`) to follow a certain pattern.
[2.295s] Call Stack (most recent call first):
[2.295s]   /usr/lib/x86_64-linux-gnu/cmake/pcl/Modules/FindOpenNI2.cmake:28 (find_package_handle_standard_args)
[2.295s]   /usr/lib/x86_64-linux-gnu/cmake/pcl/PCLConfig.cmake:193 (find_package)
[2.295s]   /usr/lib/x86_64-linux-gnu/cmake/pcl/PCLConfig.cmake:324 (find_openni2)
[2.295s]   /usr/lib/x86_64-linux-gnu/cmake/pcl/PCLConfig.cmake:548 (find_external_library)
[2.295s]   deps/librigidbodytracker/CMakeLists.txt:7 (find_package)
[2.295s] This warning is for project developers.  Use -Wno-dev to suppress it.
[2.295s] [0m
[2.296s] -- OpenNI2 found (include: /usr/include/openni2, lib: /usr/lib/x86_64-linux-gnu/libOpenNI2.so)
[2.309s] -- Found Qhull: optimized;/usr/lib/x86_64-linux-gnu/libqhull.so;debug;/usr/lib/x86_64-linux-gnu/libqhull.so  
[2.309s] -- QHULL found (include: /usr/include, lib: optimized;/usr/lib/x86_64-linux-gnu/libqhull.so;debug;/usr/lib/x86_64-linux-gnu/libqhull.so)
[2.311s] [33mCMake Warning (dev) at /usr/share/cmake-3.22/Modules/FindPackageHandleStandardArgs.cmake:438 (message):
[2.312s]   The package name passed to `find_package_handle_standard_args` (USB_10)
[2.312s]   does not match the name of the calling package (OpenNI).  This can lead to
[2.312s]   problems in calling code that expects `find_package` result variables
[2.312s]   (e.g., `_FOUND`) to follow a certain pattern.
[2.312s] Call Stack (most recent call first):
[2.312s]   /usr/lib/x86_64-linux-gnu/cmake/pcl/Modules/FindOpenNI.cmake:28 (find_package_handle_standard_args)
[2.312s]   /usr/lib/x86_64-linux-gnu/cmake/pcl/PCLConfig.cmake:179 (find_package)
[2.312s]   /usr/lib/x86_64-linux-gnu/cmake/pcl/PCLConfig.cmake:322 (find_openni)
[2.312s]   /usr/lib/x86_64-linux-gnu/cmake/pcl/PCLConfig.cmake:548 (find_external_library)
[2.312s]   deps/librigidbodytracker/CMakeLists.txt:7 (find_package)
[2.312s] This warning is for project developers.  Use -Wno-dev to suppress it.
[2.312s] [0m
[2.312s] -- OpenNI found (include: /usr/include/ni, lib: /usr/lib/libOpenNI.so)
[2.318s] -- looking for PCL_KDTREE
[2.318s] [33mCMake Warning (dev) at /usr/share/cmake-3.22/Modules/FindPackageHandleStandardArgs.cmake:438 (message):
[2.318s]   The package name passed to `find_package_handle_standard_args` (PCL_KDTREE)
[2.319s]   does not match the name of the calling package (PCL).  This can lead to
[2.319s]   problems in calling code that expects `find_package` result variables
[2.319s]   (e.g., `_FOUND`) to follow a certain pattern.
[2.319s] Call Stack (most recent call first):
[2.319s]   /usr/lib/x86_64-linux-gnu/cmake/pcl/PCLConfig.cmake:616 (find_package_handle_standard_args)
[2.319s]   deps/librigidbodytracker/CMakeLists.txt:7 (find_package)
[2.319s] This warning is for project developers.  Use -Wno-dev to suppress it.
[2.319s] [0m
[2.319s] -- Found PCL_KDTREE: /usr/lib/x86_64-linux-gnu/libpcl_kdtree.so  
[2.319s] -- looking for PCL_OCTREE
[2.319s] [33mCMake Warning (dev) at /usr/share/cmake-3.22/Modules/FindPackageHandleStandardArgs.cmake:438 (message):
[2.319s]   The package name passed to `find_package_handle_standard_args` (PCL_OCTREE)
[2.319s]   does not match the name of the calling package (PCL).  This can lead to
[2.320s]   problems in calling code that expects `find_package` result variables
[2.320s]   (e.g., `_FOUND`) to follow a certain pattern.
[2.320s] Call Stack (most recent call first):
[2.320s]   /usr/lib/x86_64-linux-gnu/cmake/pcl/PCLConfig.cmake:616 (find_package_handle_standard_args)
[2.320s]   deps/librigidbodytracker/CMakeLists.txt:7 (find_package)
[2.320s] This warning is for project developers.  Use -Wno-dev to suppress it.
[2.320s] [0m
[2.320s] -- Found PCL_OCTREE: /usr/lib/x86_64-linux-gnu/libpcl_octree.so  
[2.320s] -- looking for PCL_SEARCH
[2.320s] [33mCMake Warning (dev) at /usr/share/cmake-3.22/Modules/FindPackageHandleStandardArgs.cmake:438 (message):
[2.320s]   The package name passed to `find_package_handle_standard_args` (PCL_SEARCH)
[2.320s]   does not match the name of the calling package (PCL).  This can lead to
[2.320s]   problems in calling code that expects `find_package` result variables
[2.320s]   (e.g., `_FOUND`) to follow a certain pattern.
[2.320s] Call Stack (most recent call first):
[2.321s]   /usr/lib/x86_64-linux-gnu/cmake/pcl/PCLConfig.cmake:616 (find_package_handle_standard_args)
[2.321s]   deps/librigidbodytracker/CMakeLists.txt:7 (find_package)
[2.321s] This warning is for project developers.  Use -Wno-dev to suppress it.
[2.321s] [0m
[2.321s] -- Found PCL_SEARCH: /usr/lib/x86_64-linux-gnu/libpcl_search.so  
[2.321s] -- looking for PCL_SAMPLE_CONSENSUS
[2.321s] [33mCMake Warning (dev) at /usr/share/cmake-3.22/Modules/FindPackageHandleStandardArgs.cmake:438 (message):
[2.321s]   The package name passed to `find_package_handle_standard_args`
[2.321s]   (PCL_SAMPLE_CONSENSUS) does not match the name of the calling package
[2.321s]   (PCL).  This can lead to problems in calling code that expects
[2.321s]   `find_package` result variables (e.g., `_FOUND`) to follow a certain
[2.321s]   pattern.
[2.321s] Call Stack (most recent call first):
[2.321s]   /usr/lib/x86_64-linux-gnu/cmake/pcl/PCLConfig.cmake:616 (find_package_handle_standard_args)
[2.322s]   deps/librigidbodytracker/CMakeLists.txt:7 (find_package)
[2.322s] This warning is for project developers.  Use -Wno-dev to suppress it.
[2.322s] [0m
[2.322s] -- Found PCL_SAMPLE_CONSENSUS: /usr/lib/x86_64-linux-gnu/libpcl_sample_consensus.so  
[2.322s] -- looking for PCL_FILTERS
[2.322s] [33mCMake Warning (dev) at /usr/share/cmake-3.22/Modules/FindPackageHandleStandardArgs.cmake:438 (message):
[2.322s]   The package name passed to `find_package_handle_standard_args`
[2.322s]   (PCL_FILTERS) does not match the name of the calling package (PCL).  This
[2.322s]   can lead to problems in calling code that expects `find_package` result
[2.322s]   variables (e.g., `_FOUND`) to follow a certain pattern.
[2.322s] Call Stack (most recent call first):
[2.322s]   /usr/lib/x86_64-linux-gnu/cmake/pcl/PCLConfig.cmake:616 (find_package_handle_standard_args)
[2.322s]   deps/librigidbodytracker/CMakeLists.txt:7 (find_package)
[2.322s] This warning is for project developers.  Use -Wno-dev to suppress it.
[2.322s] [0m
[2.323s] -- Found PCL_FILTERS: /usr/lib/x86_64-linux-gnu/libpcl_filters.so  
[2.323s] -- looking for PCL_2D
[2.323s] -- Found PCL_2D: /usr/include/pcl-1.10  
[2.323s] [33mCMake Warning (dev) at /usr/share/cmake-3.22/Modules/FindPackageHandleStandardArgs.cmake:438 (message):
[2.323s]   The package name passed to `find_package_handle_standard_args` (PCL_2D)
[2.323s]   does not match the name of the calling package (PCL).  This can lead to
[2.323s]   problems in calling code that expects `find_package` result variables
[2.323s]   (e.g., `_FOUND`) to follow a certain pattern.
[2.323s] Call Stack (most recent call first):
[2.323s]   /usr/lib/x86_64-linux-gnu/cmake/pcl/PCLConfig.cmake:619 (find_package_handle_standard_args)
[2.323s]   deps/librigidbodytracker/CMakeLists.txt:7 (find_package)
[2.323s] This warning is for project developers.  Use -Wno-dev to suppress it.
[2.323s] [0m
[2.323s] -- looking for PCL_GEOMETRY
[2.323s] [33mCMake Warning (dev) at /usr/share/cmake-3.22/Modules/FindPackageHandleStandardArgs.cmake:438 (message):
[2.323s]   The package name passed to `find_package_handle_standard_args`
[2.323s]   (PCL_GEOMETRY) does not match the name of the calling package (PCL).  This
[2.323s]   can lead to problems in calling code that expects `find_package` result
[2.324s]   variables (e.g., `_FOUND`) to follow a certain pattern.
[2.324s] Call Stack (most recent call first):
[2.324s]   /usr/lib/x86_64-linux-gnu/cmake/pcl/PCLConfig.cmake:619 (find_package_handle_standard_args)
[2.324s]   deps/librigidbodytracker/CMakeLists.txt:7 (find_package)
[2.324s] This warning is for project developers.  Use -Wno-dev to suppress it.
[2.324s] [0m
[2.324s] -- Found PCL_GEOMETRY: /usr/include/pcl-1.10  
[2.324s] -- looking for PCL_IO
[2.324s] [33mCMake Warning (dev) at /usr/share/cmake-3.22/Modules/FindPackageHandleStandardArgs.cmake:438 (message):
[2.324s]   The package name passed to `find_package_handle_standard_args` (PCL_IO)
[2.324s]   does not match the name of the calling package (PCL).  This can lead to
[2.324s]   problems in calling code that expects `find_package` result variables
[2.324s]   (e.g., `_FOUND`) to follow a certain pattern.
[2.324s] Call Stack (most recent call first):
[2.324s]   /usr/lib/x86_64-linux-gnu/cmake/pcl/PCLConfig.cmake:616 (find_package_handle_standard_args)
[2.324s]   deps/librigidbodytracker/CMakeLists.txt:7 (find_package)
[2.324s] This warning is for project developers.  Use -Wno-dev to suppress it.
[2.324s] [0m
[2.325s] -- Found PCL_IO: /usr/lib/x86_64-linux-gnu/libpcl_io.so  
[2.325s] -- looking for PCL_FEATURES
[2.325s] [33mCMake Warning (dev) at /usr/share/cmake-3.22/Modules/FindPackageHandleStandardArgs.cmake:438 (message):
[2.325s]   The package name passed to `find_package_handle_standard_args`
[2.325s]   (PCL_FEATURES) does not match the name of the calling package (PCL).  This
[2.325s]   can lead to problems in calling code that expects `find_package` result
[2.325s]   variables (e.g., `_FOUND`) to follow a certain pattern.
[2.325s] Call Stack (most recent call first):
[2.325s]   /usr/lib/x86_64-linux-gnu/cmake/pcl/PCLConfig.cmake:616 (find_package_handle_standard_args)
[2.325s]   deps/librigidbodytracker/CMakeLists.txt:7 (find_package)
[2.325s] This warning is for project developers.  Use -Wno-dev to suppress it.
[2.326s] [0m
[2.326s] -- Found PCL_FEATURES: /usr/lib/x86_64-linux-gnu/libpcl_features.so  
[2.326s] -- looking for PCL_ML
[2.326s] [33mCMake Warning (dev) at /usr/share/cmake-3.22/Modules/FindPackageHandleStandardArgs.cmake:438 (message):
[2.326s]   The package name passed to `find_package_handle_standard_args` (PCL_ML)
[2.326s]   does not match the name of the calling package (PCL).  This can lead to
[2.326s]   problems in calling code that expects `find_package` result variables
[2.326s]   (e.g., `_FOUND`) to follow a certain pattern.
[2.326s] Call Stack (most recent call first):
[2.326s]   /usr/lib/x86_64-linux-gnu/cmake/pcl/PCLConfig.cmake:616 (find_package_handle_standard_args)
[2.326s]   deps/librigidbodytracker/CMakeLists.txt:7 (find_package)
[2.326s] This warning is for project developers.  Use -Wno-dev to suppress it.
[2.326s] [0m
[2.326s] -- Found PCL_ML: /usr/lib/x86_64-linux-gnu/libpcl_ml.so  
[2.327s] -- looking for PCL_SEGMENTATION
[2.327s] [33mCMake Warning (dev) at /usr/share/cmake-3.22/Modules/FindPackageHandleStandardArgs.cmake:438 (message):
[2.327s]   The package name passed to `find_package_handle_standard_args`
[2.327s]   (PCL_SEGMENTATION) does not match the name of the calling package (PCL).
[2.327s]   This can lead to problems in calling code that expects `find_package`
[2.327s]   result variables (e.g., `_FOUND`) to follow a certain pattern.
[2.327s] Call Stack (most recent call first):
[2.327s]   /usr/lib/x86_64-linux-gnu/cmake/pcl/PCLConfig.cmake:616 (find_package_handle_standard_args)
[2.327s]   deps/librigidbodytracker/CMakeLists.txt:7 (find_package)
[2.327s] This warning is for project developers.  Use -Wno-dev to suppress it.
[2.327s] [0m
[2.327s] -- Found PCL_SEGMENTATION: /usr/lib/x86_64-linux-gnu/libpcl_segmentation.so  
[2.327s] -- looking for PCL_VISUALIZATION
[2.328s] [33mCMake Warning (dev) at /usr/share/cmake-3.22/Modules/FindPackageHandleStandardArgs.cmake:438 (message):
[2.328s]   The package name passed to `find_package_handle_standard_args`
[2.328s]   (PCL_VISUALIZATION) does not match the name of the calling package (PCL).
[2.328s]   This can lead to problems in calling code that expects `find_package`
[2.328s]   result variables (e.g., `_FOUND`) to follow a certain pattern.
[2.328s] Call Stack (most recent call first):
[2.328s]   /usr/lib/x86_64-linux-gnu/cmake/pcl/PCLConfig.cmake:616 (find_package_handle_standard_args)
[2.328s]   deps/librigidbodytracker/CMakeLists.txt:7 (find_package)
[2.328s] This warning is for project developers.  Use -Wno-dev to suppress it.
[2.328s] [0m
[2.328s] -- Found PCL_VISUALIZATION: /usr/lib/x86_64-linux-gnu/libpcl_visualization.so  
[2.328s] -- looking for PCL_SURFACE
[2.329s] [33mCMake Warning (dev) at /usr/share/cmake-3.22/Modules/FindPackageHandleStandardArgs.cmake:438 (message):
[2.329s]   The package name passed to `find_package_handle_standard_args`
[2.329s]   (PCL_SURFACE) does not match the name of the calling package (PCL).  This
[2.329s]   can lead to problems in calling code that expects `find_package` result
[2.329s]   variables (e.g., `_FOUND`) to follow a certain pattern.
[2.329s] Call Stack (most recent call first):
[2.329s]   /usr/lib/x86_64-linux-gnu/cmake/pcl/PCLConfig.cmake:616 (find_package_handle_standard_args)
[2.329s]   deps/librigidbodytracker/CMakeLists.txt:7 (find_package)
[2.329s] This warning is for project developers.  Use -Wno-dev to suppress it.
[2.329s] [0m
[2.329s] -- Found PCL_SURFACE: /usr/lib/x86_64-linux-gnu/libpcl_surface.so  
[2.329s] -- looking for PCL_REGISTRATION
[2.330s] [33mCMake Warning (dev) at /usr/share/cmake-3.22/Modules/FindPackageHandleStandardArgs.cmake:438 (message):
[2.330s]   The package name passed to `find_package_handle_standard_args`
[2.330s]   (PCL_REGISTRATION) does not match the name of the calling package (PCL).
[2.330s]   This can lead to problems in calling code that expects `find_package`
[2.330s]   result variables (e.g., `_FOUND`) to follow a certain pattern.
[2.330s] Call Stack (most recent call first):
[2.330s]   /usr/lib/x86_64-linux-gnu/cmake/pcl/PCLConfig.cmake:616 (find_package_handle_standard_args)
[2.330s]   deps/librigidbodytracker/CMakeLists.txt:7 (find_package)
[2.330s] This warning is for project developers.  Use -Wno-dev to suppress it.
[2.330s] [0m
[2.330s] -- Found PCL_REGISTRATION: /usr/lib/x86_64-linux-gnu/libpcl_registration.so  
[2.330s] -- looking for PCL_KEYPOINTS
[2.331s] [33mCMake Warning (dev) at /usr/share/cmake-3.22/Modules/FindPackageHandleStandardArgs.cmake:438 (message):
[2.331s]   The package name passed to `find_package_handle_standard_args`
[2.331s]   (PCL_KEYPOINTS) does not match the name of the calling package (PCL).  This
[2.331s]   can lead to problems in calling code that expects `find_package` result
[2.331s]   variables (e.g., `_FOUND`) to follow a certain pattern.
[2.331s] Call Stack (most recent call first):
[2.331s]   /usr/lib/x86_64-linux-gnu/cmake/pcl/PCLConfig.cmake:616 (find_package_handle_standard_args)
[2.331s]   deps/librigidbodytracker/CMakeLists.txt:7 (find_package)
[2.331s] This warning is for project developers.  Use -Wno-dev to suppress it.
[2.331s] [0m
[2.331s] -- Found PCL_KEYPOINTS: /usr/lib/x86_64-linux-gnu/libpcl_keypoints.so  
[2.331s] -- looking for PCL_TRACKING
[2.332s] [33mCMake Warning (dev) at /usr/share/cmake-3.22/Modules/FindPackageHandleStandardArgs.cmake:438 (message):
[2.332s]   The package name passed to `find_package_handle_standard_args`
[2.332s]   (PCL_TRACKING) does not match the name of the calling package (PCL).  This
[2.332s]   can lead to problems in calling code that expects `find_package` result
[2.332s]   variables (e.g., `_FOUND`) to follow a certain pattern.
[2.332s] Call Stack (most recent call first):
[2.332s]   /usr/lib/x86_64-linux-gnu/cmake/pcl/PCLConfig.cmake:616 (find_package_handle_standard_args)
[2.332s]   deps/librigidbodytracker/CMakeLists.txt:7 (find_package)
[2.332s] This warning is for project developers.  Use -Wno-dev to suppress it.
[2.332s] [0m
[2.332s] -- Found PCL_TRACKING: /usr/lib/x86_64-linux-gnu/libpcl_tracking.so  
[2.332s] -- looking for PCL_RECOGNITION
[2.332s] [33mCMake Warning (dev) at /usr/share/cmake-3.22/Modules/FindPackageHandleStandardArgs.cmake:438 (message):
[2.333s]   The package name passed to `find_package_handle_standard_args`
[2.333s]   (PCL_RECOGNITION) does not match the name of the calling package (PCL).
[2.333s]   This can lead to problems in calling code that expects `find_package`
[2.333s]   result variables (e.g., `_FOUND`) to follow a certain pattern.
[2.333s] Call Stack (most recent call first):
[2.333s]   /usr/lib/x86_64-linux-gnu/cmake/pcl/PCLConfig.cmake:616 (find_package_handle_standard_args)
[2.333s]   deps/librigidbodytracker/CMakeLists.txt:7 (find_package)
[2.333s] This warning is for project developers.  Use -Wno-dev to suppress it.
[2.333s] [0m
[2.333s] -- Found PCL_RECOGNITION: /usr/lib/x86_64-linux-gnu/libpcl_recognition.so  
[2.333s] -- looking for PCL_STEREO
[2.333s] [33mCMake Warning (dev) at /usr/share/cmake-3.22/Modules/FindPackageHandleStandardArgs.cmake:438 (message):
[2.334s]   The package name passed to `find_package_handle_standard_args` (PCL_STEREO)
[2.334s]   does not match the name of the calling package (PCL).  This can lead to
[2.334s]   problems in calling code that expects `find_package` result variables
[2.334s]   (e.g., `_FOUND`) to follow a certain pattern.
[2.334s] Call Stack (most recent call first):
[2.334s]   /usr/lib/x86_64-linux-gnu/cmake/pcl/PCLConfig.cmake:616 (find_package_handle_standard_args)
[2.334s]   deps/librigidbodytracker/CMakeLists.txt:7 (find_package)
[2.334s] This warning is for project developers.  Use -Wno-dev to suppress it.
[2.334s] [0m
[2.334s] -- Found PCL_STEREO: /usr/lib/x86_64-linux-gnu/libpcl_stereo.so  
[2.334s] -- looking for PCL_APPS
[2.334s] [33mCMake Warning (dev) at /usr/share/cmake-3.22/Modules/FindPackageHandleStandardArgs.cmake:438 (message):
[2.334s]   The package name passed to `find_package_handle_standard_args` (PCL_APPS)
[2.335s]   does not match the name of the calling package (PCL).  This can lead to
[2.335s]   problems in calling code that expects `find_package` result variables
[2.335s]   (e.g., `_FOUND`) to follow a certain pattern.
[2.335s] Call Stack (most recent call first):
[2.335s]   /usr/lib/x86_64-linux-gnu/cmake/pcl/PCLConfig.cmake:616 (find_package_handle_standard_args)
[2.335s]   deps/librigidbodytracker/CMakeLists.txt:7 (find_package)
[2.335s] This warning is for project developers.  Use -Wno-dev to suppress it.
[2.335s] [0m
[2.335s] -- Found PCL_APPS: /usr/lib/x86_64-linux-gnu/libpcl_apps.so  
[2.335s] -- looking for PCL_IN_HAND_SCANNER
[2.335s] [33mCMake Warning (dev) at /usr/share/cmake-3.22/Modules/FindPackageHandleStandardArgs.cmake:438 (message):
[2.335s]   The package name passed to `find_package_handle_standard_args`
[2.335s]   (PCL_IN_HAND_SCANNER) does not match the name of the calling package (PCL).
[2.335s]   This can lead to problems in calling code that expects `find_package`
[2.335s]   result variables (e.g., `_FOUND`) to follow a certain pattern.
[2.335s] Call Stack (most recent call first):
[2.336s]   /usr/lib/x86_64-linux-gnu/cmake/pcl/PCLConfig.cmake:619 (find_package_handle_standard_args)
[2.336s]   deps/librigidbodytracker/CMakeLists.txt:7 (find_package)
[2.336s] This warning is for project developers.  Use -Wno-dev to suppress it.
[2.336s] [0m
[2.336s] -- Found PCL_IN_HAND_SCANNER: /usr/include/pcl-1.10  
[2.336s] -- looking for PCL_POINT_CLOUD_EDITOR
[2.337s] [33mCMake Warning (dev) at /usr/share/cmake-3.22/Modules/FindPackageHandleStandardArgs.cmake:438 (message):
[2.337s]   The package name passed to `find_package_handle_standard_args`
[2.337s]   (PCL_POINT_CLOUD_EDITOR) does not match the name of the calling package
[2.337s]   (PCL).  This can lead to problems in calling code that expects
[2.337s]   `find_package` result variables (e.g., `_FOUND`) to follow a certain
[2.337s]   pattern.
[2.337s] Call Stack (most recent call first):
[2.337s]   /usr/lib/x86_64-linux-gnu/cmake/pcl/PCLConfig.cmake:619 (find_package_handle_standard_args)
[2.337s]   deps/librigidbodytracker/CMakeLists.txt:7 (find_package)
[2.337s] This warning is for project developers.  Use -Wno-dev to suppress it.
[2.337s] [0m
[2.337s] -- Found PCL_POINT_CLOUD_EDITOR: /usr/include/pcl-1.10  
[2.337s] -- looking for PCL_OUTOFCORE
[2.337s] [33mCMake Warning (dev) at /usr/share/cmake-3.22/Modules/FindPackageHandleStandardArgs.cmake:438 (message):
[2.337s]   The package name passed to `find_package_handle_standard_args`
[2.337s]   (PCL_OUTOFCORE) does not match the name of the calling package (PCL).  This
[2.337s]   can lead to problems in calling code that expects `find_package` result
[2.337s]   variables (e.g., `_FOUND`) to follow a certain pattern.
[2.337s] Call Stack (most recent call first):
[2.338s]   /usr/lib/x86_64-linux-gnu/cmake/pcl/PCLConfig.cmake:616 (find_package_handle_standard_args)
[2.338s]   deps/librigidbodytracker/CMakeLists.txt:7 (find_package)
[2.338s] This warning is for project developers.  Use -Wno-dev to suppress it.
[2.338s] [0m
[2.338s] -- Found PCL_OUTOFCORE: /usr/lib/x86_64-linux-gnu/libpcl_outofcore.so  
[2.338s] -- looking for PCL_PEOPLE
[2.338s] [33mCMake Warning (dev) at /usr/share/cmake-3.22/Modules/FindPackageHandleStandardArgs.cmake:438 (message):
[2.338s]   The package name passed to `find_package_handle_standard_args` (PCL_PEOPLE)
[2.338s]   does not match the name of the calling package (PCL).  This can lead to
[2.338s]   problems in calling code that expects `find_package` result variables
[2.338s]   (e.g., `_FOUND`) to follow a certain pattern.
[2.338s] Call Stack (most recent call first):
[2.338s]   /usr/lib/x86_64-linux-gnu/cmake/pcl/PCLConfig.cmake:616 (find_package_handle_standard_args)
[2.338s]   deps/librigidbodytracker/CMakeLists.txt:7 (find_package)
[2.338s] This warning is for project developers.  Use -Wno-dev to suppress it.
[2.338s] [0m
[2.338s] -- Found PCL_PEOPLE: /usr/lib/x86_64-linux-gnu/libpcl_people.so  
[2.338s] -- Found PCL: pcl_common;pcl_kdtree;pcl_octree;pcl_search;pcl_sample_consensus;pcl_filters;pcl_io;pcl_features;pcl_ml;pcl_segmentation;pcl_visualization;pcl_surface;pcl_registration;pcl_keypoints;pcl_tracking;pcl_recognition;pcl_stereo;pcl_apps;pcl_outofcore;pcl_people;/usr/lib/x86_64-linux-gnu/libboost_system.so;/usr/lib/x86_64-linux-gnu/libboost_filesystem.so;/usr/lib/x86_64-linux-gnu/libboost_date_time.so;/usr/lib/x86_64-linux-gnu/libboost_iostreams.so;/usr/lib/x86_64-linux-gnu/libboost_regex.so;optimized;/usr/lib/x86_64-linux-gnu/libqhull.so;debug;/usr/lib/x86_64-linux-gnu/libqhull.so;/usr/lib/libOpenNI.so;/usr/lib/x86_64-linux-gnu/libOpenNI2.so;vtkChartsCore;vtkCommonColor;vtkCommonCore;vtksys;vtkCommonDataModel;vtkCommonMath;vtkCommonMisc;vtkCommonSystem;vtkCommonTransforms;vtkCommonExecutionModel;vtkFiltersGeneral;vtkCommonComputationalGeometry;vtkFiltersCore;vtkInfovisCore;vtkFiltersExtraction;vtkFiltersStatistics;vtkImagingFourier;vtkImagingCore;vtkalglib;vtkRenderingContext2D;vtkRenderingCore;vtkFiltersGeometry;vtkFiltersSources;vtkRenderingFreeType;/usr/lib/x86_64-linux-gnu/libfreetype.so;/usr/lib/x86_64-linux-gnu/libz.so;vtkFiltersModeling;vtkImagingSources;vtkInteractionStyle;vtkInteractionWidgets;vtkFiltersHybrid;vtkImagingColor;vtkImagingGeneral;vtkImagingHybrid;vtkIOImage;vtkDICOMParser;vtkmetaio;/usr/lib/x86_64-linux-gnu/libjpeg.so;/usr/lib/x86_64-linux-gnu/libpng.so;/usr/lib/x86_64-linux-gnu/libtiff.so;vtkRenderingAnnotation;vtkRenderingVolume;vtkIOXML;vtkIOCore;vtkIOXMLParser;/usr/lib/x86_64-linux-gnu/libexpat.so;vtkIOGeometry;vtkIOLegacy;vtkIOPLY;vtkRenderingLOD;vtkViewsContext2D;vtkViewsCore;vtkRenderingContextOpenGL2;vtkRenderingOpenGL2;FLANN::FLANN  
[2.340s] [33mCMake Warning (dev) at deps/libmotioncapture/CMakeLists.txt:5 (option):
[2.340s]   Policy CMP0077 is not set: option() honors normal variables.  Run "cmake
[2.340s]   --help-policy CMP0077" for policy details.  Use the cmake_policy command to
[2.340s]   set the policy and suppress this warning.
[2.340s] 
[2.341s]   For compatibility with older versions of CMake, option is clearing the
[2.341s]   normal variable 'LIBMOTIONCAPTURE_BUILD_PYTHON_BINDINGS'.
[2.341s] This warning is for project developers.  Use -Wno-dev to suppress it.
[2.341s] [0m
[2.343s] -- Found Boost: /usr/include (found suitable version "1.74.0", minimum required is "1.5") found components: system 
[2.358s] -- Found Boost: /usr/include (found suitable version "1.74.0", minimum required is "1.5") found components: system thread chrono date_time atomic 
[2.362s] [0mCMake Deprecation Warning at deps/libmotioncapture/deps/vrpn/CMakeLists.txt:1 (cmake_minimum_required):
[2.362s]   Compatibility with CMake < 2.8.12 will be removed from a future version of
[2.362s]   CMake.
[2.362s] 
[2.362s]   Update the VERSION argument <min> value or use a ...<max> suffix to tell
[2.362s]   CMake that the project does not need compatibility with older versions.
[2.362s] 
[2.362s] [0m
[2.428s] [0mCMake Deprecation Warning at deps/libmotioncapture/deps/vrpn/quat/CMakeLists.txt:1 (cmake_minimum_required):
[2.428s]   Compatibility with CMake < 2.8.12 will be removed from a future version of
[2.428s]   CMake.
[2.428s] 
[2.428s]   Update the VERSION argument <min> value or use a ...<max> suffix to tell
[2.428s]   CMake that the project does not need compatibility with older versions.
[2.428s] 
[2.428s] [0m
[2.433s] -- Checking for module 'libusb-1.0'
[2.438s] --   Found libusb-1.0, version 1.0.25
[2.453s] -- Found Libusb1: /usr/lib/x86_64-linux-gnu/libusb-1.0.so  
[3.340s] -- NOTE: You have VRPN_USE_LOCAL_HIDAPI enabled, but VRPN_USE_HID disabled: HIDAPI will only be built if you enable HID support for VRPN
[3.341s] [0mCMake Deprecation Warning at deps/libmotioncapture/deps/vrpn/cmake/FindOpenHaptics.cmake:56 (cmake_minimum_required):
[3.341s]   Compatibility with CMake < 2.8.12 will be removed from a future version of
[3.341s]   CMake.
[3.341s] 
[3.341s]   Update the VERSION argument <min> value or use a ...<max> suffix to tell
[3.341s]   CMake that the project does not need compatibility with older versions.
[3.353s] Call Stack (most recent call first):
[3.353s]   deps/libmotioncapture/deps/vrpn/CMakeLists.txt:468 (find_package)
[3.353s] 
[3.353s] [0m
[3.387s] [33mCMake Warning (dev) at /usr/share/cmake-3.22/Modules/FindPackageHandleStandardArgs.cmake:438 (message):
[3.387s]   The package name passed to `find_package_handle_standard_args` (I2CDEV)
[3.387s]   does not match the name of the calling package (libi2c-dev).  This can lead
[3.387s]   to problems in calling code that expects `find_package` result variables
[3.387s]   (e.g., `_FOUND`) to follow a certain pattern.
[3.387s] Call Stack (most recent call first):
[3.387s]   deps/libmotioncapture/deps/vrpn/cmake/Findlibi2c-dev.cmake:43 (find_package_handle_standard_args)
[3.387s]   deps/libmotioncapture/deps/vrpn/CMakeLists.txt:518 (find_package)
[3.387s] This warning is for project developers.  Use -Wno-dev to suppress it.
[3.387s] [0m
[3.387s] -- Found I2CDEV: /usr/include  
[3.399s] -- Looking for C++ include linux/joystick.h
[3.447s] -- Looking for C++ include linux/joystick.h - found
[3.447s] -- Looking for C++ include linux/input.h
[3.493s] -- Looking for C++ include linux/input.h - found
[3.507s] -- Found quatlib: quat  
[3.512s] [0mCMake Deprecation Warning at deps/libmotioncapture/deps/vrpn/client_src/CMakeLists.txt:1 (cmake_minimum_required):
[3.512s]   Compatibility with CMake < 2.8.12 will be removed from a future version of
[3.512s]   CMake.
[3.512s] 
[3.512s]   Update the VERSION argument <min> value or use a ...<max> suffix to tell
[3.512s]   CMake that the project does not need compatibility with older versions.
[3.512s] 
[3.512s] [0m
[3.837s] -- Found Python3: /usr/bin/python3.10 (found version "3.10.12") found components: Interpreter Development Development.Module Development.Embed 
[3.848s] -- pybind11 v2.11.0 dev1
[3.875s] -- Performing Test HAS_FLTO
[3.964s] -- Performing Test HAS_FLTO - Success
[4.010s] -- Configuring done
[4.067s] -- Generating done
[4.070s] -- Build files have been written to: /home/mocaplab/ros2_ws/build/motion_capture_tracking
[4.087s] Invoked command in '/home/mocaplab/ros2_ws/build/motion_capture_tracking' returned '0': AMENT_PREFIX_PATH=/home/mocaplab/ros2_ws/install/motion_capture_tracking_interfaces:${AMENT_PREFIX_PATH} CMAKE_PREFIX_PATH=/home/mocaplab/ros2_ws/install/motion_capture_tracking_interfaces:/opt/ros/humble LD_LIBRARY_PATH=/home/mocaplab/ros2_ws/install/motion_capture_tracking_interfaces/lib:${LD_LIBRARY_PATH} PYTHONPATH=/home/mocaplab/ros2_ws/install/motion_capture_tracking_interfaces/local/lib/python3.10/dist-packages:${PYTHONPATH} /usr/bin/cmake /home/mocaplab/ros2_ws/src/motion_capture_tracking/motion_capture_tracking -DAMENT_CMAKE_SYMLINK_INSTALL=1 -DCMAKE_INSTALL_PREFIX=/home/mocaplab/ros2_ws/install/motion_capture_tracking
[4.087s] Invoking command in '/home/mocaplab/ros2_ws/build/motion_capture_tracking': AMENT_PREFIX_PATH=/home/mocaplab/ros2_ws/install/motion_capture_tracking_interfaces:${AMENT_PREFIX_PATH} CMAKE_PREFIX_PATH=/home/mocaplab/ros2_ws/install/motion_capture_tracking_interfaces:/opt/ros/humble LD_LIBRARY_PATH=/home/mocaplab/ros2_ws/install/motion_capture_tracking_interfaces/lib:${LD_LIBRARY_PATH} PYTHONPATH=/home/mocaplab/ros2_ws/install/motion_capture_tracking_interfaces/local/lib/python3.10/dist-packages:${PYTHONPATH} /usr/bin/cmake --build /home/mocaplab/ros2_ws/build/motion_capture_tracking -- -j16 -l16
[4.115s] [  8%] [32mBuilding CXX object deps/libmotioncapture/deps/qualisys_cpp_sdk/CMakeFiles/qualisys_cpp_sdk.dir/Network.cpp.o[0m
[4.115s] [  8%] [32mBuilding CXX object deps/libmotioncapture/deps/vicon-datastream-sdk/CMakeFiles/ViconDataStreamSDK_CPP.dir/Vicon/CrossMarket/DataStream/ViconDataStreamSDKCore/CoreClientTimingLog.cpp.o[0m
[4.115s] [  8%] [32mBuilding CXX object deps/libmotioncapture/deps/vicon-datastream-sdk/CMakeFiles/ViconDataStreamSDK_CPP.dir/Vicon/CrossMarket/DataStream/ViconDataStreamSDKCoreUtils/ClientUtils.cpp.o[0m
[4.115s] [  8%] [32mBuilding CXX object deps/librigidbodytracker/CMakeFiles/librigidbodytracker.dir/src/rigid_body_tracker.cpp.o[0m
[4.115s] [ 12%] [32mBuilding CXX object deps/libmotioncapture/deps/qualisys_cpp_sdk/CMakeFiles/qualisys_cpp_sdk.dir/Markup.cpp.o[0m
[4.115s] [ 17%] [32mBuilding CXX object deps/libmotioncapture/deps/qualisys_cpp_sdk/CMakeFiles/qualisys_cpp_sdk.dir/RTProtocol.cpp.o[0m
[4.115s] [ 12%] [32mBuilding CXX object deps/libmotioncapture/deps/vicon-datastream-sdk/CMakeFiles/ViconDataStreamSDK_CPP.dir/Vicon/CrossMarket/DataStream/ViconDataStreamSDKCore/CoreClient.cpp.o[0m
[4.115s] [ 17%] [32mBuilding C object deps/libmotioncapture/deps/vrpn/quat/CMakeFiles/quat.dir/vector.c.o[0m
[4.116s] [ 17%] [32mBuilding C object deps/libmotioncapture/deps/vrpn/quat/CMakeFiles/quat.dir/xyzquat.c.o[0m
[4.116s] [ 19%] [32mBuilding C object deps/libmotioncapture/deps/vrpn/quat/CMakeFiles/quat.dir/matrix.c.o[0m
[4.116s] [ 20%] [32mBuilding CXX object deps/libmotioncapture/deps/vicon-datastream-sdk/CMakeFiles/ViconDataStreamSDK_CPP.dir/Vicon/CrossMarket/DataStream/ViconDataStreamSDKCore/WirelessConfiguration.cpp.o[0m
[4.116s] [ 12%] [32mBuilding CXX object deps/libmotioncapture/deps/qualisys_cpp_sdk/CMakeFiles/qualisys_cpp_sdk.dir/RTPacket.cpp.o[0m
[4.116s] [ 17%] [32mBuilding CXX object deps/libmotioncapture/deps/vicon-datastream-sdk/CMakeFiles/ViconDataStreamSDK_CPP.dir/Vicon/CrossMarket/DataStream/ViconDataStreamSDKCoreUtils/AxisMapping.cpp.o[0m
[4.116s] [ 22%] [32mBuilding C object deps/libmotioncapture/deps/vrpn/quat/CMakeFiles/quat.dir/quat.c.o[0m
[4.117s] [ 24%] [32mBuilding CXX object deps/libmotioncapture/deps/vicon-datastream-sdk/CMakeFiles/ViconDataStreamSDK_CPP.dir/Vicon/CrossMarket/DataStream/ViconCGStreamClient/ViconCGStreamClient.cpp.o[0m
[4.118s] [ 25%] [32mBuilding CXX object deps/libmotioncapture/deps/vicon-datastream-sdk/CMakeFiles/ViconDataStreamSDK_CPP.dir/Vicon/CrossMarket/DataStream/ViconCGStreamClientSDK/CGClient.cpp.o[0m
[4.151s] [ 27%] [32mBuilding CXX object deps/libmotioncapture/deps/vicon-datastream-sdk/CMakeFiles/ViconDataStreamSDK_CPP.dir/Vicon/CrossMarket/DataStream/ViconCGStreamClient/CGStreamReaderWriter.cpp.o[0m
[4.163s] [ 30%] [32mBuilding CXX object deps/libmotioncapture/deps/vicon-datastream-sdk/CMakeFiles/ViconDataStreamSDK_CPP.dir/Vicon/CrossMarket/DataStream/ViconDataStreamSDK_CPP/DataStreamClient.cpp.o[0m
[4.163s] [ 30%] [32mBuilding CXX object deps/libmotioncapture/deps/vicon-datastream-sdk/CMakeFiles/ViconDataStreamSDK_CPP.dir/Vicon/CrossMarket/DataStream/ViconCGStreamClient/ViconCGStreamBayer.cpp.o[0m
[4.200s] [ 32%] [32m[1mLinking C static library libquat.a[0m
[4.236s] [ 32%] Built target quat
[4.254s] [ 33%] [32mBuilding CXX object deps/libmotioncapture/deps/vrpn/CMakeFiles/vrpn.dir/vrpn_Analog.C.o[0m
[4.254s] [ 35%] [32mBuilding CXX object deps/libmotioncapture/deps/vrpn/CMakeFiles/vrpn.dir/vrpn_Analog_Output.C.o[0m
[4.284s] In file included from [01m[K/home/mocaplab/ros2_ws/src/motion_capture_tracking/motion_capture_tracking/deps/libmotioncapture/deps/qualisys_cpp_sdk/Markup.cpp:18[m[K:
[4.284s] [01m[K/home/mocaplab/ros2_ws/src/motion_capture_tracking/motion_capture_tracking/deps/libmotioncapture/deps/qualisys_cpp_sdk/Markup.h:[m[K In copy constructor ‘[01m[KCMarkup::ElemPos::ElemPos(const CMarkup::ElemPos&)[m[K’:
[4.284s] [01m[K/home/mocaplab/ros2_ws/src/motion_capture_tracking/motion_capture_tracking/deps/libmotioncapture/deps/qualisys_cpp_sdk/Markup.h:89:55:[m[K [01;35m[Kwarning: [m[Kimplicitly-declared ‘[01m[Kconstexpr CMarkup::ElemPos& CMarkup::ElemPos::operator=(const CMarkup::ElemPos&)[m[K’ is deprecated [[01;35m[K]8;;https://gcc.gnu.org/onlinedocs/gcc/Warning-Options.html#index-Wdeprecated-copy-Wdeprecated-copy]8;;[m[K]
[4.284s]    89 |                 ElemPos(const ElemPos& pos) { *this = [01;35m[Kpos[m[K; };
[4.284s]       |                                                       [01;35m[K^~~[m[K
[4.284s] [01m[K/home/mocaplab/ros2_ws/src/motion_capture_tracking/motion_capture_tracking/deps/libmotioncapture/deps/qualisys_cpp_sdk/Markup.h:89:17:[m[K [01;36m[Knote: [m[Kbecause ‘[01m[KCMarkup::ElemPos[m[K’ has user-provided ‘[01m[KCMarkup::ElemPos::ElemPos(const CMarkup::ElemPos&)[m[K’
[4.284s]    89 |                 [01;36m[KElemPos[m[K(const ElemPos& pos) { *this = pos; };
[4.284s]       |                 [01;36m[K^~~~~~~[m[K
[4.355s] [ 37%] [32mBuilding CXX object deps/libmotioncapture/deps/vrpn/CMakeFiles/vrpn.dir/vrpn_Assert.C.o[0m
[4.382s] [ 38%] [32mBuilding CXX object deps/libmotioncapture/deps/vrpn/CMakeFiles/vrpn.dir/vrpn_Auxiliary_Logger.C.o[0m
[4.418s] [ 40%] [32mBuilding CXX object deps/libmotioncapture/deps/vrpn/CMakeFiles/vrpn.dir/vrpn_BaseClass.C.o[0m
[4.435s] [ 41%] [32mBuilding CXX object deps/libmotioncapture/deps/vrpn/CMakeFiles/vrpn.dir/vrpn_Button.C.o[0m
[4.443s] [ 43%] [32mBuilding CXX object deps/libmotioncapture/deps/vrpn/CMakeFiles/vrpn.dir/vrpn_Connection.C.o[0m
[4.448s] [ 45%] [32mBuilding CXX object deps/libmotioncapture/deps/vrpn/CMakeFiles/vrpn.dir/vrpn_Dial.C.o[0m
[4.496s] [ 46%] [32mBuilding CXX object deps/libmotioncapture/deps/vrpn/CMakeFiles/vrpn.dir/vrpn_EndpointContainer.C.o[0m
[4.523s] [ 48%] [32mBuilding CXX object deps/libmotioncapture/deps/vrpn/CMakeFiles/vrpn.dir/vrpn_FileConnection.C.o[0m
[4.573s] [ 50%] [32mBuilding CXX object deps/libmotioncapture/deps/vrpn/CMakeFiles/vrpn.dir/vrpn_FileController.C.o[0m
[4.604s] [ 51%] [32mBuilding CXX object deps/libmotioncapture/deps/vrpn/CMakeFiles/vrpn.dir/vrpn_ForceDevice.C.o[0m
[4.609s] In file included from [01m[K/home/mocaplab/ros2_ws/src/motion_capture_tracking/motion_capture_tracking/deps/libmotioncapture/deps/qualisys_cpp_sdk/RTProtocol.cpp:17[m[K:
[4.609s] [01m[K/home/mocaplab/ros2_ws/src/motion_capture_tracking/motion_capture_tracking/deps/libmotioncapture/deps/qualisys_cpp_sdk/Markup.h:[m[K In copy constructor ‘[01m[KCMarkup::ElemPos::ElemPos(const CMarkup::ElemPos&)[m[K’:
[4.609s] [01m[K/home/mocaplab/ros2_ws/src/motion_capture_tracking/motion_capture_tracking/deps/libmotioncapture/deps/qualisys_cpp_sdk/Markup.h:89:55:[m[K [01;35m[Kwarning: [m[Kimplicitly-declared ‘[01m[Kconstexpr CMarkup::ElemPos& CMarkup::ElemPos::operator=(const CMarkup::ElemPos&)[m[K’ is deprecated [[01;35m[K]8;;https://gcc.gnu.org/onlinedocs/gcc/Warning-Options.html#index-Wdeprecated-copy-Wdeprecated-copy]8;;[m[K]
[4.609s]    89 |                 ElemPos(const ElemPos& pos) { *this = [01;35m[Kpos[m[K; };
[4.609s]       |                                                       [01;35m[K^~~[m[K
[4.610s] [01m[K/home/mocaplab/ros2_ws/src/motion_capture_tracking/motion_capture_tracking/deps/libmotioncapture/deps/qualisys_cpp_sdk/Markup.h:89:17:[m[K [01;36m[Knote: [m[Kbecause ‘[01m[KCMarkup::ElemPos[m[K’ has user-provided ‘[01m[KCMarkup::ElemPos::ElemPos(const CMarkup::ElemPos&)[m[K’
[4.610s]    89 |                 [01;36m[KElemPos[m[K(const ElemPos& pos) { *this = pos; };
[4.610s]       |                 [01;36m[K^~~~~~~[m[K
[4.611s] [ 53%] [32mBuilding CXX object deps/libmotioncapture/deps/vrpn/CMakeFiles/vrpn.dir/vrpn_Forwarder.C.o[0m
[4.625s] [01m[K/home/mocaplab/ros2_ws/src/motion_capture_tracking/motion_capture_tracking/deps/libmotioncapture/deps/vrpn/vrpn_EndpointContainer.C:[m[K In member function ‘[01m[Kvoid vrpn::EndpointContainer::compact_()[m[K’:
[4.625s] [01m[K/home/mocaplab/ros2_ws/src/motion_capture_tracking/motion_capture_tracking/deps/libmotioncapture/deps/vrpn/vrpn_EndpointContainer.C:91:19:[m[K [01;35m[Kwarning: [m[Kunused variable ‘[01m[Kbefore[m[K’ [[01;35m[K]8;;https://gcc.gnu.org/onlinedocs/gcc/Warning-Options.html#index-Wunused-variable-Wunused-variable]8;;[m[K]
[4.625s]    91 |         size_type [01;35m[Kbefore[m[K = get_full_container_size();
[4.625s]       |                   [01;35m[K^~~~~~[m[K
[4.629s] [ 54%] [32mBuilding CXX object deps/libmotioncapture/deps/vrpn/CMakeFiles/vrpn.dir/vrpn_ForwarderController.C.o[0m
[4.701s] [ 56%] [32mBuilding CXX object deps/libmotioncapture/deps/vrpn/CMakeFiles/vrpn.dir/vrpn_FunctionGenerator.C.o[0m
[4.732s] [ 58%] [32mBuilding CXX object deps/libmotioncapture/deps/vrpn/CMakeFiles/vrpn.dir/vrpn_Imager.C.o[0m
[4.746s] [ 59%] [32mBuilding CXX object deps/libmotioncapture/deps/vrpn/CMakeFiles/vrpn.dir/vrpn_LamportClock.C.o[0m
[4.758s] [ 61%] [32mBuilding CXX object deps/libmotioncapture/deps/vrpn/CMakeFiles/vrpn.dir/vrpn_Mutex.C.o[0m
[4.839s] [ 62%] [32mBuilding CXX object deps/libmotioncapture/deps/vrpn/CMakeFiles/vrpn.dir/vrpn_Poser.C.o[0m
[4.843s] [ 64%] [32mBuilding CXX object deps/libmotioncapture/deps/vrpn/CMakeFiles/vrpn.dir/vrpn_RedundantTransmission.C.o[0m
[5.007s] [ 66%] [32mBuilding CXX object deps/libmotioncapture/deps/vrpn/CMakeFiles/vrpn.dir/vrpn_Serial.C.o[0m
[5.043s] [ 67%] [32mBuilding CXX object deps/libmotioncapture/deps/vrpn/CMakeFiles/vrpn.dir/vrpn_SerialPort.C.o[0m
[5.047s] [ 69%] [32mBuilding CXX object deps/libmotioncapture/deps/vrpn/CMakeFiles/vrpn.dir/vrpn_Shared.C.o[0m
[5.052s] [ 70%] [32mBuilding CXX object deps/libmotioncapture/deps/vrpn/CMakeFiles/vrpn.dir/vrpn_SharedObject.C.o[0m
[5.063s] [ 72%] [32mBuilding CXX object deps/libmotioncapture/deps/vrpn/CMakeFiles/vrpn.dir/vrpn_Sound.C.o[0m
[5.066s] [ 74%] [32mBuilding CXX object deps/libmotioncapture/deps/vrpn/CMakeFiles/vrpn.dir/vrpn_Text.C.o[0m
[5.071s] [ 75%] [32mBuilding CXX object deps/libmotioncapture/deps/vrpn/CMakeFiles/vrpn.dir/vrpn_Thread.C.o[0m
[5.095s] [ 77%] [32mBuilding CXX object deps/libmotioncapture/deps/vrpn/CMakeFiles/vrpn.dir/vrpn_Tracker.C.o[0m
[5.149s] [01m[K/home/mocaplab/ros2_ws/src/motion_capture_tracking/motion_capture_tracking/deps/libmotioncapture/deps/qualisys_cpp_sdk/RTProtocol.cpp:[m[K In member function ‘[01m[Kbool CRTProtocol::GetCapture(const char*, bool)[m[K’:
[5.149s] [01m[K/home/mocaplab/ros2_ws/src/motion_capture_tracking/motion_capture_tracking/deps/libmotioncapture/deps/qualisys_cpp_sdk/RTProtocol.cpp:651:66:[m[K [01;35m[Kwarning: [m[K‘[01m[K%s[m[K’ directive writing up to 1023 bytes into a region of size 1004 [[01;35m[K]8;;https://gcc.gnu.org/onlinedocs/gcc/Warning-Options.html#index-Wformat-overflow=-Wformat-overflow=]8;;[m[K]
[5.149s]   651 |                         sprintf(maErrorStr, "No packet received. [01;35m[K%s[m[K.", maErrorStr);
[5.149s]       |                                                                  [01;35m[K^~[m[K
[5.149s] [01m[K/home/mocaplab/ros2_ws/src/motion_capture_tracking/motion_capture_tracking/deps/libmotioncapture/deps/qualisys_cpp_sdk/RTProtocol.cpp:651:32:[m[K [01;36m[Knote: [m[K‘[01m[Ksprintf[m[K’ output between 22 and 1045 bytes into a destination of size 1024
[5.149s]   651 |                         [01;36m[Ksprintf(maErrorStr, "No packet received. %s.", maErrorStr)[m[K;
[5.149s]       |                         [01;36m[K~~~~~~~^~~~~~~~~~~~~~~~~~~~~~~~~~~~~~~~~~~~~~~~~~~~~~~~~~~[m[K
[5.149s] [01m[K/home/mocaplab/ros2_ws/src/motion_capture_tracking/motion_capture_tracking/deps/libmotioncapture/deps/qualisys_cpp_sdk/RTProtocol.cpp:651:32:[m[K [01;35m[Kwarning: [m[K‘[01m[Ksprintf[m[K’ argument 3 overlaps destination object ‘[01m[Kthis[m[K’ [[01;35m[K]8;;https://gcc.gnu.org/onlinedocs/gcc/Warning-Options.html#index-Wrestrict-Wrestrict]8;;[m[K]
[5.149s] [01m[K/home/mocaplab/ros2_ws/src/motion_capture_tracking/motion_capture_tracking/deps/libmotioncapture/deps/qualisys_cpp_sdk/RTProtocol.cpp:580:62:[m[K [01;36m[Knote: [m[Kdestination object referenced by ‘[01m[Krestrict[m[K’-qualified argument 1 was declared here
[5.149s]   580 | bool CRTProtocol::GetCapture(const char* pFileName, bool bC3D[01;36m[K)[m[K
[5.150s]       |                                                              [01;36m[K^[m[K
[5.391s] [ 79%] [32m[1mLinking CXX static library libvrpn.a[0m
[5.425s] [ 79%] Built target vrpn
[6.526s] [ 80%] [32m[1mLinking CXX static library libqualisys_cpp_sdk.a[0m
[6.563s] [ 80%] Built target qualisys_cpp_sdk
[8.419s] In file included from [01m[K/home/mocaplab/ros2_ws/src/motion_capture_tracking/motion_capture_tracking/deps/librigidbodytracker/src/rigid_body_tracker.cpp:1[m[K:
[8.419s] [01m[K/home/mocaplab/ros2_ws/src/motion_capture_tracking/motion_capture_tracking/deps/librigidbodytracker/include/librigidbodytracker/rigid_body_tracker.h:[m[K In constructor ‘[01m[Klibrigidbodytracker::RigidBodyTracker::RigidBodyTracker(const std::vector<librigidbodytracker::DynamicsConfiguration>&, const std::vector<boost::shared_ptr<pcl::PointCloud<pcl::PointXYZ> > >&, const std::vector<librigidbodytracker::RigidBody>&)[m[K’:
[8.419s] [01m[K/home/mocaplab/ros2_ws/src/motion_capture_tracking/motion_capture_tracking/deps/librigidbodytracker/include/librigidbodytracker/rigid_body_tracker.h:112:10:[m[K [01;35m[Kwarning: [m[K‘[01m[Klibrigidbodytracker::RigidBodyTracker::m_trackPositionOnly[m[K’ will be initialized after [[01;35m[K]8;;https://gcc.gnu.org/onlinedocs/gcc/Warning-Options.html#index-Wreorder-Wreorder]8;;[m[K]
[8.419s]   112 |     bool [01;35m[Km_trackPositionOnly[m[K;
[8.419s]       |          [01;35m[K^~~~~~~~~~~~~~~~~~~[m[K
[8.419s] [01m[K/home/mocaplab/ros2_ws/src/motion_capture_tracking/motion_capture_tracking/deps/librigidbodytracker/include/librigidbodytracker/rigid_body_tracker.h:110:10:[m[K [01;35m[Kwarning: [m[K  ‘[01m[Kbool librigidbodytracker::RigidBodyTracker::m_initialized[m[K’ [[01;35m[K]8;;https://gcc.gnu.org/onlinedocs/gcc/Warning-Options.html#index-Wreorder-Wreorder]8;;[m[K]
[8.419s]   110 |     bool [01;35m[Km_initialized[m[K;
[8.419s]       |          [01;35m[K^~~~~~~~~~~~~[m[K
[8.419s] [01m[K/home/mocaplab/ros2_ws/src/motion_capture_tracking/motion_capture_tracking/deps/librigidbodytracker/src/rigid_body_tracker.cpp:75:1:[m[K [01;35m[Kwarning: [m[K  when initialized here [[01;35m[K]8;;https://gcc.gnu.org/onlinedocs/gcc/Warning-Options.html#index-Wreorder-Wreorder]8;;[m[K]
[8.419s]    75 | [01;35m[KRigidBodyTracker[m[K::RigidBodyTracker(
[8.419s]       | [01;35m[K^~~~~~~~~~~~~~~~[m[K
[8.429s] [01m[K/home/mocaplab/ros2_ws/src/motion_capture_tracking/motion_capture_tracking/deps/librigidbodytracker/src/rigid_body_tracker.cpp:[m[K In member function ‘[01m[Kbool librigidbodytracker::RigidBodyTracker::initializePose(pcl::PointCloud<pcl::PointXYZ>::ConstPtr)[m[K’:
[8.429s] [01m[K/home/mocaplab/ros2_ws/src/motion_capture_tracking/motion_capture_tracking/deps/librigidbodytracker/src/rigid_body_tracker.cpp:152:21:[m[K [01;35m[Kwarning: [m[Kcomparison of integer expressions of different signedness: ‘[01m[Kint[m[K’ and ‘[01m[Kconst size_t[m[K’ {aka ‘[01m[Kconst long unsigned int[m[K’} [[01;35m[K]8;;https://gcc.gnu.org/onlinedocs/gcc/Warning-Options.html#index-Wsign-compare-Wsign-compare]8;;[m[K]
[8.429s]   152 |   for (int i = 0; [01;35m[Ki < numRigidBodies[m[K; ++i) {
[8.429s]       |                   [01;35m[K~~^~~~~~~~~~~~~~~~[m[K
[8.429s] [01m[K/home/mocaplab/ros2_ws/src/motion_capture_tracking/motion_capture_tracking/deps/librigidbodytracker/src/rigid_body_tracker.cpp:154:27:[m[K [01;35m[Kwarning: [m[Kcomparison of integer expressions of different signedness: ‘[01m[Kint[m[K’ and ‘[01m[Kconst size_t[m[K’ {aka ‘[01m[Kconst long unsigned int[m[K’} [[01;35m[K]8;;https://gcc.gnu.org/onlinedocs/gcc/Warning-Options.html#index-Wsign-compare-Wsign-compare]8;;[m[K]
[8.429s]   154 |     for (int j = i + 1; [01;35m[Kj < numRigidBodies[m[K; ++j) {
[8.429s]       |                         [01;35m[K~~^~~~~~~~~~~~~~~~[m[K
[8.436s] [01m[K/home/mocaplab/ros2_ws/src/motion_capture_tracking/motion_capture_tracking/deps/librigidbodytracker/src/rigid_body_tracker.cpp:165:25:[m[K [01;35m[Kwarning: [m[Kcomparison of integer expressions of different signedness: ‘[01m[Kint[m[K’ and ‘[01m[Kconst size_t[m[K’ {aka ‘[01m[Kconst long unsigned int[m[K’} [[01;35m[K]8;;https://gcc.gnu.org/onlinedocs/gcc/Warning-Options.html#index-Wsign-compare-Wsign-compare]8;;[m[K]
[8.436s]   165 |   for (int iRb = 0; [01;35m[KiRb < numRigidBodies[m[K; ++iRb) {
[8.436s]       |                     [01;35m[K~~~~^~~~~~~~~~~~~~~~[m[K
[8.436s] [01m[K/home/mocaplab/ros2_ws/src/motion_capture_tracking/motion_capture_tracking/deps/librigidbodytracker/src/rigid_body_tracker.cpp:180:16:[m[K [01;35m[Kwarning: [m[Kcomparison of integer expressions of different signedness: ‘[01m[Kint[m[K’ and ‘[01m[Kconst size_t[m[K’ {aka ‘[01m[Kconst long unsigned int[m[K’} [[01;35m[K]8;;https://gcc.gnu.org/onlinedocs/gcc/Warning-Options.html#index-Wsign-compare-Wsign-compare]8;;[m[K]
[8.436s]   180 |     if ([01;35m[KnFound < rbNpts[m[K) {
[8.437s]       |         [01;35m[K~~~~~~~^~~~~~~~[m[K
[8.437s] [01m[K/home/mocaplab/ros2_ws/src/motion_capture_tracking/motion_capture_tracking/deps/librigidbodytracker/src/rigid_body_tracker.cpp:193:23:[m[K [01;35m[Kwarning: [m[Kcomparison of integer expressions of different signedness: ‘[01m[Kint[m[K’ and ‘[01m[Kconst size_t[m[K’ {aka ‘[01m[Kconst long unsigned int[m[K’} [[01;35m[K]8;;https://gcc.gnu.org/onlinedocs/gcc/Warning-Options.html#index-Wsign-compare-Wsign-compare]8;;[m[K]
[8.437s]   193 |     for (int i = 0; [01;35m[Ki < rbNpts[m[K; ++i) {
[8.437s]       |                     [01;35m[K~~^~~~~~~~[m[K
[8.657s] [01m[K/home/mocaplab/ros2_ws/src/motion_capture_tracking/motion_capture_tracking/deps/librigidbodytracker/src/rigid_body_tracker.cpp:[m[K In member function ‘[01m[Kbool librigidbodytracker::RigidBodyTracker::initializePosition(std::chrono::_V2::system_clock::time_point, pcl::PointCloud<pcl::PointXYZ>::ConstPtr)[m[K’:
[8.657s] [01m[K/home/mocaplab/ros2_ws/src/motion_capture_tracking/motion_capture_tracking/deps/librigidbodytracker/src/rigid_body_tracker.cpp:412:8:[m[K [01;35m[Kwarning: [m[Kunused variable ‘[01m[KtotalCost[m[K’ [[01;35m[K]8;;https://gcc.gnu.org/onlinedocs/gcc/Warning-Options.html#index-Wunused-variable-Wunused-variable]8;;[m[K]
[8.657s]   412 |   long [01;35m[KtotalCost[m[K = assignment.solve(solution);
[8.657s]       |        [01;35m[K^~~~~~~~~[m[K
[8.659s] [01m[K/home/mocaplab/ros2_ws/src/motion_capture_tracking/motion_capture_tracking/deps/librigidbodytracker/src/rigid_body_tracker.cpp:[m[K In member function ‘[01m[Kvoid librigidbodytracker::RigidBodyTracker::updatePosition(std::chrono::_V2::system_clock::time_point, pcl::PointCloud<pcl::PointXYZ>::ConstPtr)[m[K’:
[8.659s] [01m[K/home/mocaplab/ros2_ws/src/motion_capture_tracking/motion_capture_tracking/deps/librigidbodytracker/src/rigid_body_tracker.cpp:466:25:[m[K [01;35m[Kwarning: [m[Kcomparison of integer expressions of different signedness: ‘[01m[Kint[m[K’ and ‘[01m[Kconst size_t[m[K’ {aka ‘[01m[Kconst long unsigned int[m[K’} [[01;35m[K]8;;https://gcc.gnu.org/onlinedocs/gcc/Warning-Options.html#index-Wsign-compare-Wsign-compare]8;;[m[K]
[8.659s]   466 |   for (int iRb = 0; [01;35m[KiRb < numRigidBodies[m[K; ++iRb) {
[8.659s]       |                     [01;35m[K~~~~^~~~~~~~~~~~~~~~[m[K
[8.674s] [01m[K/home/mocaplab/ros2_ws/src/motion_capture_tracking/motion_capture_tracking/deps/librigidbodytracker/src/rigid_body_tracker.cpp:521:8:[m[K [01;35m[Kwarning: [m[Kunused variable ‘[01m[KtotalCost[m[K’ [[01;35m[K]8;;https://gcc.gnu.org/onlinedocs/gcc/Warning-Options.html#index-Wunused-variable-Wunused-variable]8;;[m[K]
[8.675s]   521 |   long [01;35m[KtotalCost[m[K = assignment.solve(solution);
[8.675s]       |        [01;35m[K^~~~~~~~~[m[K
[11.427s] [ 82%] [32m[1mLinking CXX static library libViconDataStreamSDK_CPP.a[0m
[11.622s] [ 82%] Built target ViconDataStreamSDK_CPP
[11.634s] [ 88%] [32mBuilding CXX object deps/libmotioncapture/CMakeFiles/libmotioncapture.dir/src/qualisys.cpp.o[0m
[11.634s] [ 88%] [32mBuilding CXX object deps/libmotioncapture/CMakeFiles/libmotioncapture.dir/src/vicon.cpp.o[0m
[11.634s] [ 88%] [32mBuilding CXX object deps/libmotioncapture/CMakeFiles/libmotioncapture.dir/src/testmocap.cpp.o[0m
[11.634s] [ 88%] [32mBuilding CXX object deps/libmotioncapture/CMakeFiles/libmotioncapture.dir/src/fzmotion.cpp.o[0m
[11.634s] [ 90%] [32mBuilding CXX object deps/libmotioncapture/CMakeFiles/libmotioncapture.dir/src/motioncapture.cpp.o[0m
[11.634s] [ 91%] [32mBuilding CXX object deps/libmotioncapture/CMakeFiles/libmotioncapture.dir/src/optitrack.cpp.o[0m
[11.635s] [ 93%] [32mBuilding CXX object deps/libmotioncapture/CMakeFiles/libmotioncapture.dir/src/vrpn.cpp.o[0m
[13.284s] [01m[K/home/mocaplab/ros2_ws/src/motion_capture_tracking/motion_capture_tracking/deps/libmotioncapture/src/optitrack.cpp:[m[K In member function ‘[01m[Kvoid libmotioncapture::MotionCaptureOptitrackImpl::parseModelDef(const char*)[m[K’:
[13.284s] [01m[K/home/mocaplab/ros2_ws/src/motion_capture_tracking/motion_capture_tracking/deps/libmotioncapture/src/optitrack.cpp:66:11:[m[K [01;35m[Kwarning: [m[Kunused variable ‘[01m[Kminor[m[K’ [[01;35m[K]8;;https://gcc.gnu.org/onlinedocs/gcc/Warning-Options.html#index-Wunused-variable-Wunused-variable]8;;[m[K]
[13.284s]    66 |       int [01;35m[Kminor[m[K = versionMinor;
[13.284s]       |           [01;35m[K^~~~~[m[K
[13.292s] [01m[K/home/mocaplab/ros2_ws/src/motion_capture_tracking/motion_capture_tracking/deps/libmotioncapture/src/optitrack.cpp:[m[K In member function ‘[01m[Kvirtual void libmotioncapture::MotionCaptureOptitrack::waitForNextFrame()[m[K’:
[13.292s] [01m[K/home/mocaplab/ros2_ws/src/motion_capture_tracking/motion_capture_tracking/deps/libmotioncapture/src/optitrack.cpp:653:14:[m[K [01;35m[Kwarning: [m[Kunused variable ‘[01m[KbTrackedModelsChanged[m[K’ [[01;35m[K]8;;https://gcc.gnu.org/onlinedocs/gcc/Warning-Options.html#index-Wunused-variable-Wunused-variable]8;;[m[K]
[13.293s]   653 |         bool [01;35m[KbTrackedModelsChanged[m[K = (params & 0x02) != 0;         // 0x02 Actively tracked model list has changed
[13.293s]       |              [01;35m[K^~~~~~~~~~~~~~~~~~~~~[m[K
[13.432s] In file included from [01m[K/usr/include/boost/smart_ptr/detail/sp_thread_sleep.hpp:22[m[K,
[13.432s]                  from [01m[K/usr/include/boost/smart_ptr/detail/yield_k.hpp:23[m[K,
[13.432s]                  from [01m[K/usr/include/boost/smart_ptr/detail/spinlock_gcc_atomic.hpp:14[m[K,
[13.433s]                  from [01m[K/usr/include/boost/smart_ptr/detail/spinlock.hpp:42[m[K,
[13.433s]                  from [01m[K/usr/include/boost/smart_ptr/detail/spinlock_pool.hpp:25[m[K,
[13.433s]                  from [01m[K/usr/include/boost/smart_ptr/shared_ptr.hpp:29[m[K,
[13.433s]                  from [01m[K/usr/include/boost/shared_ptr.hpp:17[m[K,
[13.433s]                  from [01m[K/usr/include/boost/date_time/time_clock.hpp:17[m[K,
[13.433s]                  from [01m[K/usr/include/boost/date_time/posix_time/posix_time_types.hpp:10[m[K,
[13.433s]                  from [01m[K/usr/include/boost/asio/time_traits.hpp:23[m[K,
[13.433s]                  from [01m[K/usr/include/boost/asio/detail/timer_queue_ptime.hpp:22[m[K,
[13.433s]                  from [01m[K/usr/include/boost/asio/detail/deadline_timer_service.hpp:29[m[K,
[13.433s]                  from [01m[K/usr/include/boost/asio/basic_deadline_timer.hpp:25[m[K,
[13.433s]                  from [01m[K/usr/include/boost/asio.hpp:25[m[K,
[13.433s]                  from [01m[K/home/mocaplab/ros2_ws/src/motion_capture_tracking/motion_capture_tracking/deps/libmotioncapture/include/libmotioncapture/fzmotion.h:7[m[K,
[13.433s]                  from [01m[K/home/mocaplab/ros2_ws/src/motion_capture_tracking/motion_capture_tracking/deps/libmotioncapture/src/fzmotion.cpp:1[m[K:
[13.433s] [01m[K/usr/include/boost/bind.hpp:36:1:[m[K [01;36m[Knote: [m[K‘[01m[K#pragma message: The practice of declaring the Bind placeholders (_1, _2, ...) in the global namespace is deprecated. Please use <boost/bind/bind.hpp> + using namespace boost::placeholders, or define BOOST_BIND_GLOBAL_PLACEHOLDERS to retain the current behavior.[m[K’
[13.433s]    36 | [01;36m[KBOOST_PRAGMA_MESSAGE[m[K(
[13.434s]       | [01;36m[K^~~~~~~~~~~~~~~~~~~~[m[K
[13.449s] In file included from [01m[K/home/mocaplab/ros2_ws/src/motion_capture_tracking/motion_capture_tracking/deps/libmotioncapture/src/fzmotion.cpp:1[m[K:
[13.450s] [01m[K/home/mocaplab/ros2_ws/src/motion_capture_tracking/motion_capture_tracking/deps/libmotioncapture/include/libmotioncapture/fzmotion.h:133:32:[m[K [01;35m[Kwarning: [m[KISO C++ prohibits anonymous structs [[01;35m[K]8;;https://gcc.gnu.org/onlinedocs/gcc/Warning-Options.html#index-Wpedantic-Wpedantic]8;;[m[K]
[13.450s]   133 |                         struct [01;35m[K{[m[K uint8 v1; uint8 v2; uint8 v3; uint8 v4; };
[13.450s]       |                                [01;35m[K^[m[K
[13.450s] [01m[K/home/mocaplab/ros2_ws/src/motion_capture_tracking/motion_capture_tracking/deps/libmotioncapture/include/libmotioncapture/fzmotion.h:138:32:[m[K [01;35m[Kwarning: [m[KISO C++ prohibits anonymous structs [[01;35m[K]8;;https://gcc.gnu.org/onlinedocs/gcc/Warning-Options.html#index-Wpedantic-Wpedantic]8;;[m[K]
[13.450s]   138 |                         struct [01;35m[K{[m[K uint8 v1; uint8 v2; uint8 v3; uint8 v4; };
[13.450s]       |                                [01;35m[K^[m[K
[13.450s] [01m[K/home/mocaplab/ros2_ws/src/motion_capture_tracking/motion_capture_tracking/deps/libmotioncapture/include/libmotioncapture/fzmotion.h:145:32:[m[K [01;35m[Kwarning: [m[KISO C++ prohibits anonymous structs [[01;35m[K]8;;https://gcc.gnu.org/onlinedocs/gcc/Warning-Options.html#index-Wpedantic-Wpedantic]8;;[m[K]
[13.450s]   145 |                         struct [01;35m[K{[m[K octet h1; octet h2; octet l1; octet l2; };
[13.450s]       |                                [01;35m[K^[m[K
[13.466s] [01m[K/home/mocaplab/ros2_ws/src/motion_capture_tracking/motion_capture_tracking/deps/libmotioncapture/include/libmotioncapture/fzmotion.h:[m[K In constructor ‘[01m[Klibmotioncapture::MotionCaptureFZMotion::MotionCaptureFZMotion(const string&, int, const string&, int)[m[K’:
[13.466s] [01m[K/home/mocaplab/ros2_ws/src/motion_capture_tracking/motion_capture_tracking/deps/libmotioncapture/include/libmotioncapture/fzmotion.h:165:29:[m[K [01;35m[Kwarning: [m[K‘[01m[Klibmotioncapture::MotionCaptureFZMotion::m_ConnectionSocket[m[K’ will be initialized after [[01;35m[K]8;;https://gcc.gnu.org/onlinedocs/gcc/Warning-Options.html#index-Wreorder-Wreorder]8;;[m[K]
[13.466s]   165 |                 udp::socket [01;35m[Km_ConnectionSocket[m[K;
[13.466s]       |                             [01;35m[K^~~~~~~~~~~~~~~~~~[m[K
[13.466s] [01m[K/home/mocaplab/ros2_ws/src/motion_capture_tracking/motion_capture_tracking/deps/libmotioncapture/include/libmotioncapture/fzmotion.h:164:29:[m[K [01;35m[Kwarning: [m[K  ‘[01m[Kboost::asio::ip::udp::socket libmotioncapture::MotionCaptureFZMotion::m_TransmissionSocket[m[K’ [[01;35m[K]8;;https://gcc.gnu.org/onlinedocs/gcc/Warning-Options.html#index-Wreorder-Wreorder]8;;[m[K]
[13.466s]   164 |                 udp::socket [01;35m[Km_TransmissionSocket[m[K;
[13.466s]       |                             [01;35m[K^~~~~~~~~~~~~~~~~~~~[m[K
[13.466s] [01m[K/home/mocaplab/ros2_ws/src/motion_capture_tracking/motion_capture_tracking/deps/libmotioncapture/src/fzmotion.cpp:5:5:[m[K [01;35m[Kwarning: [m[K  when initialized here [[01;35m[K]8;;https://gcc.gnu.org/onlinedocs/gcc/Warning-Options.html#index-Wreorder-Wreorder]8;;[m[K]
[13.466s]     5 |     [01;35m[KMotionCaptureFZMotion[m[K::MotionCaptureFZMotion(
[13.466s]       |     [01;35m[K^~~~~~~~~~~~~~~~~~~~~[m[K
[13.493s] [01m[K/home/mocaplab/ros2_ws/src/motion_capture_tracking/motion_capture_tracking/deps/libmotioncapture/src/fzmotion.cpp:[m[K In member function ‘[01m[Kvoid libmotioncapture::MotionCaptureFZMotion::receiveFrameData()[m[K’:
[13.493s] [01m[K/home/mocaplab/ros2_ws/src/motion_capture_tracking/motion_capture_tracking/deps/libmotioncapture/src/fzmotion.cpp:297:9:[m[K [01;35m[Kwarning: [m[Klabel ‘[01m[Kboost[m[K’ defined but not used [[01;35m[K]8;;https://gcc.gnu.org/onlinedocs/gcc/Warning-Options.html#index-Wunused-label-Wunused-label]8;;[m[K]
[13.493s]   297 |         [01;35m[Kboost[m[K:system::error_code ec;
[13.493s]       |         [01;35m[K^~~~~[m[K
[13.498s] [01m[K/home/mocaplab/ros2_ws/src/motion_capture_tracking/motion_capture_tracking/deps/libmotioncapture/src/fzmotion.cpp:[m[K In member function ‘[01m[Kvirtual const PointCloud& libmotioncapture::MotionCaptureFZMotion::pointCloud() const[m[K’:
[13.498s] [01m[K/home/mocaplab/ros2_ws/src/motion_capture_tracking/motion_capture_tracking/deps/libmotioncapture/src/fzmotion.cpp:416:32:[m[K [01;35m[Kwarning: [m[Kcomparison of integer expressions of different signedness: ‘[01m[KEigen::EigenBase<Eigen::Matrix<float, -1, 3, 1> >::Index[m[K’ {aka ‘[01m[Klong int[m[K’} and ‘[01m[Kstd::vector<libmotioncapture::LMarker>::size_type[m[K’ {aka ‘[01m[Klong unsigned int[m[K’} [[01;35m[K]8;;https://gcc.gnu.org/onlinedocs/gcc/Warning-Options.html#index-Wsign-compare-Wsign-compare]8;;[m[K]
[13.499s]   416 |         if ([01;35m[Kpointcloud_.size() != this->m_vctMarkData.size()[m[K) {
[13.499s]       |             [01;35m[K~~~~~~~~~~~~~~~~~~~^~~~~~~~~~~~~~~~~~~~~~~~~~~~~[m[K
[15.067s] [ 95%] [32m[1mLinking CXX static library liblibmotioncapture.a[0m
[15.130s] [ 95%] Built target libmotioncapture
[18.380s] [ 96%] [32m[1mLinking CXX static library liblibrigidbodytracker.a[0m
[18.452s] [ 96%] Built target librigidbodytracker
[18.464s] [ 98%] [32mBuilding CXX object CMakeFiles/motion_capture_tracking_node.dir/src/motion_capture_tracking_node.cpp.o[0m
[27.567s] [100%] [32m[1mLinking CXX executable motion_capture_tracking_node[0m
[30.072s] [100%] Built target motion_capture_tracking_node
[30.082s] Invoked command in '/home/mocaplab/ros2_ws/build/motion_capture_tracking' returned '0': AMENT_PREFIX_PATH=/home/mocaplab/ros2_ws/install/motion_capture_tracking_interfaces:${AMENT_PREFIX_PATH} CMAKE_PREFIX_PATH=/home/mocaplab/ros2_ws/install/motion_capture_tracking_interfaces:/opt/ros/humble LD_LIBRARY_PATH=/home/mocaplab/ros2_ws/install/motion_capture_tracking_interfaces/lib:${LD_LIBRARY_PATH} PYTHONPATH=/home/mocaplab/ros2_ws/install/motion_capture_tracking_interfaces/local/lib/python3.10/dist-packages:${PYTHONPATH} /usr/bin/cmake --build /home/mocaplab/ros2_ws/build/motion_capture_tracking -- -j16 -l16
[30.104s] Invoking command in '/home/mocaplab/ros2_ws/build/motion_capture_tracking': AMENT_PREFIX_PATH=/home/mocaplab/ros2_ws/install/motion_capture_tracking_interfaces:${AMENT_PREFIX_PATH} CMAKE_PREFIX_PATH=/home/mocaplab/ros2_ws/install/motion_capture_tracking_interfaces:/opt/ros/humble LD_LIBRARY_PATH=/home/mocaplab/ros2_ws/install/motion_capture_tracking_interfaces/lib:${LD_LIBRARY_PATH} PYTHONPATH=/home/mocaplab/ros2_ws/install/motion_capture_tracking_interfaces/local/lib/python3.10/dist-packages:${PYTHONPATH} /usr/bin/cmake --install /home/mocaplab/ros2_ws/build/motion_capture_tracking
[30.108s] -- Install configuration: ""
[30.108s] -- Execute custom install script
[30.108s] -- Symlinking: /home/mocaplab/ros2_ws/install/motion_capture_tracking/lib/motion_capture_tracking/motion_capture_tracking_node
[30.113s] -- Symlinking: /home/mocaplab/ros2_ws/install/motion_capture_tracking/share/motion_capture_tracking//launch/launch.py
[30.117s] -- Symlinking: /home/mocaplab/ros2_ws/install/motion_capture_tracking/share/motion_capture_tracking//launch/node.launch
[30.120s] -- Symlinking: /home/mocaplab/ros2_ws/install/motion_capture_tracking/share/motion_capture_tracking//config/cfg.yaml
[30.124s] -- Symlinking: /home/mocaplab/ros2_ws/install/motion_capture_tracking/share/motion_capture_tracking//config/rviz.rviz
[30.128s] -- Symlinking: /home/mocaplab/ros2_ws/install/motion_capture_tracking/share/ament_index/resource_index/package_run_dependencies/motion_capture_tracking
[30.132s] -- Symlinking: /home/mocaplab/ros2_ws/install/motion_capture_tracking/share/ament_index/resource_index/parent_prefix_path/motion_capture_tracking
[30.136s] -- Symlinking: /home/mocaplab/ros2_ws/install/motion_capture_tracking/share/motion_capture_tracking/environment/ament_prefix_path.sh
[30.140s] -- Symlinking: /home/mocaplab/ros2_ws/install/motion_capture_tracking/share/motion_capture_tracking/environment/ament_prefix_path.dsv
[30.143s] -- Symlinking: /home/mocaplab/ros2_ws/install/motion_capture_tracking/share/motion_capture_tracking/environment/path.sh
[30.147s] -- Symlinking: /home/mocaplab/ros2_ws/install/motion_capture_tracking/share/motion_capture_tracking/environment/path.dsv
[30.151s] -- Symlinking: /home/mocaplab/ros2_ws/install/motion_capture_tracking/share/motion_capture_tracking/local_setup.bash
[30.155s] -- Symlinking: /home/mocaplab/ros2_ws/install/motion_capture_tracking/share/motion_capture_tracking/local_setup.sh
[30.158s] -- Symlinking: /home/mocaplab/ros2_ws/install/motion_capture_tracking/share/motion_capture_tracking/local_setup.zsh
[30.162s] -- Symlinking: /home/mocaplab/ros2_ws/install/motion_capture_tracking/share/motion_capture_tracking/local_setup.dsv
[30.166s] -- Symlinking: /home/mocaplab/ros2_ws/install/motion_capture_tracking/share/motion_capture_tracking/package.dsv
[30.170s] -- Symlinking: /home/mocaplab/ros2_ws/install/motion_capture_tracking/share/ament_index/resource_index/packages/motion_capture_tracking
[30.174s] -- Symlinking: /home/mocaplab/ros2_ws/install/motion_capture_tracking/share/motion_capture_tracking/cmake/motion_capture_trackingConfig.cmake
[30.177s] -- Symlinking: /home/mocaplab/ros2_ws/install/motion_capture_tracking/share/motion_capture_tracking/cmake/motion_capture_trackingConfig-version.cmake
[30.181s] -- Symlinking: /home/mocaplab/ros2_ws/install/motion_capture_tracking/share/motion_capture_tracking/package.xml
[30.187s] Invoked command in '/home/mocaplab/ros2_ws/build/motion_capture_tracking' returned '0': AMENT_PREFIX_PATH=/home/mocaplab/ros2_ws/install/motion_capture_tracking_interfaces:${AMENT_PREFIX_PATH} CMAKE_PREFIX_PATH=/home/mocaplab/ros2_ws/install/motion_capture_tracking_interfaces:/opt/ros/humble LD_LIBRARY_PATH=/home/mocaplab/ros2_ws/install/motion_capture_tracking_interfaces/lib:${LD_LIBRARY_PATH} PYTHONPATH=/home/mocaplab/ros2_ws/install/motion_capture_tracking_interfaces/local/lib/python3.10/dist-packages:${PYTHONPATH} /usr/bin/cmake --install /home/mocaplab/ros2_ws/build/motion_capture_tracking
